2026-02-12 13:30:09,576 WARNING market_roll_gap series=KXSOL15M err=no_active_markets_for_series=KXSOL15M
2026-02-12 13:30:10,128 INFO position_baseline_set scope=delta_from_start gross=140 net=140
2026-02-12 13:30:16,209 WARNING market_roll_gap series=KXSOL15M err=no_active_markets_for_series=KXSOL15M
2026-02-12 13:30:22,298 INFO market_roll old=NONE new=KXSOL15M-26FEB121345-45
2026-02-12 13:30:24,513 INFO mm_toxic_regime ticker=KXSOL15M-26FEB121345-45 regime=widen imbalance=0.700 depth_ratio=5.67 mid_move=0.00
2026-02-12 13:30:24,569 INFO performance_write path=/Users/adamcarrington/Documents/3.0 bot/kalshi bot 2.10.26/logs/performance_mm_live_tiny3_v2_sol.json payload={"as_of":"2026-02-12T18:30:24Z","ticker":"KXSOL15M-26FEB121345-45","series_ticker":"KXSOL15M","window_minutes":15,"wins":0,"losses":0,"fill_count":0,"slippage_cents":0.0,"adverse_selection_count":0,"adverse_selection_total":0,"adverse_selection_rate":0.0,"last_real_yes_probability":0.56,"last_kalshi_implied_yes_probability":0.56,"edge_threshold":0.0,"order_attempts":0,"order_failures":0,"last_401_epoch":0.0,"regime":"mm","microstructure":{"spread_yes":4,"spread_no":4,"imbalance":-0.7,"yes_depth":51,"no_depth":289,"pinned_state":false,"zero_spread_state":false,"book_age_seconds":0.11432909965515137,"book_stale_seconds":0.11420798301696777},"reference":{"source":"","last_error":"","spot_price":null,"perp_price":null,"coinbase_price":null,"kraken_price":null,"cross_exchange_diff_pct":0.0,"fla
2026-02-12 13:30:30,596 WARNING mm_toxic_pause ticker=KXSOL15M-26FEB121345-45 pause=2.0s imbalance=0.952 depth_ratio=40.91 mid_move=1.50 spreads=2/2 triggers=move:0 imbalance:1 depth:1
2026-02-12 13:30:30,596 INFO mm_toxic_regime ticker=KXSOL15M-26FEB121345-45 regime=pause imbalance=0.952 depth_ratio=40.91 mid_move=1.50
2026-02-12 13:30:32,667 INFO mm_toxic_regime ticker=KXSOL15M-26FEB121345-45 regime=normal imbalance=0.014 depth_ratio=1.03 mid_move=0.00
2026-02-12 13:30:32,993 INFO mm_quote ticker=KXSOL15M-26FEB121345-45 side=no action=buy count=1 price=40 post_only=1 order_response={"order":{"action":"buy","client_order_id":"MM-KXSOL15M-26FEB121345-45-B-N-0a7f4ee88c","created_time":"2026-02-12T18:30:32.981841Z","expiration_time":null,"fill_count":0,"fill_count_fp":"0.00","initial_count":1,"initial_count_fp":"1.00","last_update_time":"2026-02-12T18:30:32.981841Z","maker_fees":0,"maker_fill_cost":0,"maker_fill_cost_dollars":"","no_price":40,"no_price_dollars":"0.4000","order_group_id":null,"order_id":"c9823969-34e8-474f-81c4-8b320bac5ab2","queue_position":0,"remaining_count":1,"remaining_count_fp":"1.00","side":"no","status":"resting","subaccount_number":0,"taker_fees":0,"taker_fill_cost":0,"taker_fill_cost_dollars":"","ticker":"KXSOL15M-26FEB121345-45","type":"limit","user_id":"9527e599-009b-4f8e-9db2-774476f31dd7","yes_price":60,"yes_price_dollars":"0.6000"}}
2026-02-12 13:30:34,749 INFO mm_quote ticker=KXSOL15M-26FEB121345-45 side=no action=buy count=1 price=42 post_only=1 order_response={"order":{"action":"buy","client_order_id":"MM-KXSOL15M-26FEB121345-45-B-N-2045dc8dc0","created_time":"2026-02-12T18:30:34.734124Z","expiration_time":null,"fill_count":0,"fill_count_fp":"0.00","initial_count":1,"initial_count_fp":"1.00","last_update_time":"2026-02-12T18:30:34.734124Z","maker_fees":0,"maker_fill_cost":0,"maker_fill_cost_dollars":"","no_price":42,"no_price_dollars":"0.4200","order_group_id":null,"order_id":"2101e5db-48bb-40f5-92f6-1e0113912cb7","queue_position":0,"remaining_count":1,"remaining_count_fp":"1.00","side":"no","status":"resting","subaccount_number":0,"taker_fees":0,"taker_fill_cost":0,"taker_fill_cost_dollars":"","ticker":"KXSOL15M-26FEB121345-45","type":"limit","user_id":"9527e599-009b-4f8e-9db2-774476f31dd7","yes_price":58,"yes_price_dollars":"0.5800"}}
2026-02-12 13:30:42,433 INFO mm_quote ticker=KXSOL15M-26FEB121345-45 side=no action=buy count=1 price=46 post_only=1 order_response={"order":{"action":"buy","client_order_id":"MM-KXSOL15M-26FEB121345-45-B-N-162389d139","created_time":"2026-02-12T18:30:42.422909Z","expiration_time":null,"fill_count":0,"fill_count_fp":"0.00","initial_count":1,"initial_count_fp":"1.00","last_update_time":"2026-02-12T18:30:42.422909Z","maker_fees":0,"maker_fill_cost":0,"maker_fill_cost_dollars":"","no_price":46,"no_price_dollars":"0.4600","order_group_id":null,"order_id":"a1b9a9cb-7ce1-479c-9d83-c4e5f9538c60","queue_position":0,"remaining_count":1,"remaining_count_fp":"1.00","side":"no","status":"resting","subaccount_number":0,"taker_fees":0,"taker_fill_cost":0,"taker_fill_cost_dollars":"","ticker":"KXSOL15M-26FEB121345-45","type":"limit","user_id":"9527e599-009b-4f8e-9db2-774476f31dd7","yes_price":54,"yes_price_dollars":"0.5400"}}
2026-02-12 13:30:45,094 WARNING mm_toxic_pause ticker=KXSOL15M-26FEB121345-45 pause=2.0s imbalance=0.960 depth_ratio=49.36 mid_move=0.50 spreads=1/1 triggers=move:0 imbalance:1 depth:1
2026-02-12 13:30:45,094 INFO mm_toxic_regime ticker=KXSOL15M-26FEB121345-45 regime=pause imbalance=0.960 depth_ratio=49.36 mid_move=0.50
2026-02-12 13:30:46,095 INFO mm_toxic_regime ticker=KXSOL15M-26FEB121345-45 regime=normal imbalance=0.010 depth_ratio=1.02 mid_move=2.50
2026-02-12 13:30:46,095 INFO mm_toxic_hold ticker=KXSOL15M-26FEB121345-45 pause_left=1.00s
2026-02-12 13:30:47,813 INFO mm_quote ticker=KXSOL15M-26FEB121345-45 side=no action=buy count=1 price=42 post_only=1 order_response={"order":{"action":"buy","client_order_id":"MM-KXSOL15M-26FEB121345-45-B-N-46d3282794","created_time":"2026-02-12T18:30:47.801929Z","expiration_time":null,"fill_count":0,"fill_count_fp":"0.00","initial_count":1,"initial_count_fp":"1.00","last_update_time":"2026-02-12T18:30:47.801929Z","maker_fees":0,"maker_fill_cost":0,"maker_fill_cost_dollars":"","no_price":42,"no_price_dollars":"0.4200","order_group_id":null,"order_id":"cf8cfa74-7985-45a7-86a7-5b8cbae1508e","queue_position":0,"remaining_count":1,"remaining_count_fp":"1.00","side":"no","status":"resting","subaccount_number":0,"taker_fees":0,"taker_fill_cost":0,"taker_fill_cost_dollars":"","ticker":"KXSOL15M-26FEB121345-45","type":"limit","user_id":"9527e599-009b-4f8e-9db2-774476f31dd7","yes_price":58,"yes_price_dollars":"0.5800"}}
2026-02-12 13:30:54,135 INFO mm_toxic_regime ticker=KXSOL15M-26FEB121345-45 regime=skew imbalance=0.894 depth_ratio=17.86 mid_move=1.50
2026-02-12 13:30:56,509 INFO mm_toxic_regime ticker=KXSOL15M-26FEB121345-45 regime=normal imbalance=0.006 depth_ratio=1.01 mid_move=0.00
2026-02-12 13:30:57,598 INFO mm_quote ticker=KXSOL15M-26FEB121345-45 side=no action=buy count=1 price=45 post_only=1 order_response={"order":{"action":"buy","client_order_id":"MM-KXSOL15M-26FEB121345-45-B-N-b06d05e992","created_time":"2026-02-12T18:30:57.574761Z","expiration_time":null,"fill_count":0,"fill_count_fp":"0.00","initial_count":1,"initial_count_fp":"1.00","last_update_time":"2026-02-12T18:30:57.574761Z","maker_fees":0,"maker_fill_cost":0,"maker_fill_cost_dollars":"","no_price":45,"no_price_dollars":"0.4500","order_group_id":null,"order_id":"0c85be44-c4eb-4c24-b2b1-81e533a5fe72","queue_position":0,"remaining_count":1,"remaining_count_fp":"1.00","side":"no","status":"resting","subaccount_number":0,"taker_fees":0,"taker_fill_cost":0,"taker_fill_cost_dollars":"","ticker":"KXSOL15M-26FEB121345-45","type":"limit","user_id":"9527e599-009b-4f8e-9db2-774476f31dd7","yes_price":55,"yes_price_dollars":"0.5500"}}
2026-02-12 13:31:02,246 INFO mm_toxic_regime ticker=KXSOL15M-26FEB121345-45 regime=skew imbalance=0.941 depth_ratio=33.15 mid_move=4.00
2026-02-12 13:31:03,287 INFO mm_toxic_regime ticker=KXSOL15M-26FEB121345-45 regime=normal imbalance=0.004 depth_ratio=1.01 mid_move=0.50
2026-02-12 13:31:07,307 INFO mm_toxic_regime ticker=KXSOL15M-26FEB121345-45 regime=skew imbalance=0.870 depth_ratio=14.43 mid_move=0.50
2026-02-12 13:31:16,452 INFO mm_toxic_regime ticker=KXSOL15M-26FEB121345-45 regime=normal imbalance=0.048 depth_ratio=1.10 mid_move=1.50
2026-02-12 13:31:19,465 WARNING mm_toxic_pause ticker=KXSOL15M-26FEB121345-45 pause=2.0s imbalance=0.874 depth_ratio=14.85 mid_move=0.00 spreads=1/1 triggers=move:0 imbalance:1 depth:1
2026-02-12 13:31:19,465 INFO mm_toxic_regime ticker=KXSOL15M-26FEB121345-45 regime=pause imbalance=0.874 depth_ratio=14.85 mid_move=0.00
2026-02-12 13:31:21,473 INFO mm_toxic_regime ticker=KXSOL15M-26FEB121345-45 regime=normal imbalance=0.003 depth_ratio=1.01 mid_move=0.00
2026-02-12 13:31:21,474 INFO mm_toxic_regime ticker=KXSOL15M-26FEB121345-45 regime=skew imbalance=0.879 depth_ratio=15.52 mid_move=0.50
2026-02-12 13:31:27,489 INFO mm_toxic_regime ticker=KXSOL15M-26FEB121345-45 regime=normal imbalance=0.002 depth_ratio=1.00 mid_move=1.00
2026-02-12 13:31:29,876 INFO mm_toxic_regime ticker=KXSOL15M-26FEB121345-45 regime=skew imbalance=0.941 depth_ratio=32.66 mid_move=0.50
2026-02-12 13:31:30,918 INFO mm_toxic_regime ticker=KXSOL15M-26FEB121345-45 regime=normal imbalance=0.019 depth_ratio=1.04 mid_move=0.50
2026-02-12 13:31:34,227 INFO mm_quote ticker=KXSOL15M-26FEB121345-45 side=yes action=buy count=1 price=42 post_only=1 order_response={"order":{"action":"buy","client_order_id":"MM-KXSOL15M-26FEB121345-45-B-Y-68fea0b3eb","created_time":"2026-02-12T18:31:34.214484Z","expiration_time":null,"fill_count":0,"fill_count_fp":"0.00","initial_count":1,"initial_count_fp":"1.00","last_update_time":"2026-02-12T18:31:34.214484Z","maker_fees":0,"maker_fill_cost":0,"maker_fill_cost_dollars":"","no_price":58,"no_price_dollars":"0.5800","order_group_id":null,"order_id":"5ff45e02-d8ef-4215-9421-b4fdfafa30e6","queue_position":0,"remaining_count":1,"remaining_count_fp":"1.00","side":"yes","status":"resting","subaccount_number":0,"taker_fees":0,"taker_fill_cost":0,"taker_fill_cost_dollars":"","ticker":"KXSOL15M-26FEB121345-45","type":"limit","user_id":"9527e599-009b-4f8e-9db2-774476f31dd7","yes_price":42,"yes_price_dollars":"0.4200"}}
2026-02-12 13:31:34,227 WARNING mm_toxic_pause ticker=KXSOL15M-26FEB121345-45 pause=2.0s imbalance=0.864 depth_ratio=13.72 mid_move=1.50 spreads=2/2 triggers=move:0 imbalance:1 depth:1
2026-02-12 13:31:34,227 INFO mm_toxic_regime ticker=KXSOL15M-26FEB121345-45 regime=pause imbalance=0.864 depth_ratio=13.72 mid_move=1.50
2026-02-12 13:31:35,630 INFO mm_toxic_regime ticker=KXSOL15M-26FEB121345-45 regime=normal imbalance=0.000 depth_ratio=1.00 mid_move=0.00
2026-02-12 13:31:35,631 INFO mm_toxic_hold ticker=KXSOL15M-26FEB121345-45 pause_left=0.60s
2026-02-12 13:31:37,294 INFO mm_quote ticker=KXSOL15M-26FEB121345-45 side=yes action=buy count=1 price=44 post_only=1 order_response={"order":{"action":"buy","client_order_id":"MM-KXSOL15M-26FEB121345-45-B-Y-28738c9a41","created_time":"2026-02-12T18:31:37.281216Z","expiration_time":null,"fill_count":0,"fill_count_fp":"0.00","initial_count":1,"initial_count_fp":"1.00","last_update_time":"2026-02-12T18:31:37.281216Z","maker_fees":0,"maker_fill_cost":0,"maker_fill_cost_dollars":"","no_price":56,"no_price_dollars":"0.5600","order_group_id":null,"order_id":"a633b452-1c20-4fec-85ea-4c95e3cbb08b","queue_position":0,"remaining_count":1,"remaining_count_fp":"1.00","side":"yes","status":"resting","subaccount_number":0,"taker_fees":0,"taker_fill_cost":0,"taker_fill_cost_dollars":"","ticker":"KXSOL15M-26FEB121345-45","type":"limit","user_id":"9527e599-009b-4f8e-9db2-774476f31dd7","yes_price":44,"yes_price_dollars":"0.4400"}}
2026-02-12 13:31:40,308 INFO mm_toxic_regime ticker=KXSOL15M-26FEB121345-45 regime=skew imbalance=0.942 depth_ratio=33.51 mid_move=1.00
2026-02-12 13:31:42,040 WARNING mm_toxic_pause ticker=KXSOL15M-26FEB121345-45 pause=2.0s imbalance=0.942 depth_ratio=33.26 mid_move=0.50 spreads=2/2 triggers=move:0 imbalance:1 depth:1
2026-02-12 13:31:42,041 INFO mm_toxic_regime ticker=KXSOL15M-26FEB121345-45 regime=pause imbalance=0.942 depth_ratio=33.26 mid_move=0.50
2026-02-12 13:31:42,683 INFO mm_toxic_regime ticker=KXSOL15M-26FEB121345-45 regime=normal imbalance=0.019 depth_ratio=1.04 mid_move=1.50
2026-02-12 13:31:43,422 INFO mm_toxic_regime ticker=KXSOL15M-26FEB121345-45 regime=skew imbalance=0.869 depth_ratio=14.32 mid_move=0.50
2026-02-12 13:31:43,422 INFO mm_toxic_hold ticker=KXSOL15M-26FEB121345-45 pause_left=0.62s
2026-02-12 13:31:44,441 INFO mm_toxic_regime ticker=KXSOL15M-26FEB121345-45 regime=normal imbalance=0.019 depth_ratio=1.04 mid_move=3.00
2026-02-12 13:31:44,761 INFO mm_quote ticker=KXSOL15M-26FEB121345-45 side=yes action=buy count=1 price=44 post_only=1 order_response={"order":{"action":"buy","client_order_id":"MM-KXSOL15M-26FEB121345-45-B-Y-a2b1cb9ec3","created_time":"2026-02-12T18:31:44.749264Z","expiration_time":null,"fill_count":0,"fill_count_fp":"0.00","initial_count":1,"initial_count_fp":"1.00","last_update_time":"2026-02-12T18:31:44.749264Z","maker_fees":0,"maker_fill_cost":0,"maker_fill_cost_dollars":"","no_price":56,"no_price_dollars":"0.5600","order_group_id":null,"order_id":"5a635ceb-dfdb-459b-bfce-df36cdf13c79","queue_position":0,"remaining_count":1,"remaining_count_fp":"1.00","side":"yes","status":"resting","subaccount_number":0,"taker_fees":0,"taker_fill_cost":0,"taker_fill_cost_dollars":"","ticker":"KXSOL15M-26FEB121345-45","type":"limit","user_id":"9527e599-009b-4f8e-9db2-774476f31dd7","yes_price":44,"yes_price_dollars":"0.4400"}}
2026-02-12 13:31:45,778 INFO mm_toxic_regime ticker=KXSOL15M-26FEB121345-45 regime=widen imbalance=0.398 depth_ratio=2.32 mid_move=1.50
2026-02-12 13:31:46,779 INFO mm_toxic_regime ticker=KXSOL15M-26FEB121345-45 regime=normal imbalance=0.019 depth_ratio=1.04 mid_move=1.50
2026-02-12 13:31:47,443 INFO mm_toxic_regime ticker=KXSOL15M-26FEB121345-45 regime=skew imbalance=0.869 depth_ratio=14.29 mid_move=1.00
2026-02-12 13:31:48,418 INFO mm_toxic_regime ticker=KXSOL15M-26FEB121345-45 regime=normal imbalance=0.019 depth_ratio=1.04 mid_move=1.00
2026-02-12 13:31:49,453 INFO mm_toxic_regime ticker=KXSOL15M-26FEB121345-45 regime=skew imbalance=0.872 depth_ratio=14.65 mid_move=2.00
2026-02-12 13:31:52,468 INFO mm_toxic_regime ticker=KXSOL15M-26FEB121345-45 regime=normal imbalance=0.014 depth_ratio=1.03 mid_move=0.00
2026-02-12 13:31:52,794 INFO mm_quote ticker=KXSOL15M-26FEB121345-45 side=yes action=buy count=1 price=37 post_only=1 order_response={"order":{"action":"buy","client_order_id":"MM-KXSOL15M-26FEB121345-45-B-Y-594797b88a","created_time":"2026-02-12T18:31:52.782347Z","expiration_time":null,"fill_count":0,"fill_count_fp":"0.00","initial_count":1,"initial_count_fp":"1.00","last_update_time":"2026-02-12T18:31:52.782347Z","maker_fees":0,"maker_fill_cost":0,"maker_fill_cost_dollars":"","no_price":63,"no_price_dollars":"0.6300","order_group_id":null,"order_id":"166fa8b4-17b5-4f6f-b470-b156f145fdcb","queue_position":0,"remaining_count":1,"remaining_count_fp":"1.00","side":"yes","status":"resting","subaccount_number":0,"taker_fees":0,"taker_fill_cost":0,"taker_fill_cost_dollars":"","ticker":"KXSOL15M-26FEB121345-45","type":"limit","user_id":"9527e599-009b-4f8e-9db2-774476f31dd7","yes_price":37,"yes_price_dollars":"0.3700"}}
2026-02-12 13:31:53,156 INFO mm_toxic_regime ticker=KXSOL15M-26FEB121345-45 regime=skew imbalance=0.937 depth_ratio=30.74 mid_move=0.50
2026-02-12 13:31:55,559 INFO mm_toxic_regime ticker=KXSOL15M-26FEB121345-45 regime=normal imbalance=0.023 depth_ratio=1.05 mid_move=0.00
2026-02-12 13:31:56,565 INFO mm_toxic_regime ticker=KXSOL15M-26FEB121345-45 regime=skew imbalance=0.866 depth_ratio=13.88 mid_move=1.00
2026-02-12 13:32:00,571 INFO mm_toxic_regime ticker=KXSOL15M-26FEB121345-45 regime=normal imbalance=0.246 depth_ratio=1.65 mid_move=2.50
2026-02-12 13:32:00,928 INFO mm_quote ticker=KXSOL15M-26FEB121345-45 side=yes action=buy count=1 price=37 post_only=1 order_response={"order":{"action":"buy","client_order_id":"MM-KXSOL15M-26FEB121345-45-B-Y-cc727528d5","created_time":"2026-02-12T18:32:00.916539Z","expiration_time":null,"fill_count":0,"fill_count_fp":"0.00","initial_count":1,"initial_count_fp":"1.00","last_update_time":"2026-02-12T18:32:00.916539Z","maker_fees":0,"maker_fill_cost":0,"maker_fill_cost_dollars":"","no_price":63,"no_price_dollars":"0.6300","order_group_id":null,"order_id":"416fab30-0597-4c03-b627-a45f4004b259","queue_position":0,"remaining_count":1,"remaining_count_fp":"1.00","side":"yes","status":"resting","subaccount_number":0,"taker_fees":0,"taker_fill_cost":0,"taker_fill_cost_dollars":"","ticker":"KXSOL15M-26FEB121345-45","type":"limit","user_id":"9527e599-009b-4f8e-9db2-774476f31dd7","yes_price":37,"yes_price_dollars":"0.3700"}}
2026-02-12 13:32:01,584 INFO mm_toxic_regime ticker=KXSOL15M-26FEB121345-45 regime=skew imbalance=0.927 depth_ratio=26.30 mid_move=0.50
2026-02-12 13:32:02,237 INFO mm_toxic_regime ticker=KXSOL15M-26FEB121345-45 regime=normal imbalance=0.024 depth_ratio=1.05 mid_move=2.50
2026-02-12 13:32:05,258 INFO mm_toxic_regime ticker=KXSOL15M-26FEB121345-45 regime=skew imbalance=0.867 depth_ratio=14.05 mid_move=0.00
2026-02-12 13:32:05,258 INFO mm_toxic_regime ticker=KXSOL15M-26FEB121345-45 regime=normal imbalance=0.056 depth_ratio=1.12 mid_move=2.50
2026-02-12 13:32:07,988 INFO mm_toxic_regime ticker=KXSOL15M-26FEB121345-45 regime=skew imbalance=0.924 depth_ratio=25.27 mid_move=0.00
2026-02-12 13:32:08,327 INFO mm_toxic_regime ticker=KXSOL15M-26FEB121345-45 regime=normal imbalance=0.043 depth_ratio=1.09 mid_move=1.00
2026-02-12 13:32:10,669 INFO mm_toxic_regime ticker=KXSOL15M-26FEB121345-45 regime=skew imbalance=0.924 depth_ratio=25.26 mid_move=1.00
2026-02-12 13:32:11,279 INFO mm_toxic_regime ticker=KXSOL15M-26FEB121345-45 regime=normal imbalance=0.248 depth_ratio=1.66 mid_move=1.00
2026-02-12 13:32:15,358 INFO mm_toxic_regime ticker=KXSOL15M-26FEB121345-45 regime=skew imbalance=0.938 depth_ratio=31.06 mid_move=0.50
2026-02-12 13:32:17,368 INFO mm_toxic_regime ticker=KXSOL15M-26FEB121345-45 regime=normal imbalance=0.079 depth_ratio=1.17 mid_move=0.00
2026-02-12 13:32:18,758 INFO mm_toxic_regime ticker=KXSOL15M-26FEB121345-45 regime=skew imbalance=0.875 depth_ratio=14.98 mid_move=0.00
2026-02-12 13:32:19,763 INFO mm_toxic_regime ticker=KXSOL15M-26FEB121345-45 regime=normal imbalance=0.010 depth_ratio=1.02 mid_move=5.50
2026-02-12 13:32:20,383 INFO mm_toxic_regime ticker=KXSOL15M-26FEB121345-45 regime=widen imbalance=0.341 depth_ratio=2.03 mid_move=3.50
2026-02-12 13:32:22,774 INFO mm_toxic_regime ticker=KXSOL15M-26FEB121345-45 regime=normal imbalance=0.001 depth_ratio=1.00 mid_move=0.50
2026-02-12 13:32:32,156 INFO mm_toxic_regime ticker=KXSOL15M-26FEB121345-45 regime=skew imbalance=0.935 depth_ratio=29.79 mid_move=1.00
2026-02-12 13:32:32,431 INFO mm_toxic_regime ticker=KXSOL15M-26FEB121345-45 regime=normal imbalance=0.001 depth_ratio=1.00 mid_move=1.00
2026-02-12 13:32:35,832 INFO mm_quote ticker=KXSOL15M-26FEB121345-45 side=yes action=buy count=1 price=43 post_only=1 order_response={"order":{"action":"buy","client_order_id":"MM-KXSOL15M-26FEB121345-45-B-Y-0b402df540","created_time":"2026-02-12T18:32:35.816001Z","expiration_time":null,"fill_count":0,"fill_count_fp":"0.00","initial_count":1,"initial_count_fp":"1.00","last_update_time":"2026-02-12T18:32:35.816001Z","maker_fees":0,"maker_fill_cost":0,"maker_fill_cost_dollars":"","no_price":57,"no_price_dollars":"0.5700","order_group_id":null,"order_id":"4ed87983-4cfd-4479-9646-40bb3e64803a","queue_position":0,"remaining_count":1,"remaining_count_fp":"1.00","side":"yes","status":"resting","subaccount_number":0,"taker_fees":0,"taker_fill_cost":0,"taker_fill_cost_dollars":"","ticker":"KXSOL15M-26FEB121345-45","type":"limit","user_id":"9527e599-009b-4f8e-9db2-774476f31dd7","yes_price":43,"yes_price_dollars":"0.4300"}}
2026-02-12 13:32:38,229 INFO mm_toxic_regime ticker=KXSOL15M-26FEB121345-45 regime=skew imbalance=0.878 depth_ratio=15.39 mid_move=1.00
2026-02-12 13:32:39,602 INFO mm_toxic_regime ticker=KXSOL15M-26FEB121345-45 regime=normal imbalance=0.018 depth_ratio=1.04 mid_move=1.00
2026-02-12 13:32:43,274 INFO mm_toxic_regime ticker=KXSOL15M-26FEB121345-45 regime=skew imbalance=0.919 depth_ratio=23.76 mid_move=0.50
2026-02-12 13:32:45,378 INFO mm_toxic_regime ticker=KXSOL15M-26FEB121345-45 regime=normal imbalance=0.010 depth_ratio=1.02 mid_move=0.00
2026-02-12 13:32:45,707 INFO mm_quote ticker=KXSOL15M-26FEB121345-45 side=yes action=buy count=1 price=40 post_only=1 order_response={"order":{"action":"buy","client_order_id":"MM-KXSOL15M-26FEB121345-45-B-Y-cb3a9e5eaa","created_time":"2026-02-12T18:32:45.694759Z","expiration_time":null,"fill_count":0,"fill_count_fp":"0.00","initial_count":1,"initial_count_fp":"1.00","last_update_time":"2026-02-12T18:32:45.694759Z","maker_fees":0,"maker_fill_cost":0,"maker_fill_cost_dollars":"","no_price":60,"no_price_dollars":"0.6000","order_group_id":null,"order_id":"cc1c9fd3-3a83-4454-bad3-8667e0687669","queue_position":0,"remaining_count":1,"remaining_count_fp":"1.00","side":"yes","status":"resting","subaccount_number":0,"taker_fees":0,"taker_fill_cost":0,"taker_fill_cost_dollars":"","ticker":"KXSOL15M-26FEB121345-45","type":"limit","user_id":"9527e599-009b-4f8e-9db2-774476f31dd7","yes_price":40,"yes_price_dollars":"0.4000"}}
2026-02-12 13:32:46,708 INFO mm_queue_hold ticker=KXSOL15M-26FEB121345-45 side=yes prev=40 new=39 prev_value=3.670 new_value=1.280 improve=-2.390 min_improve=0.100
2026-02-12 13:32:48,773 INFO mm_cancel_order_already_gone ticker=KXSOL15M-26FEB121345-45 kind=buy side=yes order_id=cc1c9fd3-3a83-4454-bad3-8667e0687669
2026-02-12 13:32:49,108 INFO mm_quote ticker=KXSOL15M-26FEB121345-45 side=no action=buy count=1 price=56 post_only=1 order_response={"order":{"action":"buy","client_order_id":"MM-KXSOL15M-26FEB121345-45-B-N-ec52089342","created_time":"2026-02-12T18:32:49.097123Z","expiration_time":null,"fill_count":0,"fill_count_fp":"0.00","initial_count":1,"initial_count_fp":"1.00","last_update_time":"2026-02-12T18:32:49.097123Z","maker_fees":0,"maker_fill_cost":0,"maker_fill_cost_dollars":"","no_price":56,"no_price_dollars":"0.5600","order_group_id":null,"order_id":"039a7d8d-3631-4ef1-9b11-d2c012a2176f","queue_position":0,"remaining_count":1,"remaining_count_fp":"1.00","side":"no","status":"resting","subaccount_number":0,"taker_fees":0,"taker_fill_cost":0,"taker_fill_cost_dollars":"","ticker":"KXSOL15M-26FEB121345-45","type":"limit","user_id":"9527e599-009b-4f8e-9db2-774476f31dd7","yes_price":44,"yes_price_dollars":"0.4400"}}
2026-02-12 13:32:50,178 INFO mm_toxic_regime ticker=KXSOL15M-26FEB121345-45 regime=skew imbalance=0.940 depth_ratio=32.36 mid_move=4.50
2026-02-12 13:32:51,505 INFO mm_toxic_regime ticker=KXSOL15M-26FEB121345-45 regime=normal imbalance=0.022 depth_ratio=1.04 mid_move=2.00
2026-02-12 13:32:52,847 INFO mm_quote ticker=KXSOL15M-26FEB121345-45 side=no action=buy count=1 price=63 post_only=1 order_response={"order":{"action":"buy","client_order_id":"MM-KXSOL15M-26FEB121345-45-B-N-ac70acc96e","created_time":"2026-02-12T18:32:52.836624Z","expiration_time":null,"fill_count":0,"fill_count_fp":"0.00","initial_count":1,"initial_count_fp":"1.00","last_update_time":"2026-02-12T18:32:52.836624Z","maker_fees":0,"maker_fill_cost":0,"maker_fill_cost_dollars":"","no_price":63,"no_price_dollars":"0.6300","order_group_id":null,"order_id":"38278bb5-b73e-419c-8c98-d039d72015b4","queue_position":0,"remaining_count":1,"remaining_count_fp":"1.00","side":"no","status":"resting","subaccount_number":0,"taker_fees":0,"taker_fill_cost":0,"taker_fill_cost_dollars":"","ticker":"KXSOL15M-26FEB121345-45","type":"limit","user_id":"9527e599-009b-4f8e-9db2-774476f31dd7","yes_price":37,"yes_price_dollars":"0.3700"}}
2026-02-12 13:32:53,186 INFO mm_toxic_regime ticker=KXSOL15M-26FEB121345-45 regime=widen imbalance=0.379 depth_ratio=2.22 mid_move=0.00
2026-02-12 13:32:54,162 WARNING mm_toxic_pause ticker=KXSOL15M-26FEB121345-45 pause=2.0s imbalance=0.860 depth_ratio=13.26 mid_move=1.50 spreads=2/2 triggers=move:0 imbalance:1 depth:1
2026-02-12 13:32:54,162 INFO mm_toxic_regime ticker=KXSOL15M-26FEB121345-45 regime=pause imbalance=0.860 depth_ratio=13.26 mid_move=1.50
2026-02-12 13:32:54,535 INFO mm_cancel_order_already_gone ticker=KXSOL15M-26FEB121345-45 kind=buy side=no order_id=38278bb5-b73e-419c-8c98-d039d72015b4
2026-02-12 13:32:55,189 INFO mm_toxic_regime ticker=KXSOL15M-26FEB121345-45 regime=normal imbalance=0.017 depth_ratio=1.04 mid_move=3.50
2026-02-12 13:32:55,189 INFO mm_toxic_hold ticker=KXSOL15M-26FEB121345-45 pause_left=0.97s
2026-02-12 13:33:01,263 INFO mm_quote ticker=KXSOL15M-26FEB121345-45 side=yes action=buy count=1 price=38 post_only=1 order_response={"order":{"action":"buy","client_order_id":"MM-KXSOL15M-26FEB121345-45-B-Y-0adc173dc7","created_time":"2026-02-12T18:33:01.250771Z","expiration_time":null,"fill_count":0,"fill_count_fp":"0.00","initial_count":1,"initial_count_fp":"1.00","last_update_time":"2026-02-12T18:33:01.250771Z","maker_fees":0,"maker_fill_cost":0,"maker_fill_cost_dollars":"","no_price":62,"no_price_dollars":"0.6200","order_group_id":null,"order_id":"71aec772-de7f-4006-9607-f3e72a0a9dc5","queue_position":0,"remaining_count":1,"remaining_count_fp":"1.00","side":"yes","status":"resting","subaccount_number":0,"taker_fees":0,"taker_fill_cost":0,"taker_fill_cost_dollars":"","ticker":"KXSOL15M-26FEB121345-45","type":"limit","user_id":"9527e599-009b-4f8e-9db2-774476f31dd7","yes_price":38,"yes_price_dollars":"0.3800"}}
2026-02-12 13:33:03,637 INFO mm_toxic_regime ticker=KXSOL15M-26FEB121345-45 regime=skew imbalance=0.919 depth_ratio=23.67 mid_move=5.00
2026-02-12 13:33:05,408 INFO mm_toxic_regime ticker=KXSOL15M-26FEB121345-45 regime=normal imbalance=0.013 depth_ratio=1.03 mid_move=0.00
2026-02-12 13:33:06,715 INFO mm_toxic_regime ticker=KXSOL15M-26FEB121345-45 regime=skew imbalance=0.916 depth_ratio=22.80 mid_move=0.00
2026-02-12 13:33:07,722 INFO mm_toxic_regime ticker=KXSOL15M-26FEB121345-45 regime=widen imbalance=0.320 depth_ratio=1.94 mid_move=0.00
2026-02-12 13:33:08,389 INFO mm_toxic_regime ticker=KXSOL15M-26FEB121345-45 regime=normal imbalance=0.017 depth_ratio=1.03 mid_move=1.00
2026-02-12 13:33:13,411 INFO mm_toxic_regime ticker=KXSOL15M-26FEB121345-45 regime=widen imbalance=0.297 depth_ratio=1.85 mid_move=0.00
2026-02-12 13:33:14,417 INFO mm_toxic_regime ticker=KXSOL15M-26FEB121345-45 regime=skew imbalance=0.927 depth_ratio=26.48 mid_move=1.00
2026-02-12 13:33:16,150 INFO mm_toxic_regime ticker=KXSOL15M-26FEB121345-45 regime=normal imbalance=0.007 depth_ratio=1.01 mid_move=0.50
2026-02-12 13:33:18,176 INFO mm_toxic_regime ticker=KXSOL15M-26FEB121345-45 regime=skew imbalance=0.936 depth_ratio=30.02 mid_move=0.50
2026-02-12 13:33:18,471 INFO mm_toxic_regime ticker=KXSOL15M-26FEB121345-45 regime=normal imbalance=0.002 depth_ratio=1.00 mid_move=0.50
2026-02-12 13:33:23,179 INFO mm_toxic_regime ticker=KXSOL15M-26FEB121345-45 regime=skew imbalance=0.936 depth_ratio=30.38 mid_move=1.00
2026-02-12 13:33:25,466 INFO mm_toxic_regime ticker=KXSOL15M-26FEB121345-45 regime=normal imbalance=0.167 depth_ratio=1.40 mid_move=3.00
2026-02-12 13:33:26,473 INFO mm_toxic_regime ticker=KXSOL15M-26FEB121345-45 regime=skew imbalance=0.935 depth_ratio=30.01 mid_move=1.00
2026-02-12 13:33:28,541 WARNING mm_toxic_pause ticker=KXSOL15M-26FEB121345-45 pause=2.0s imbalance=0.908 depth_ratio=20.68 mid_move=0.00 spreads=1/1 triggers=move:0 imbalance:1 depth:1
2026-02-12 13:33:28,541 INFO mm_toxic_regime ticker=KXSOL15M-26FEB121345-45 regime=pause imbalance=0.908 depth_ratio=20.68 mid_move=0.00
2026-02-12 13:33:29,546 WARNING mm_toxic_pause ticker=KXSOL15M-26FEB121345-45 pause=2.0s imbalance=0.936 depth_ratio=30.35 mid_move=0.00 spreads=1/1 triggers=move:0 imbalance:1 depth:1
2026-02-12 13:33:31,000 INFO mm_toxic_regime ticker=KXSOL15M-26FEB121345-45 regime=skew imbalance=0.936 depth_ratio=30.05 mid_move=3.00
2026-02-12 13:33:31,001 INFO mm_toxic_hold ticker=KXSOL15M-26FEB121345-45 pause_left=0.55s
2026-02-12 13:33:41,780 WARNING mm_toxic_pause ticker=KXSOL15M-26FEB121345-45 pause=2.0s imbalance=0.929 depth_ratio=27.22 mid_move=0.50 spreads=2/2 triggers=move:0 imbalance:1 depth:1
2026-02-12 13:33:41,780 INFO mm_toxic_regime ticker=KXSOL15M-26FEB121345-45 regime=pause imbalance=0.929 depth_ratio=27.22 mid_move=0.50
2026-02-12 13:33:43,460 INFO mm_toxic_regime ticker=KXSOL15M-26FEB121345-45 regime=skew imbalance=0.932 depth_ratio=28.59 mid_move=2.50
2026-02-12 13:33:43,461 INFO mm_toxic_hold ticker=KXSOL15M-26FEB121345-45 pause_left=0.32s
2026-02-12 13:33:43,731 INFO mm_toxic_regime ticker=KXSOL15M-26FEB121345-45 regime=widen imbalance=0.294 depth_ratio=1.83 mid_move=1.50
2026-02-12 13:33:44,792 INFO mm_toxic_regime ticker=KXSOL15M-26FEB121345-45 regime=skew imbalance=0.932 depth_ratio=28.48 mid_move=0.00
2026-02-12 13:33:50,827 INFO mm_toxic_regime ticker=KXSOL15M-26FEB121345-45 regime=normal imbalance=0.248 depth_ratio=1.66 mid_move=0.00
2026-02-12 13:33:50,902 INFO mm_quote ticker=KXSOL15M-26FEB121345-45 side=no action=buy count=1 price=32 post_only=1 order_response={"order":{"action":"buy","client_order_id":"MM-KXSOL15M-26FEB121345-45-B-N-885d94e60c","created_time":"2026-02-12T18:33:50.888415Z","expiration_time":null,"fill_count":0,"fill_count_fp":"0.00","initial_count":1,"initial_count_fp":"1.00","last_update_time":"2026-02-12T18:33:50.888415Z","maker_fees":0,"maker_fill_cost":0,"maker_fill_cost_dollars":"","no_price":32,"no_price_dollars":"0.3200","order_group_id":null,"order_id":"f114a96c-866d-4266-9a43-bdb727304e7e","queue_position":0,"remaining_count":1,"remaining_count_fp":"1.00","side":"no","status":"resting","subaccount_number":0,"taker_fees":0,"taker_fill_cost":0,"taker_fill_cost_dollars":"","ticker":"KXSOL15M-26FEB121345-45","type":"limit","user_id":"9527e599-009b-4f8e-9db2-774476f31dd7","yes_price":68,"yes_price_dollars":"0.6800"}}
2026-02-12 13:33:52,224 INFO mm_toxic_regime ticker=KXSOL15M-26FEB121345-45 regime=widen imbalance=0.431 depth_ratio=2.51 mid_move=5.00
2026-02-12 13:33:52,549 INFO mm_cancel_order_already_gone ticker=KXSOL15M-26FEB121345-45 kind=buy side=no order_id=f114a96c-866d-4266-9a43-bdb727304e7e
2026-02-12 13:33:55,186 INFO mm_toxic_regime ticker=KXSOL15M-26FEB121345-45 regime=skew imbalance=0.935 depth_ratio=29.67 mid_move=0.00
2026-02-12 13:34:08,304 INFO mm_toxic_regime ticker=KXSOL15M-26FEB121345-45 regime=normal imbalance=0.124 depth_ratio=1.28 mid_move=0.00
2026-02-12 13:34:08,625 WARNING mm_buy_order_error ticker=KXSOL15M-26FEB121345-45 side=yes price=68 count=1 err=http_error status=400 method=POST path=/portfolio/orders body={"error":{"code":"invalid_order","message":"invalid order","details":"post only cross"}}
2026-02-12 13:34:09,680 WARNING mm_toxic_pause ticker=KXSOL15M-26FEB121345-45 pause=2.0s imbalance=0.936 depth_ratio=30.05 mid_move=6.50 spreads=5/5 triggers=move:1 imbalance:1 depth:1
2026-02-12 13:34:09,680 INFO mm_toxic_regime ticker=KXSOL15M-26FEB121345-45 regime=pause imbalance=0.936 depth_ratio=30.05 mid_move=6.50
2026-02-12 13:34:11,025 INFO mm_toxic_regime ticker=KXSOL15M-26FEB121345-45 regime=skew imbalance=0.935 depth_ratio=29.86 mid_move=1.00
2026-02-12 13:34:11,025 INFO mm_toxic_hold ticker=KXSOL15M-26FEB121345-45 pause_left=0.66s
2026-02-12 13:34:16,393 INFO mm_toxic_regime ticker=KXSOL15M-26FEB121345-45 regime=normal imbalance=0.002 depth_ratio=1.00 mid_move=1.00
2026-02-12 13:34:16,714 INFO mm_quote ticker=KXSOL15M-26FEB121345-45 side=yes action=buy count=1 price=60 post_only=1 order_response={"order":{"action":"buy","client_order_id":"MM-KXSOL15M-26FEB121345-45-B-Y-2d59a30567","created_time":"2026-02-12T18:34:16.701521Z","expiration_time":null,"fill_count":0,"fill_count_fp":"0.00","initial_count":1,"initial_count_fp":"1.00","last_update_time":"2026-02-12T18:34:16.701521Z","maker_fees":0,"maker_fill_cost":0,"maker_fill_cost_dollars":"","no_price":40,"no_price_dollars":"0.4000","order_group_id":null,"order_id":"1d4b9bd4-8b9d-402d-b143-d2a9ec4455f0","queue_position":0,"remaining_count":1,"remaining_count_fp":"1.00","side":"yes","status":"resting","subaccount_number":0,"taker_fees":0,"taker_fill_cost":0,"taker_fill_cost_dollars":"","ticker":"KXSOL15M-26FEB121345-45","type":"limit","user_id":"9527e599-009b-4f8e-9db2-774476f31dd7","yes_price":60,"yes_price_dollars":"0.6000"}}
2026-02-12 13:34:17,723 WARNING mm_toxic_pause ticker=KXSOL15M-26FEB121345-45 pause=2.0s imbalance=0.906 depth_ratio=20.28 mid_move=1.00 spreads=2/2 triggers=move:0 imbalance:1 depth:1
2026-02-12 13:34:17,726 INFO mm_toxic_regime ticker=KXSOL15M-26FEB121345-45 regime=pause imbalance=0.906 depth_ratio=20.28 mid_move=1.00
2026-02-12 13:34:18,778 INFO mm_toxic_regime ticker=KXSOL15M-26FEB121345-45 regime=normal imbalance=0.009 depth_ratio=1.02 mid_move=3.50
2026-02-12 13:34:18,779 INFO mm_toxic_hold ticker=KXSOL15M-26FEB121345-45 pause_left=0.94s
2026-02-12 13:34:21,492 INFO mm_quote ticker=KXSOL15M-26FEB121345-45 side=yes action=buy count=1 price=57 post_only=1 order_response={"order":{"action":"buy","client_order_id":"MM-KXSOL15M-26FEB121345-45-B-Y-417b2b1538","created_time":"2026-02-12T18:34:21.480152Z","expiration_time":null,"fill_count":0,"fill_count_fp":"0.00","initial_count":1,"initial_count_fp":"1.00","last_update_time":"2026-02-12T18:34:21.480152Z","maker_fees":0,"maker_fill_cost":0,"maker_fill_cost_dollars":"","no_price":43,"no_price_dollars":"0.4300","order_group_id":null,"order_id":"03931391-bf5a-4068-8ad5-8a93ceff6fb8","queue_position":0,"remaining_count":1,"remaining_count_fp":"1.00","side":"yes","status":"resting","subaccount_number":0,"taker_fees":0,"taker_fill_cost":0,"taker_fill_cost_dollars":"","ticker":"KXSOL15M-26FEB121345-45","type":"limit","user_id":"9527e599-009b-4f8e-9db2-774476f31dd7","yes_price":57,"yes_price_dollars":"0.5700"}}
2026-02-12 13:34:21,493 INFO mm_toxic_regime ticker=KXSOL15M-26FEB121345-45 regime=skew imbalance=0.917 depth_ratio=22.96 mid_move=1.50
2026-02-12 13:34:23,903 INFO mm_toxic_regime ticker=KXSOL15M-26FEB121345-45 regime=normal imbalance=0.020 depth_ratio=1.04 mid_move=5.00
2026-02-12 13:34:24,239 INFO mm_quote ticker=KXSOL15M-26FEB121345-45 side=yes action=buy count=1 price=55 post_only=1 order_response={"order":{"action":"buy","client_order_id":"MM-KXSOL15M-26FEB121345-45-B-Y-3a1cfb165a","created_time":"2026-02-12T18:34:24.226307Z","expiration_time":null,"fill_count":0,"fill_count_fp":"0.00","initial_count":1,"initial_count_fp":"1.00","last_update_time":"2026-02-12T18:34:24.226307Z","maker_fees":0,"maker_fill_cost":0,"maker_fill_cost_dollars":"","no_price":45,"no_price_dollars":"0.4500","order_group_id":null,"order_id":"801faaac-10fa-439d-8417-1f6e4bdfe694","queue_position":0,"remaining_count":1,"remaining_count_fp":"1.00","side":"yes","status":"resting","subaccount_number":0,"taker_fees":0,"taker_fill_cost":0,"taker_fill_cost_dollars":"","ticker":"KXSOL15M-26FEB121345-45","type":"limit","user_id":"9527e599-009b-4f8e-9db2-774476f31dd7","yes_price":55,"yes_price_dollars":"0.5500"}}
2026-02-12 13:34:24,911 INFO mm_toxic_regime ticker=KXSOL15M-26FEB121345-45 regime=skew imbalance=0.937 depth_ratio=30.65 mid_move=0.00
2026-02-12 13:34:25,916 INFO mm_toxic_regime ticker=KXSOL15M-26FEB121345-45 regime=normal imbalance=0.015 depth_ratio=1.03 mid_move=2.00
2026-02-12 13:34:26,579 INFO mm_quote ticker=KXSOL15M-26FEB121345-45 side=yes action=buy count=1 price=57 post_only=1 order_response={"order":{"action":"buy","client_order_id":"MM-KXSOL15M-26FEB121345-45-B-Y-1983b02999","created_time":"2026-02-12T18:34:26.56659Z","expiration_time":null,"fill_count":0,"fill_count_fp":"0.00","initial_count":1,"initial_count_fp":"1.00","last_update_time":"2026-02-12T18:34:26.56659Z","maker_fees":0,"maker_fill_cost":0,"maker_fill_cost_dollars":"","no_price":43,"no_price_dollars":"0.4300","order_group_id":null,"order_id":"a04f4918-cc78-47a1-a556-ef03caed1eea","queue_position":0,"remaining_count":1,"remaining_count_fp":"1.00","side":"yes","status":"resting","subaccount_number":0,"taker_fees":0,"taker_fill_cost":0,"taker_fill_cost_dollars":"","ticker":"KXSOL15M-26FEB121345-45","type":"limit","user_id":"9527e599-009b-4f8e-9db2-774476f31dd7","yes_price":57,"yes_price_dollars":"0.5700"}}
2026-02-12 13:34:27,641 INFO mm_toxic_regime ticker=KXSOL15M-26FEB121345-45 regime=skew imbalance=0.852 depth_ratio=12.47 mid_move=2.00
2026-02-12 13:34:29,004 INFO mm_toxic_regime ticker=KXSOL15M-26FEB121345-45 regime=widen imbalance=0.327 depth_ratio=1.97 mid_move=2.50
2026-02-12 13:34:30,310 INFO mm_toxic_regime ticker=KXSOL15M-26FEB121345-45 regime=skew imbalance=0.931 depth_ratio=28.12 mid_move=0.50
2026-02-12 13:34:33,679 INFO mm_toxic_regime ticker=KXSOL15M-26FEB121345-45 regime=widen imbalance=0.357 depth_ratio=2.11 mid_move=1.00
2026-02-12 13:34:34,692 INFO mm_toxic_regime ticker=KXSOL15M-26FEB121345-45 regime=skew imbalance=0.932 depth_ratio=28.43 mid_move=1.00
2026-02-12 13:34:36,425 INFO mm_toxic_regime ticker=KXSOL15M-26FEB121345-45 regime=normal imbalance=0.093 depth_ratio=1.20 mid_move=4.00
2026-02-12 13:34:36,769 INFO mm_toxic_regime ticker=KXSOL15M-26FEB121345-45 regime=skew imbalance=0.856 depth_ratio=12.88 mid_move=0.00
2026-02-12 13:34:37,766 INFO mm_toxic_regime ticker=KXSOL15M-26FEB121345-45 regime=normal imbalance=0.213 depth_ratio=1.54 mid_move=0.00
2026-02-12 13:34:39,109 INFO mm_toxic_regime ticker=KXSOL15M-26FEB121345-45 regime=skew imbalance=0.924 depth_ratio=25.39 mid_move=3.00
2026-02-12 13:34:39,725 INFO mm_toxic_regime ticker=KXSOL15M-26FEB121345-45 regime=normal imbalance=0.258 depth_ratio=1.70 mid_move=3.00
2026-02-12 13:34:42,749 INFO mm_toxic_regime ticker=KXSOL15M-26FEB121345-45 regime=skew imbalance=0.896 depth_ratio=18.23 mid_move=1.50
2026-02-12 13:34:46,788 INFO mm_toxic_regime ticker=KXSOL15M-26FEB121345-45 regime=normal imbalance=0.078 depth_ratio=1.17 mid_move=0.00
2026-02-12 13:34:49,198 INFO mm_toxic_regime ticker=KXSOL15M-26FEB121345-45 regime=skew imbalance=0.927 depth_ratio=26.23 mid_move=0.00
2026-02-12 13:34:54,899 WARNING mm_toxic_pause ticker=KXSOL15M-26FEB121345-45 pause=2.0s imbalance=0.119 depth_ratio=1.27 mid_move=7.00 spreads=5/5 triggers=move:1 imbalance:0 depth:0
2026-02-12 13:34:54,901 INFO mm_toxic_regime ticker=KXSOL15M-26FEB121345-45 regime=pause imbalance=0.119 depth_ratio=1.27 mid_move=7.00
2026-02-12 13:34:56,639 INFO mm_toxic_regime ticker=KXSOL15M-26FEB121345-45 regime=normal imbalance=0.044 depth_ratio=1.09 mid_move=0.00
2026-02-12 13:34:56,640 INFO mm_toxic_hold ticker=KXSOL15M-26FEB121345-45 pause_left=0.26s
2026-02-12 13:34:57,647 INFO mm_quote ticker=KXSOL15M-26FEB121345-45 side=yes action=buy count=1 price=56 post_only=1 order_response={"order":{"action":"buy","client_order_id":"MM-KXSOL15M-26FEB121345-45-B-Y-141316d0fb","created_time":"2026-02-12T18:34:57.635207Z","expiration_time":null,"fill_count":0,"fill_count_fp":"0.00","initial_count":1,"initial_count_fp":"1.00","last_update_time":"2026-02-12T18:34:57.635207Z","maker_fees":0,"maker_fill_cost":0,"maker_fill_cost_dollars":"","no_price":44,"no_price_dollars":"0.4400","order_group_id":null,"order_id":"ff624180-67e3-4d5a-891e-fcfc3d0e08bb","queue_position":0,"remaining_count":1,"remaining_count_fp":"1.00","side":"yes","status":"resting","subaccount_number":0,"taker_fees":0,"taker_fill_cost":0,"taker_fill_cost_dollars":"","ticker":"KXSOL15M-26FEB121345-45","type":"limit","user_id":"9527e599-009b-4f8e-9db2-774476f31dd7","yes_price":56,"yes_price_dollars":"0.5600"}}
2026-02-12 13:35:02,994 INFO mm_queue_hold ticker=KXSOL15M-26FEB121345-45 side=yes prev=56 new=55 prev_value=2.670 new_value=0.641 improve=-2.029 min_improve=0.100
2026-02-12 13:35:07,070 INFO mm_toxic_regime ticker=KXSOL15M-26FEB121345-45 regime=widen imbalance=0.384 depth_ratio=2.24 mid_move=0.00
2026-02-12 13:35:07,070 INFO mm_toxic_regime ticker=KXSOL15M-26FEB121345-45 regime=normal imbalance=0.008 depth_ratio=1.02 mid_move=1.00
2026-02-12 13:35:08,125 INFO mm_toxic_regime ticker=KXSOL15M-26FEB121345-45 regime=skew imbalance=0.893 depth_ratio=17.66 mid_move=1.50
2026-02-12 13:35:10,091 INFO mm_toxic_regime ticker=KXSOL15M-26FEB121345-45 regime=normal imbalance=0.005 depth_ratio=1.01 mid_move=1.50
2026-02-12 13:35:12,488 INFO mm_toxic_regime ticker=KXSOL15M-26FEB121345-45 regime=skew imbalance=0.892 depth_ratio=17.46 mid_move=3.00
2026-02-12 13:35:13,112 INFO mm_toxic_regime ticker=KXSOL15M-26FEB121345-45 regime=normal imbalance=0.131 depth_ratio=1.30 mid_move=0.00
2026-02-12 13:35:16,853 INFO mm_toxic_regime ticker=KXSOL15M-26FEB121345-45 regime=skew imbalance=0.911 depth_ratio=21.40 mid_move=1.00
2026-02-12 13:35:17,141 INFO mm_toxic_regime ticker=KXSOL15M-26FEB121345-45 regime=normal imbalance=0.133 depth_ratio=1.31 mid_move=2.50
2026-02-12 13:35:18,544 INFO mm_quote ticker=KXSOL15M-26FEB121345-45 side=no action=buy count=1 price=38 post_only=1 order_response={"order":{"action":"buy","client_order_id":"MM-KXSOL15M-26FEB121345-45-B-N-420783b5d3","created_time":"2026-02-12T18:35:18.527975Z","expiration_time":null,"fill_count":0,"fill_count_fp":"0.00","initial_count":1,"initial_count_fp":"1.00","last_update_time":"2026-02-12T18:35:18.527975Z","maker_fees":0,"maker_fill_cost":0,"maker_fill_cost_dollars":"","no_price":38,"no_price_dollars":"0.3800","order_group_id":null,"order_id":"3196515c-0aa5-4747-b346-c42539f7ced7","queue_position":0,"remaining_count":1,"remaining_count_fp":"1.00","side":"no","status":"resting","subaccount_number":0,"taker_fees":0,"taker_fill_cost":0,"taker_fill_cost_dollars":"","ticker":"KXSOL15M-26FEB121345-45","type":"limit","user_id":"9527e599-009b-4f8e-9db2-774476f31dd7","yes_price":62,"yes_price_dollars":"0.6200"}}
2026-02-12 13:35:20,162 INFO mm_toxic_regime ticker=KXSOL15M-26FEB121345-45 regime=skew imbalance=0.939 depth_ratio=31.53 mid_move=0.50
2026-02-12 13:35:22,246 WARNING mm_toxic_pause ticker=KXSOL15M-26FEB121345-45 pause=2.0s imbalance=0.888 depth_ratio=16.88 mid_move=0.00 spreads=2/2 triggers=move:0 imbalance:1 depth:1
2026-02-12 13:35:22,247 INFO mm_toxic_regime ticker=KXSOL15M-26FEB121345-45 regime=pause imbalance=0.888 depth_ratio=16.88 mid_move=0.00
2026-02-12 13:35:22,921 INFO mm_toxic_regime ticker=KXSOL15M-26FEB121345-45 regime=skew imbalance=0.886 depth_ratio=16.53 mid_move=0.50
2026-02-12 13:35:43,821 INFO mm_toxic_regime ticker=KXSOL15M-26FEB121345-45 regime=normal imbalance=0.038 depth_ratio=1.08 mid_move=4.00
2026-02-12 13:35:44,513 INFO mm_toxic_regime ticker=KXSOL15M-26FEB121345-45 regime=skew imbalance=0.928 depth_ratio=26.83 mid_move=4.00
2026-02-12 13:35:48,080 INFO mm_toxic_regime ticker=KXSOL15M-26FEB121345-45 regime=widen imbalance=0.324 depth_ratio=1.96 mid_move=0.50
2026-02-12 13:35:48,547 INFO mm_toxic_regime ticker=KXSOL15M-26FEB121345-45 regime=normal imbalance=0.019 depth_ratio=1.04 mid_move=3.00
2026-02-12 13:35:48,625 INFO mm_quote ticker=KXSOL15M-26FEB121345-45 side=no action=buy count=1 price=24 post_only=1 order_response={"order":{"action":"buy","client_order_id":"MM-KXSOL15M-26FEB121345-45-B-N-5cc63a2074","created_time":"2026-02-12T18:35:48.611486Z","expiration_time":null,"fill_count":0,"fill_count_fp":"0.00","initial_count":1,"initial_count_fp":"1.00","last_update_time":"2026-02-12T18:35:48.611486Z","maker_fees":0,"maker_fill_cost":0,"maker_fill_cost_dollars":"","no_price":24,"no_price_dollars":"0.2400","order_group_id":null,"order_id":"c47b6e30-e1a9-440a-9b31-64b67a6c0aed","queue_position":0,"remaining_count":1,"remaining_count_fp":"1.00","side":"no","status":"resting","subaccount_number":0,"taker_fees":0,"taker_fill_cost":0,"taker_fill_cost_dollars":"","ticker":"KXSOL15M-26FEB121345-45","type":"limit","user_id":"9527e599-009b-4f8e-9db2-774476f31dd7","yes_price":76,"yes_price_dollars":"0.7600"}}
2026-02-12 13:35:50,949 WARNING mm_toxic_pause ticker=KXSOL15M-26FEB121345-45 pause=2.0s imbalance=0.951 depth_ratio=40.16 mid_move=0.00 spreads=2/2 triggers=move:0 imbalance:1 depth:1
2026-02-12 13:35:50,950 INFO mm_toxic_regime ticker=KXSOL15M-26FEB121345-45 regime=pause imbalance=0.951 depth_ratio=40.16 mid_move=0.00
2026-02-12 13:35:51,299 INFO mm_cancel_order_already_gone ticker=KXSOL15M-26FEB121345-45 kind=buy side=no order_id=c47b6e30-e1a9-440a-9b31-64b67a6c0aed
2026-02-12 13:35:51,615 INFO mm_toxic_regime ticker=KXSOL15M-26FEB121345-45 regime=skew imbalance=0.933 depth_ratio=28.78 mid_move=1.50
2026-02-12 13:35:53,574 INFO mm_toxic_regime ticker=KXSOL15M-26FEB121345-45 regime=normal imbalance=0.049 depth_ratio=1.10 mid_move=1.50
2026-02-12 13:35:53,912 INFO mm_quote ticker=KXSOL15M-26FEB121345-45 side=no action=buy count=1 price=23 post_only=1 order_response={"order":{"action":"buy","client_order_id":"MM-KXSOL15M-26FEB121345-45-B-N-7eed85adfc","created_time":"2026-02-12T18:35:53.899564Z","expiration_time":null,"fill_count":0,"fill_count_fp":"0.00","initial_count":1,"initial_count_fp":"1.00","last_update_time":"2026-02-12T18:35:53.899564Z","maker_fees":0,"maker_fill_cost":0,"maker_fill_cost_dollars":"","no_price":23,"no_price_dollars":"0.2300","order_group_id":null,"order_id":"c3527485-4ac2-424d-92b8-43088a367045","queue_position":0,"remaining_count":1,"remaining_count_fp":"1.00","side":"no","status":"resting","subaccount_number":0,"taker_fees":0,"taker_fill_cost":0,"taker_fill_cost_dollars":"","ticker":"KXSOL15M-26FEB121345-45","type":"limit","user_id":"9527e599-009b-4f8e-9db2-774476f31dd7","yes_price":77,"yes_price_dollars":"0.7700"}}
2026-02-12 13:35:54,979 INFO mm_toxic_regime ticker=KXSOL15M-26FEB121345-45 regime=widen imbalance=0.442 depth_ratio=2.58 mid_move=0.00
2026-02-12 13:35:56,677 INFO mm_toxic_regime ticker=KXSOL15M-26FEB121345-45 regime=normal imbalance=0.178 depth_ratio=1.43 mid_move=0.00
2026-02-12 13:35:57,006 INFO mm_quote ticker=KXSOL15M-26FEB121345-45 side=yes action=buy count=1 price=73 post_only=1 order_response={"order":{"action":"buy","client_order_id":"MM-KXSOL15M-26FEB121345-45-B-Y-c44d29af4e","created_time":"2026-02-12T18:35:56.993722Z","expiration_time":null,"fill_count":0,"fill_count_fp":"0.00","initial_count":1,"initial_count_fp":"1.00","last_update_time":"2026-02-12T18:35:56.993722Z","maker_fees":0,"maker_fill_cost":0,"maker_fill_cost_dollars":"","no_price":27,"no_price_dollars":"0.2700","order_group_id":null,"order_id":"7b014b77-7dbb-4fad-a302-02013c8b877b","queue_position":0,"remaining_count":1,"remaining_count_fp":"1.00","side":"yes","status":"resting","subaccount_number":0,"taker_fees":0,"taker_fill_cost":0,"taker_fill_cost_dollars":"","ticker":"KXSOL15M-26FEB121345-45","type":"limit","user_id":"9527e599-009b-4f8e-9db2-774476f31dd7","yes_price":73,"yes_price_dollars":"0.7300"}}
2026-02-12 13:36:00,092 INFO mm_toxic_regime ticker=KXSOL15M-26FEB121345-45 regime=widen imbalance=0.466 depth_ratio=2.74 mid_move=0.00
2026-02-12 13:36:01,456 INFO mm_toxic_regime ticker=KXSOL15M-26FEB121345-45 regime=normal imbalance=0.227 depth_ratio=1.59 mid_move=1.00
2026-02-12 13:36:01,530 INFO mm_quote ticker=KXSOL15M-26FEB121345-45 side=yes action=buy count=1 price=74 post_only=1 order_response={"order":{"action":"buy","client_order_id":"MM-KXSOL15M-26FEB121345-45-B-Y-acb4bb3832","created_time":"2026-02-12T18:36:01.517813Z","expiration_time":null,"fill_count":0,"fill_count_fp":"0.00","initial_count":1,"initial_count_fp":"1.00","last_update_time":"2026-02-12T18:36:01.517813Z","maker_fees":0,"maker_fill_cost":0,"maker_fill_cost_dollars":"","no_price":26,"no_price_dollars":"0.2600","order_group_id":null,"order_id":"afe6ca42-0d90-4e34-963a-e842a42c10a8","queue_position":0,"remaining_count":1,"remaining_count_fp":"1.00","side":"yes","status":"resting","subaccount_number":0,"taker_fees":0,"taker_fill_cost":0,"taker_fill_cost_dollars":"","ticker":"KXSOL15M-26FEB121345-45","type":"limit","user_id":"9527e599-009b-4f8e-9db2-774476f31dd7","yes_price":74,"yes_price_dollars":"0.7400"}}
2026-02-12 13:36:03,874 INFO mm_toxic_regime ticker=KXSOL15M-26FEB121345-45 regime=skew imbalance=0.950 depth_ratio=38.93 mid_move=1.00
2026-02-12 13:36:07,968 INFO mm_toxic_regime ticker=KXSOL15M-26FEB121345-45 regime=normal imbalance=0.130 depth_ratio=1.30 mid_move=0.00
2026-02-12 13:36:08,593 INFO mm_toxic_regime ticker=KXSOL15M-26FEB121345-45 regime=skew imbalance=0.946 depth_ratio=36.26 mid_move=0.00
2026-02-12 13:36:10,582 INFO mm_toxic_regime ticker=KXSOL15M-26FEB121345-45 regime=normal imbalance=0.014 depth_ratio=1.03 mid_move=1.00
2026-02-12 13:36:12,592 INFO mm_toxic_regime ticker=KXSOL15M-26FEB121345-45 regime=skew imbalance=0.945 depth_ratio=35.45 mid_move=2.00
2026-02-12 13:36:13,602 INFO mm_toxic_regime ticker=KXSOL15M-26FEB121345-45 regime=normal imbalance=0.094 depth_ratio=1.21 mid_move=2.50
2026-02-12 13:36:15,677 INFO mm_toxic_regime ticker=KXSOL15M-26FEB121345-45 regime=skew imbalance=0.936 depth_ratio=30.05 mid_move=0.00
2026-02-12 13:36:18,095 INFO mm_toxic_regime ticker=KXSOL15M-26FEB121345-45 regime=widen imbalance=0.390 depth_ratio=2.28 mid_move=0.00
2026-02-12 13:36:18,708 INFO mm_toxic_regime ticker=KXSOL15M-26FEB121345-45 regime=skew imbalance=0.916 depth_ratio=22.69 mid_move=1.50
2026-02-12 13:36:28,979 INFO mm_toxic_regime ticker=KXSOL15M-26FEB121345-45 regime=widen imbalance=0.337 depth_ratio=2.02 mid_move=1.50
2026-02-12 13:36:30,939 WARNING mm_toxic_pause ticker=KXSOL15M-26FEB121345-45 pause=2.0s imbalance=0.906 depth_ratio=20.31 mid_move=0.50 spreads=2/2 triggers=move:0 imbalance:1 depth:1
2026-02-12 13:36:30,939 INFO mm_toxic_regime ticker=KXSOL15M-26FEB121345-45 regime=pause imbalance=0.906 depth_ratio=20.31 mid_move=0.50
2026-02-12 13:36:31,998 WARNING mm_toxic_pause ticker=KXSOL15M-26FEB121345-45 pause=2.0s imbalance=0.934 depth_ratio=29.29 mid_move=0.50 spreads=1/1 triggers=move:0 imbalance:1 depth:1
2026-02-12 13:36:33,677 INFO mm_toxic_regime ticker=KXSOL15M-26FEB121345-45 regime=normal imbalance=0.201 depth_ratio=1.50 mid_move=0.50
2026-02-12 13:36:33,677 INFO mm_toxic_hold ticker=KXSOL15M-26FEB121345-45 pause_left=0.32s
2026-02-12 13:36:35,012 INFO mm_toxic_regime ticker=KXSOL15M-26FEB121345-45 regime=widen imbalance=0.427 depth_ratio=2.49 mid_move=3.00
2026-02-12 13:36:38,031 INFO mm_toxic_regime ticker=KXSOL15M-26FEB121345-45 regime=skew imbalance=0.876 depth_ratio=15.19 mid_move=0.50
2026-02-12 13:36:41,006 INFO mm_toxic_regime ticker=KXSOL15M-26FEB121345-45 regime=normal imbalance=0.067 depth_ratio=1.14 mid_move=0.50
2026-02-12 13:36:41,060 INFO mm_quote ticker=KXSOL15M-26FEB121345-45 side=yes action=buy count=1 price=71 post_only=1 order_response={"order":{"action":"buy","client_order_id":"MM-KXSOL15M-26FEB121345-45-B-Y-394cd1c516","created_time":"2026-02-12T18:36:41.046321Z","expiration_time":null,"fill_count":0,"fill_count_fp":"0.00","initial_count":1,"initial_count_fp":"1.00","last_update_time":"2026-02-12T18:36:41.046321Z","maker_fees":0,"maker_fill_cost":0,"maker_fill_cost_dollars":"","no_price":29,"no_price_dollars":"0.2900","order_group_id":null,"order_id":"2c14959a-3fa7-4502-a941-019827424e03","queue_position":0,"remaining_count":1,"remaining_count_fp":"1.00","side":"yes","status":"resting","subaccount_number":0,"taker_fees":0,"taker_fill_cost":0,"taker_fill_cost_dollars":"","ticker":"KXSOL15M-26FEB121345-45","type":"limit","user_id":"9527e599-009b-4f8e-9db2-774476f31dd7","yes_price":71,"yes_price_dollars":"0.7100"}}
2026-02-12 13:36:44,031 INFO mm_toxic_regime ticker=KXSOL15M-26FEB121345-45 regime=skew imbalance=0.876 depth_ratio=15.15 mid_move=2.50
2026-02-12 13:36:44,079 INFO mm_cancel_order_already_gone ticker=KXSOL15M-26FEB121345-45 kind=buy side=yes order_id=2c14959a-3fa7-4502-a941-019827424e03
2026-02-12 13:36:46,103 INFO mm_toxic_regime ticker=KXSOL15M-26FEB121345-45 regime=normal imbalance=0.117 depth_ratio=1.26 mid_move=0.00
2026-02-12 13:36:46,776 INFO mm_toxic_regime ticker=KXSOL15M-26FEB121345-45 regime=skew imbalance=0.879 depth_ratio=15.51 mid_move=1.50
2026-02-12 13:37:04,599 INFO mm_toxic_regime ticker=KXSOL15M-26FEB121345-45 regime=normal imbalance=0.003 depth_ratio=1.01 mid_move=0.00
2026-02-12 13:37:06,344 INFO mm_toxic_regime ticker=KXSOL15M-26FEB121345-45 regime=skew imbalance=0.932 depth_ratio=28.32 mid_move=0.00
2026-02-12 13:37:06,977 INFO mm_toxic_regime ticker=KXSOL15M-26FEB121345-45 regime=normal imbalance=0.047 depth_ratio=1.10 mid_move=1.00
2026-02-12 13:37:07,732 INFO mm_toxic_regime ticker=KXSOL15M-26FEB121345-45 regime=skew imbalance=0.935 depth_ratio=29.55 mid_move=2.00
2026-02-12 13:37:19,823 INFO mm_toxic_regime ticker=KXSOL15M-26FEB121345-45 regime=widen imbalance=0.422 depth_ratio=2.46 mid_move=1.00
2026-02-12 13:37:21,866 INFO mm_toxic_regime ticker=KXSOL15M-26FEB121345-45 regime=normal imbalance=0.150 depth_ratio=1.35 mid_move=0.00
2026-02-12 13:37:22,898 INFO mm_quote ticker=KXSOL15M-26FEB121345-45 side=no action=buy count=1 price=16 post_only=1 order_response={"order":{"action":"buy","client_order_id":"MM-KXSOL15M-26FEB121345-45-B-N-6d3878d4e9","created_time":"2026-02-12T18:37:22.882084Z","expiration_time":null,"fill_count":0,"fill_count_fp":"0.00","initial_count":1,"initial_count_fp":"1.00","last_update_time":"2026-02-12T18:37:22.882084Z","maker_fees":0,"maker_fill_cost":0,"maker_fill_cost_dollars":"","no_price":16,"no_price_dollars":"0.1600","order_group_id":null,"order_id":"a5c08e87-9dad-4713-b1b5-27c6b9200b7a","queue_position":0,"remaining_count":1,"remaining_count_fp":"1.00","side":"no","status":"resting","subaccount_number":0,"taker_fees":0,"taker_fill_cost":0,"taker_fill_cost_dollars":"","ticker":"KXSOL15M-26FEB121345-45","type":"limit","user_id":"9527e599-009b-4f8e-9db2-774476f31dd7","yes_price":84,"yes_price_dollars":"0.8400"}}
2026-02-12 13:37:25,257 WARNING mm_toxic_pause ticker=KXSOL15M-26FEB121345-45 pause=2.0s imbalance=0.950 depth_ratio=38.72 mid_move=0.50 spreads=2/2 triggers=move:0 imbalance:1 depth:1
2026-02-12 13:37:25,258 INFO mm_toxic_regime ticker=KXSOL15M-26FEB121345-45 regime=pause imbalance=0.950 depth_ratio=38.72 mid_move=0.50
2026-02-12 13:37:26,279 INFO mm_toxic_regime ticker=KXSOL15M-26FEB121345-45 regime=normal imbalance=0.099 depth_ratio=1.22 mid_move=0.00
2026-02-12 13:37:26,279 INFO mm_toxic_hold ticker=KXSOL15M-26FEB121345-45 pause_left=0.98s
2026-02-12 13:37:28,948 INFO mm_quote ticker=KXSOL15M-26FEB121345-45 side=no action=buy count=1 price=14 post_only=1 order_response={"order":{"action":"buy","client_order_id":"MM-KXSOL15M-26FEB121345-45-B-N-f294e16af7","created_time":"2026-02-12T18:37:28.935418Z","expiration_time":null,"fill_count":0,"fill_count_fp":"0.00","initial_count":1,"initial_count_fp":"1.00","last_update_time":"2026-02-12T18:37:28.935418Z","maker_fees":0,"maker_fill_cost":0,"maker_fill_cost_dollars":"","no_price":14,"no_price_dollars":"0.1400","order_group_id":null,"order_id":"54a2669b-49d2-4a1a-8f56-9abbf088afe9","queue_position":0,"remaining_count":1,"remaining_count_fp":"1.00","side":"no","status":"resting","subaccount_number":0,"taker_fees":0,"taker_fill_cost":0,"taker_fill_cost_dollars":"","ticker":"KXSOL15M-26FEB121345-45","type":"limit","user_id":"9527e599-009b-4f8e-9db2-774476f31dd7","yes_price":86,"yes_price_dollars":"0.8600"}}
2026-02-12 13:37:29,287 INFO mm_toxic_regime ticker=KXSOL15M-26FEB121345-45 regime=skew imbalance=0.935 depth_ratio=29.74 mid_move=1.00
2026-02-12 13:37:31,702 INFO mm_toxic_regime ticker=KXSOL15M-26FEB121345-45 regime=normal imbalance=0.233 depth_ratio=1.61 mid_move=0.50
2026-02-12 13:37:32,047 INFO mm_quote ticker=KXSOL15M-26FEB121345-45 side=no action=buy count=1 price=14 post_only=1 order_response={"order":{"action":"buy","client_order_id":"MM-KXSOL15M-26FEB121345-45-B-N-f4e1023c19","created_time":"2026-02-12T18:37:32.034446Z","expiration_time":null,"fill_count":0,"fill_count_fp":"0.00","initial_count":1,"initial_count_fp":"1.00","last_update_time":"2026-02-12T18:37:32.034446Z","maker_fees":0,"maker_fill_cost":0,"maker_fill_cost_dollars":"","no_price":14,"no_price_dollars":"0.1400","order_group_id":null,"order_id":"117b93fe-c002-452f-b7e8-b27d6229a52f","queue_position":0,"remaining_count":1,"remaining_count_fp":"1.00","side":"no","status":"resting","subaccount_number":0,"taker_fees":0,"taker_fill_cost":0,"taker_fill_cost_dollars":"","ticker":"KXSOL15M-26FEB121345-45","type":"limit","user_id":"9527e599-009b-4f8e-9db2-774476f31dd7","yes_price":86,"yes_price_dollars":"0.8600"}}
2026-02-12 13:37:33,114 INFO mm_toxic_regime ticker=KXSOL15M-26FEB121345-45 regime=skew imbalance=0.921 depth_ratio=24.33 mid_move=0.00
2026-02-12 13:37:34,463 INFO mm_toxic_regime ticker=KXSOL15M-26FEB121345-45 regime=normal imbalance=0.233 depth_ratio=1.61 mid_move=0.00
2026-02-12 13:37:35,070 INFO mm_toxic_regime ticker=KXSOL15M-26FEB121345-45 regime=widen imbalance=0.334 depth_ratio=2.00 mid_move=0.50
2026-02-12 13:37:38,094 INFO mm_toxic_regime ticker=KXSOL15M-26FEB121345-45 regime=normal imbalance=0.078 depth_ratio=1.17 mid_move=2.50
2026-02-12 13:37:38,153 INFO mm_quote ticker=KXSOL15M-26FEB121345-45 side=yes action=buy count=1 price=86 post_only=1 order_response={"order":{"action":"buy","client_order_id":"MM-KXSOL15M-26FEB121345-45-B-Y-1af4ae2080","created_time":"2026-02-12T18:37:38.131312Z","expiration_time":null,"fill_count":0,"fill_count_fp":"0.00","initial_count":1,"initial_count_fp":"1.00","last_update_time":"2026-02-12T18:37:38.131312Z","maker_fees":0,"maker_fill_cost":0,"maker_fill_cost_dollars":"","no_price":14,"no_price_dollars":"0.1400","order_group_id":null,"order_id":"be590ce0-75ca-428f-8a53-b4a94fc32db5","queue_position":0,"remaining_count":1,"remaining_count_fp":"1.00","side":"yes","status":"resting","subaccount_number":0,"taker_fees":0,"taker_fill_cost":0,"taker_fill_cost_dollars":"","ticker":"KXSOL15M-26FEB121345-45","type":"limit","user_id":"9527e599-009b-4f8e-9db2-774476f31dd7","yes_price":86,"yes_price_dollars":"0.8600"}}
2026-02-12 13:37:42,202 INFO mm_quote ticker=KXSOL15M-26FEB121345-45 side=yes action=buy count=1 price=86 post_only=1 order_response={"order":{"action":"buy","client_order_id":"MM-KXSOL15M-26FEB121345-45-B-Y-69e33bda0d","created_time":"2026-02-12T18:37:42.187964Z","expiration_time":null,"fill_count":0,"fill_count_fp":"0.00","initial_count":1,"initial_count_fp":"1.00","last_update_time":"2026-02-12T18:37:42.187964Z","maker_fees":0,"maker_fill_cost":0,"maker_fill_cost_dollars":"","no_price":14,"no_price_dollars":"0.1400","order_group_id":null,"order_id":"29d0ab69-91cb-4dd9-86d6-ce2f6f791307","queue_position":0,"remaining_count":1,"remaining_count_fp":"1.00","side":"yes","status":"resting","subaccount_number":0,"taker_fees":0,"taker_fill_cost":0,"taker_fill_cost_dollars":"","ticker":"KXSOL15M-26FEB121345-45","type":"limit","user_id":"9527e599-009b-4f8e-9db2-774476f31dd7","yes_price":86,"yes_price_dollars":"0.8600"}}
2026-02-12 13:37:42,202 INFO mm_toxic_regime ticker=KXSOL15M-26FEB121345-45 regime=widen imbalance=0.294 depth_ratio=1.83 mid_move=0.00
2026-02-12 13:37:43,234 INFO mm_toxic_regime ticker=KXSOL15M-26FEB121345-45 regime=normal imbalance=0.051 depth_ratio=1.11 mid_move=0.00
2026-02-12 13:37:53,448 WARNING mm_toxic_pause ticker=KXSOL15M-26FEB121345-45 pause=2.0s imbalance=0.880 depth_ratio=15.66 mid_move=0.00 spreads=2/2 triggers=move:0 imbalance:1 depth:1
2026-02-12 13:37:53,450 INFO mm_toxic_regime ticker=KXSOL15M-26FEB121345-45 regime=pause imbalance=0.880 depth_ratio=15.66 mid_move=0.00
2026-02-12 13:37:54,797 INFO mm_toxic_regime ticker=KXSOL15M-26FEB121345-45 regime=normal imbalance=0.043 depth_ratio=1.09 mid_move=0.00
2026-02-12 13:37:54,797 INFO mm_toxic_hold ticker=KXSOL15M-26FEB121345-45 pause_left=0.65s
2026-02-12 13:38:02,540 WARNING mm_toxic_pause ticker=KXSOL15M-26FEB121345-45 pause=2.0s imbalance=0.848 depth_ratio=12.13 mid_move=0.00 spreads=1/1 triggers=move:0 imbalance:1 depth:1
2026-02-12 13:38:02,542 INFO mm_toxic_regime ticker=KXSOL15M-26FEB121345-45 regime=pause imbalance=0.848 depth_ratio=12.13 mid_move=0.00
2026-02-12 13:38:02,862 INFO mm_toxic_regime ticker=KXSOL15M-26FEB121345-45 regime=widen imbalance=0.429 depth_ratio=2.50 mid_move=1.50
2026-02-12 13:38:03,552 INFO mm_toxic_hold ticker=KXSOL15M-26FEB121345-45 pause_left=0.99s
2026-02-12 13:38:16,428 INFO mm_toxic_regime ticker=KXSOL15M-26FEB121345-45 regime=skew imbalance=0.738 depth_ratio=6.64 mid_move=0.50
2026-02-12 13:38:17,785 INFO mm_toxic_regime ticker=KXSOL15M-26FEB121345-45 regime=widen imbalance=0.456 depth_ratio=2.68 mid_move=0.50
2026-02-12 13:38:44,473 INFO mm_toxic_regime ticker=KXSOL15M-26FEB121345-45 regime=skew imbalance=0.779 depth_ratio=8.05 mid_move=1.00
2026-02-12 13:38:45,855 INFO mm_toxic_regime ticker=KXSOL15M-26FEB121345-45 regime=widen imbalance=0.668 depth_ratio=5.02 mid_move=0.00
2026-02-12 13:39:07,658 INFO mm_toxic_regime ticker=KXSOL15M-26FEB121345-45 regime=normal imbalance=0.280 depth_ratio=1.78 mid_move=0.50
2026-02-12 13:39:09,750 INFO mm_toxic_regime ticker=KXSOL15M-26FEB121345-45 regime=widen imbalance=0.625 depth_ratio=4.34 mid_move=0.00
2026-02-12 13:39:34,587 INFO mm_toxic_regime ticker=KXSOL15M-26FEB121345-45 regime=normal imbalance=0.228 depth_ratio=1.59 mid_move=0.00
2026-02-12 13:39:35,867 INFO mm_toxic_regime ticker=KXSOL15M-26FEB121345-45 regime=widen imbalance=0.299 depth_ratio=1.85 mid_move=0.00
2026-02-12 13:39:36,903 INFO mm_toxic_regime ticker=KXSOL15M-26FEB121345-45 regime=normal imbalance=0.173 depth_ratio=1.42 mid_move=0.00
2026-02-12 13:39:40,643 INFO mm_toxic_regime ticker=KXSOL15M-26FEB121345-45 regime=widen imbalance=0.424 depth_ratio=2.47 mid_move=0.50
2026-02-12 13:39:41,916 INFO mm_toxic_regime ticker=KXSOL15M-26FEB121345-45 regime=normal imbalance=0.252 depth_ratio=1.67 mid_move=0.50
2026-02-12 13:39:44,004 INFO mm_toxic_regime ticker=KXSOL15M-26FEB121345-45 regime=widen imbalance=0.416 depth_ratio=2.42 mid_move=0.00
2026-02-12 13:40:02,156 INFO mm_toxic_regime ticker=KXSOL15M-26FEB121345-45 regime=normal imbalance=0.255 depth_ratio=1.68 mid_move=0.00
2026-02-12 13:40:08,259 INFO mm_toxic_regime ticker=KXSOL15M-26FEB121345-45 regime=widen imbalance=0.357 depth_ratio=2.11 mid_move=0.00
2026-02-12 13:40:21,444 WARNING data_stale_guard ref_age=inf book_age=3.814 book_stale=3.813 ticker=KXSOL15M-26FEB121345-45
2026-02-12 13:40:21,776 WARNING mm_stale_reconnect ticker=KXSOL15M-26FEB121345-45
2026-02-12 13:40:30,860 INFO mm_toxic_regime ticker=KXSOL15M-26FEB121345-45 regime=normal imbalance=0.089 depth_ratio=1.20 mid_move=0.00
2026-02-12 13:40:33,596 INFO mm_toxic_regime ticker=KXSOL15M-26FEB121345-45 regime=widen imbalance=0.512 depth_ratio=3.10 mid_move=0.00
2026-02-12 13:40:34,611 INFO mm_toxic_regime ticker=KXSOL15M-26FEB121345-45 regime=normal imbalance=0.154 depth_ratio=1.36 mid_move=0.00
2026-02-12 13:40:37,364 INFO mm_toxic_regime ticker=KXSOL15M-26FEB121345-45 regime=widen imbalance=0.291 depth_ratio=1.82 mid_move=1.00
2026-02-12 13:40:38,037 INFO mm_toxic_regime ticker=KXSOL15M-26FEB121345-45 regime=normal imbalance=0.175 depth_ratio=1.42 mid_move=0.50
2026-02-12 13:40:42,380 INFO mm_toxic_regime ticker=KXSOL15M-26FEB121345-45 regime=skew imbalance=0.735 depth_ratio=6.56 mid_move=1.00
2026-02-12 13:40:46,435 INFO mm_toxic_regime ticker=KXSOL15M-26FEB121345-45 regime=widen imbalance=0.672 depth_ratio=5.10 mid_move=1.00
2026-02-12 13:40:48,061 INFO mm_toxic_regime ticker=KXSOL15M-26FEB121345-45 regime=skew imbalance=0.725 depth_ratio=6.28 mid_move=1.00
2026-02-12 13:40:50,060 INFO mm_toxic_regime ticker=KXSOL15M-26FEB121345-45 regime=widen imbalance=0.687 depth_ratio=5.39 mid_move=2.00
2026-02-12 13:41:10,330 WARNING data_stale_guard ref_age=inf book_age=3.008 book_stale=3.008 ticker=KXSOL15M-26FEB121345-45
2026-02-12 13:41:10,676 WARNING mm_stale_reconnect ticker=KXSOL15M-26FEB121345-45
2026-02-12 13:41:19,552 INFO mm_toxic_regime ticker=KXSOL15M-26FEB121345-45 regime=skew imbalance=0.746 depth_ratio=6.86 mid_move=0.50
2026-02-12 13:41:22,943 WARNING data_stale_guard ref_age=inf book_age=3.550 book_stale=3.550 ticker=KXSOL15M-26FEB121345-45
2026-02-12 13:41:31,860 WARNING data_stale_guard ref_age=inf book_age=3.900 book_stale=3.900 ticker=KXSOL15M-26FEB121345-45
2026-02-12 13:41:31,912 WARNING mm_stale_reconnect ticker=KXSOL15M-26FEB121345-45
2026-02-12 13:41:34,010 INFO mm_toxic_regime ticker=KXSOL15M-26FEB121345-45 regime=widen imbalance=0.492 depth_ratio=2.94 mid_move=0.00
2026-02-12 13:41:40,386 WARNING data_stale_guard ref_age=inf book_age=3.935 book_stale=3.935 ticker=KXSOL15M-26FEB121345-45
2026-02-12 13:42:06,660 WARNING data_stale_guard ref_age=inf book_age=3.775 book_stale=3.775 ticker=KXSOL15M-26FEB121345-45
2026-02-12 13:42:07,027 WARNING mm_stale_reconnect ticker=KXSOL15M-26FEB121345-45
2026-02-12 13:42:09,977 INFO runtime limit reached; exiting.
2026-02-12 13:42:10,495 WARNING cancel_all_orders result={"canceled":0,"errors":[]}
