2026-02-12 16:00:09,615 WARNING market_roll_gap series=KXBTC15M err=no_active_markets_for_series=KXBTC15M
2026-02-12 16:01:32,335 INFO market_roll old=NONE new=KXBTC15M-26FEB121615-15 source=quoteable
2026-02-12 16:01:33,129 INFO mm_toxic_regime ticker=KXBTC15M-26FEB121615-15 regime=widen imbalance=0.623 depth_ratio=4.31 mid_move=0.00
2026-02-12 16:01:33,129 INFO mm_quote ticker=KXBTC15M-26FEB121615-15 side=no action=buy count=17 price=37 post_only=1 dry_run=1
2026-02-12 16:01:33,130 INFO performance_write path=/Users/adamcarrington/Documents/3.0 bot/kalshi bot 2.10.26/logs/performance_mm_paper_3x15_btc.json payload={"as_of":"2026-02-12T21:01:33Z","ticker":"KXBTC15M-26FEB121615-15","series_ticker":"KXBTC15M","window_minutes":15,"wins":0,"losses":0,"fill_count":0,"slippage_cents":0.0,"adverse_selection_count":0,"adverse_selection_total":0,"adverse_selection_rate":0.0,"last_real_yes_probability":0.61,"last_kalshi_implied_yes_probability":0.61,"edge_threshold":0.0,"order_attempts":0,"order_failures":0,"last_401_epoch":0.0,"regime":"mm","microstructure":{"spread_yes":4,"spread_no":4,"imbalance":0.6232267670292403,"yes_depth":19624,"no_depth":4555,"pinned_state":false,"zero_spread_state":false,"book_age_seconds":0.00873708724975586,"book_stale_seconds":0.008679866790771484},"reference":{"source":"","last_error":"","spot_price":null,"perp_price":null,"coinbase_price":null,"kraken_price":null,"cross_exchange
2026-02-12 16:01:33,796 INFO mm_toxic_regime ticker=KXBTC15M-26FEB121615-15 regime=skew imbalance=0.755 depth_ratio=7.15 mid_move=0.50
2026-02-12 16:01:34,801 INFO mm_toxic_regime ticker=KXBTC15M-26FEB121615-15 regime=normal imbalance=0.111 depth_ratio=1.25 mid_move=1.50
2026-02-12 16:01:34,802 INFO mm_quote ticker=KXBTC15M-26FEB121615-15 side=no action=buy count=20 price=36 post_only=1 dry_run=1
2026-02-12 16:01:35,806 INFO mm_toxic_regime ticker=KXBTC15M-26FEB121615-15 regime=widen imbalance=0.482 depth_ratio=2.86 mid_move=0.00
2026-02-12 16:01:35,807 INFO mm_quote ticker=KXBTC15M-26FEB121615-15 side=no action=buy count=17 price=36 post_only=1 dry_run=1
2026-02-12 16:01:36,811 INFO mm_toxic_regime ticker=KXBTC15M-26FEB121615-15 regime=normal imbalance=0.278 depth_ratio=1.77 mid_move=0.50
2026-02-12 16:01:36,811 INFO mm_quote ticker=KXBTC15M-26FEB121615-15 side=no action=buy count=20 price=35 post_only=1 dry_run=1
2026-02-12 16:01:37,967 INFO mm_toxic_regime ticker=KXBTC15M-26FEB121615-15 regime=widen imbalance=0.550 depth_ratio=3.45 mid_move=0.50
2026-02-12 16:01:37,968 INFO mm_quote ticker=KXBTC15M-26FEB121615-15 side=no action=buy count=17 price=36 post_only=1 dry_run=1
2026-02-12 16:01:38,820 INFO mm_toxic_regime ticker=KXBTC15M-26FEB121615-15 regime=normal imbalance=0.182 depth_ratio=1.44 mid_move=0.50
2026-02-12 16:01:39,825 INFO mm_toxic_regime ticker=KXBTC15M-26FEB121615-15 regime=widen imbalance=0.529 depth_ratio=3.25 mid_move=0.50
2026-02-12 16:01:39,825 INFO mm_quote ticker=KXBTC15M-26FEB121615-15 side=no action=buy count=17 price=36 post_only=1 dry_run=1
2026-02-12 16:01:40,830 INFO mm_queue_skip_low_value ticker=KXBTC15M-26FEB121615-15 side=no value=0.013 threshold=0.050 price=42 ask=43
2026-02-12 16:01:41,835 INFO mm_toxic_regime ticker=KXBTC15M-26FEB121615-15 regime=normal imbalance=0.023 depth_ratio=1.05 mid_move=2.50
2026-02-12 16:01:41,835 INFO mm_queue_skip_low_value ticker=KXBTC15M-26FEB121615-15 side=no value=0.033 threshold=0.050 price=44 ask=46
2026-02-12 16:01:42,926 INFO mm_quote ticker=KXBTC15M-26FEB121615-15 side=no action=buy count=20 price=45 post_only=1 dry_run=1
2026-02-12 16:01:43,845 INFO mm_toxic_regime ticker=KXBTC15M-26FEB121615-15 regime=widen imbalance=0.424 depth_ratio=2.47 mid_move=0.50
2026-02-12 16:01:44,909 INFO mm_queue_skip_low_value ticker=KXBTC15M-26FEB121615-15 side=no value=0.033 threshold=0.050 price=46 ask=48
2026-02-12 16:01:46,857 INFO mm_quote ticker=KXBTC15M-26FEB121615-15 side=no action=buy count=17 price=46 post_only=1 dry_run=1
2026-02-12 16:01:47,994 INFO mm_toxic_regime ticker=KXBTC15M-26FEB121615-15 regime=normal imbalance=0.015 depth_ratio=1.03 mid_move=1.50
2026-02-12 16:01:47,994 INFO mm_queue_skip_low_value ticker=KXBTC15M-26FEB121615-15 side=no value=0.033 threshold=0.050 price=48 ask=50
2026-02-12 16:01:49,867 INFO mm_toxic_regime ticker=KXBTC15M-26FEB121615-15 regime=widen imbalance=0.576 depth_ratio=3.72 mid_move=0.00
2026-02-12 16:01:49,867 INFO mm_queue_skip_low_value ticker=KXBTC15M-26FEB121615-15 side=no value=0.033 threshold=0.050 price=48 ask=50
2026-02-12 16:01:50,870 INFO mm_toxic_regime ticker=KXBTC15M-26FEB121615-15 regime=normal imbalance=0.027 depth_ratio=1.06 mid_move=4.00
2026-02-12 16:01:50,870 INFO mm_queue_skip_low_value ticker=KXBTC15M-26FEB121615-15 side=no value=0.033 threshold=0.050 price=44 ask=46
2026-02-12 16:01:54,886 INFO mm_toxic_regime ticker=KXBTC15M-26FEB121615-15 regime=widen imbalance=0.680 depth_ratio=5.25 mid_move=3.50
2026-02-12 16:01:55,890 INFO mm_toxic_regime ticker=KXBTC15M-26FEB121615-15 regime=skew imbalance=0.730 depth_ratio=6.42 mid_move=0.50
2026-02-12 16:01:55,890 INFO mm_queue_skip_low_value ticker=KXBTC15M-26FEB121615-15 side=no value=0.033 threshold=0.050 price=38 ask=40
2026-02-12 16:01:56,982 INFO mm_toxic_regime ticker=KXBTC15M-26FEB121615-15 regime=normal imbalance=0.263 depth_ratio=1.71 mid_move=0.50
2026-02-12 16:01:56,983 INFO mm_queue_skip_low_value ticker=KXBTC15M-26FEB121615-15 side=no value=0.013 threshold=0.050 price=39 ask=40
2026-02-12 16:01:57,993 INFO mm_toxic_regime ticker=KXBTC15M-26FEB121615-15 regime=skew imbalance=0.735 depth_ratio=6.53 mid_move=0.50
2026-02-12 16:01:57,994 INFO mm_queue_skip_low_value ticker=KXBTC15M-26FEB121615-15 side=no value=0.033 threshold=0.050 price=38 ask=40
2026-02-12 16:01:58,900 INFO mm_toxic_regime ticker=KXBTC15M-26FEB121615-15 regime=widen imbalance=0.566 depth_ratio=3.61 mid_move=0.00
2026-02-12 16:01:59,905 WARNING mm_toxic_pause ticker=KXBTC15M-26FEB121615-15 pause=3.0s imbalance=0.822 depth_ratio=10.27 mid_move=1.00 spreads=2/2 triggers=move:0 imbalance:1 depth:1
2026-02-12 16:01:59,905 INFO mm_toxic_regime ticker=KXBTC15M-26FEB121615-15 regime=pause imbalance=0.822 depth_ratio=10.27 mid_move=1.00
2026-02-12 16:02:00,910 INFO mm_toxic_regime ticker=KXBTC15M-26FEB121615-15 regime=widen imbalance=0.713 depth_ratio=5.96 mid_move=2.50
2026-02-12 16:02:00,911 INFO mm_toxic_hold ticker=KXBTC15M-26FEB121615-15 pause_left=1.99s
2026-02-12 16:02:01,914 INFO mm_toxic_regime ticker=KXBTC15M-26FEB121615-15 regime=normal imbalance=0.071 depth_ratio=1.15 mid_move=4.00
2026-02-12 16:02:01,915 INFO mm_toxic_hold ticker=KXBTC15M-26FEB121615-15 pause_left=0.99s
2026-02-12 16:02:03,002 INFO mm_toxic_regime ticker=KXBTC15M-26FEB121615-15 regime=widen imbalance=0.313 depth_ratio=1.91 mid_move=1.00
2026-02-12 16:02:03,003 INFO mm_queue_skip_low_value ticker=KXBTC15M-26FEB121615-15 side=no value=0.013 threshold=0.050 price=34 ask=35
2026-02-12 16:02:03,922 INFO mm_toxic_regime ticker=KXBTC15M-26FEB121615-15 regime=normal imbalance=0.059 depth_ratio=1.13 mid_move=2.00
2026-02-12 16:02:04,927 INFO mm_toxic_regime ticker=KXBTC15M-26FEB121615-15 regime=widen imbalance=0.442 depth_ratio=2.58 mid_move=2.50
2026-02-12 16:02:04,928 INFO mm_queue_skip_low_value ticker=KXBTC15M-26FEB121615-15 side=no value=0.033 threshold=0.050 price=36 ask=38
2026-02-12 16:02:05,932 INFO mm_queue_skip_low_value ticker=KXBTC15M-26FEB121615-15 side=no value=0.033 threshold=0.050 price=36 ask=38
2026-02-12 16:02:06,936 INFO mm_queue_skip_low_value ticker=KXBTC15M-26FEB121615-15 side=no value=0.033 threshold=0.050 price=36 ask=38
2026-02-12 16:02:08,045 INFO mm_queue_skip_low_value ticker=KXBTC15M-26FEB121615-15 side=no value=0.033 threshold=0.050 price=36 ask=38
2026-02-12 16:02:09,951 INFO mm_queue_skip_low_value ticker=KXBTC15M-26FEB121615-15 side=no value=0.033 threshold=0.050 price=38 ask=40
2026-02-12 16:02:10,952 INFO mm_toxic_regime ticker=KXBTC15M-26FEB121615-15 regime=normal imbalance=0.256 depth_ratio=1.69 mid_move=2.50
2026-02-12 16:02:13,963 INFO mm_toxic_regime ticker=KXBTC15M-26FEB121615-15 regime=widen imbalance=0.289 depth_ratio=1.81 mid_move=0.00
2026-02-12 16:02:14,968 INFO mm_toxic_regime ticker=KXBTC15M-26FEB121615-15 regime=normal imbalance=0.218 depth_ratio=1.56 mid_move=0.00
2026-02-12 16:02:18,071 INFO mm_toxic_regime ticker=KXBTC15M-26FEB121615-15 regime=widen imbalance=0.342 depth_ratio=2.04 mid_move=0.50
2026-02-12 16:02:18,986 INFO mm_toxic_regime ticker=KXBTC15M-26FEB121615-15 regime=normal imbalance=0.244 depth_ratio=1.65 mid_move=1.00
2026-02-12 16:02:19,989 INFO mm_toxic_regime ticker=KXBTC15M-26FEB121615-15 regime=widen imbalance=0.365 depth_ratio=2.15 mid_move=4.50
2026-02-12 16:02:19,990 INFO mm_queue_skip_low_value ticker=KXBTC15M-26FEB121615-15 side=no value=0.033 threshold=0.050 price=28 ask=30
2026-02-12 16:02:21,079 INFO mm_toxic_regime ticker=KXBTC15M-26FEB121615-15 regime=normal imbalance=0.209 depth_ratio=1.53 mid_move=1.00
2026-02-12 16:02:23,095 INFO mm_toxic_regime ticker=KXBTC15M-26FEB121615-15 regime=skew imbalance=0.742 depth_ratio=6.74 mid_move=0.00
2026-02-12 16:02:23,095 INFO mm_queue_skip_low_value ticker=KXBTC15M-26FEB121615-15 side=no value=0.033 threshold=0.050 price=29 ask=31
2026-02-12 16:02:25,011 INFO mm_toxic_regime ticker=KXBTC15M-26FEB121615-15 regime=normal imbalance=0.162 depth_ratio=1.39 mid_move=0.00
2026-02-12 16:02:25,012 INFO mm_queue_skip_low_value ticker=KXBTC15M-26FEB121615-15 side=no value=0.033 threshold=0.050 price=29 ask=31
2026-02-12 16:02:26,016 INFO mm_toxic_regime ticker=KXBTC15M-26FEB121615-15 regime=skew imbalance=0.731 depth_ratio=6.43 mid_move=0.50
2026-02-12 16:02:27,021 INFO mm_toxic_regime ticker=KXBTC15M-26FEB121615-15 regime=normal imbalance=0.021 depth_ratio=1.04 mid_move=0.50
2026-02-12 16:02:27,021 INFO mm_queue_skip_low_value ticker=KXBTC15M-26FEB121615-15 side=no value=0.033 threshold=0.050 price=29 ask=31
2026-02-12 16:02:28,224 INFO mm_queue_skip_low_value ticker=KXBTC15M-26FEB121615-15 side=no value=0.033 threshold=0.050 price=29 ask=31
2026-02-12 16:02:29,031 INFO mm_toxic_regime ticker=KXBTC15M-26FEB121615-15 regime=widen imbalance=0.334 depth_ratio=2.00 mid_move=0.50
2026-02-12 16:02:31,041 INFO mm_queue_skip_low_value ticker=KXBTC15M-26FEB121615-15 side=no value=0.033 threshold=0.050 price=28 ask=30
2026-02-12 16:02:32,045 INFO runtime limit reached; exiting.
