2026-02-11 12:14:08,262 INFO market_roll old=NONE new=KXBTC15M-26FEB111215-15
2026-02-11 12:14:08,899 WARNING binance_poll_error=451 Client Error:  for url: https://api.binance.com/api/v3/ticker/price?symbol=BTCUSDT
2026-02-11 12:14:09,915 WARNING binance_poll_error=451 Client Error:  for url: https://api.binance.com/api/v3/ticker/price?symbol=BTCUSDT
2026-02-11 12:14:10,932 WARNING binance_poll_error=451 Client Error:  for url: https://api.binance.com/api/v3/ticker/price?symbol=BTCUSDT
2026-02-11 12:14:11,979 WARNING binance_poll_error=451 Client Error:  for url: https://api.binance.com/api/v3/ticker/price?symbol=BTCUSDT
2026-02-11 12:14:13,001 WARNING binance_poll_error=451 Client Error:  for url: https://api.binance.com/api/v3/ticker/price?symbol=BTCUSDT
2026-02-11 12:14:14,070 WARNING binance_poll_error=451 Client Error:  for url: https://api.binance.com/api/v3/ticker/price?symbol=BTCUSDT
2026-02-11 12:14:15,116 WARNING binance_poll_error=451 Client Error:  for url: https://api.binance.com/api/v3/ticker/price?symbol=BTCUSDT
2026-02-11 12:14:16,135 WARNING binance_poll_error=451 Client Error:  for url: https://api.binance.com/api/v3/ticker/price?symbol=BTCUSDT
2026-02-11 12:14:17,665 WARNING binance_poll_error=451 Client Error:  for url: https://api.binance.com/api/v3/ticker/price?symbol=BTCUSDT
2026-02-11 12:14:18,724 WARNING binance_poll_error=451 Client Error:  for url: https://api.binance.com/api/v3/ticker/price?symbol=BTCUSDT
2026-02-11 12:14:19,787 WARNING binance_poll_error=451 Client Error:  for url: https://api.binance.com/api/v3/ticker/price?symbol=BTCUSDT
2026-02-11 12:14:20,804 WARNING binance_poll_error=451 Client Error:  for url: https://api.binance.com/api/v3/ticker/price?symbol=BTCUSDT
2026-02-11 12:14:21,847 WARNING binance_poll_error=451 Client Error:  for url: https://api.binance.com/api/v3/ticker/price?symbol=BTCUSDT
2026-02-11 12:14:22,866 WARNING binance_poll_error=451 Client Error:  for url: https://api.binance.com/api/v3/ticker/price?symbol=BTCUSDT
2026-02-11 12:14:23,916 WARNING binance_poll_error=451 Client Error:  for url: https://api.binance.com/api/v3/ticker/price?symbol=BTCUSDT
2026-02-11 12:14:25,064 WARNING binance_poll_error=451 Client Error:  for url: https://api.binance.com/api/v3/ticker/price?symbol=BTCUSDT
2026-02-11 12:14:26,080 WARNING binance_poll_error=451 Client Error:  for url: https://api.binance.com/api/v3/ticker/price?symbol=BTCUSDT
2026-02-11 12:14:26,555 INFO keyboard interrupt, stopping.
2026-02-11 12:43:31,256 INFO market_roll old=NONE new=KXBTC15M-26FEB111245-45
2026-02-11 12:43:32,439 INFO ev_reject ticker=KXBTC15M-26FEB111245-45 side=yes mode=snipe ev=-0.570 min_ev=0.200
2026-02-11 12:43:32,441 INFO performance_write path=/Users/adamcarrington/Documents/3.0 bot/kalshi bot 2.10.26/logs/performance.json payload={"as_of":"2026-02-11T17:43:32Z","ticker":"KXBTC15M-26FEB111245-45","series_ticker":"KXBTC15M","window_minutes":15,"wins":0,"losses":0,"fill_count":0,"slippage_cents":0.0,"adverse_selection_count":0,"adverse_selection_total":0,"adverse_selection_rate":0.0,"last_real_yes_probability":0.5,"last_kalshi_implied_yes_probability":0.06,"edge_threshold":0.05,"order_attempts":0,"order_failures":0,"last_401_epoch":0.0,"regime":"calm","microstructure":{"spread_yes":2,"spread_no":2,"imbalance":0.9326533040552966,"yes_depth":89334,"no_depth":3113,"pinned_state":false,"zero_spread_state":false,"book_age_seconds":0.009245872497558594,"book_stale_seconds":0.009183168411254883},"reference":{"source":"median_coinbase_kraken","last_error":"","spot_price":66521.2375,"perp_price":null,"coinbase_price":66523.975
2026-02-11 12:43:32,552 WARNING flash_spike_guard_active pause_remaining=5.00s reason=cross_exchange_divergence diff_pct=0.001167 threshold=0.001000 source=median_coinbase_kraken diff_pct=0.001167
2026-02-11 12:43:37,742 INFO ev_reject ticker=KXBTC15M-26FEB111245-45 side=yes mode=snipe ev=-1.601 min_ev=0.200
2026-02-11 12:43:38,687 INFO ev_reject ticker=KXBTC15M-26FEB111245-45 side=yes mode=snipe ev=-0.601 min_ev=0.200
2026-02-11 12:43:39,627 INFO ev_reject ticker=KXBTC15M-26FEB111245-45 side=yes mode=snipe ev=-0.915 min_ev=0.200
2026-02-11 12:43:40,745 INFO ev_reject ticker=KXBTC15M-26FEB111245-45 side=yes mode=snipe ev=-0.220 min_ev=0.200
2026-02-11 12:43:41,632 INFO ev_reject ticker=KXBTC15M-26FEB111245-45 side=yes mode=snipe ev=-0.906 min_ev=0.200
2026-02-11 12:43:42,698 INFO ev_reject ticker=KXBTC15M-26FEB111245-45 side=yes mode=snipe ev=-0.906 min_ev=0.200
2026-02-11 12:43:43,640 INFO ev_reject ticker=KXBTC15M-26FEB111245-45 side=yes mode=snipe ev=-0.426 min_ev=0.200
2026-02-11 12:43:46,275 INFO ev_reject ticker=KXBTC15M-26FEB111245-45 side=yes mode=snipe ev=-0.546 min_ev=0.200
2026-02-11 12:43:46,396 INFO ev_reject ticker=KXBTC15M-26FEB111245-45 side=yes mode=snipe ev=-0.546 min_ev=0.200
2026-02-11 12:43:47,363 INFO ev_reject ticker=KXBTC15M-26FEB111245-45 side=yes mode=snipe ev=-0.546 min_ev=0.200
2026-02-11 12:43:48,386 INFO ev_reject ticker=KXBTC15M-26FEB111245-45 side=yes mode=snipe ev=-0.546 min_ev=0.200
2026-02-11 12:43:49,632 INFO ev_reject ticker=KXBTC15M-26FEB111245-45 side=yes mode=snipe ev=-0.361 min_ev=0.200
2026-02-11 12:43:50,348 INFO ev_reject ticker=KXBTC15M-26FEB111245-45 side=yes mode=snipe ev=-0.361 min_ev=0.200
2026-02-11 12:43:51,339 INFO ev_reject ticker=KXBTC15M-26FEB111245-45 side=yes mode=snipe ev=-0.361 min_ev=0.200
2026-02-11 12:43:52,590 WARNING flash_spike_guard_active pause_remaining=5.00s reason=cross_exchange_divergence diff_pct=0.001122 threshold=0.001000 source=median_coinbase_kraken diff_pct=0.001122
2026-02-11 12:43:57,900 INFO ev_reject ticker=KXBTC15M-26FEB111245-45 side=yes mode=snipe ev=-0.341 min_ev=0.200
2026-02-11 12:43:58,668 INFO ev_reject ticker=KXBTC15M-26FEB111245-45 side=yes mode=snipe ev=-0.356 min_ev=0.200
2026-02-11 12:43:59,668 INFO ev_reject ticker=KXBTC15M-26FEB111245-45 side=yes mode=snipe ev=-0.356 min_ev=0.200
2026-02-11 12:44:00,690 INFO ev_reject ticker=KXBTC15M-26FEB111245-45 side=yes mode=snipe ev=-0.562 min_ev=0.200
2026-02-11 12:44:01,743 INFO ev_reject ticker=KXBTC15M-26FEB111245-45 side=yes mode=snipe ev=-0.826 min_ev=0.200
2026-02-11 12:44:02,734 INFO trade_signal ticker=KXBTC15M-26FEB111245-45 side=yes mode=mm count=8 price=2 edge=0.5577 real_yes=0.5777 implied_yes=0.0200 ev_cents=55.545 dry_run=1
2026-02-11 12:44:04,549 INFO trade_signal ticker=KXBTC15M-26FEB111245-45 side=yes mode=mm count=8 price=2 edge=0.4982 real_yes=0.5182 implied_yes=0.0200 ev_cents=49.590 dry_run=1
2026-02-11 13:20:04,049 INFO market_roll old=NONE new=KXBTC15M-26FEB111330-30
2026-02-11 13:20:04,598 INFO ev_reject ticker=KXBTC15M-26FEB111330-30 side=no mode=snipe ev=-0.570 min_ev=0.200
2026-02-11 13:20:04,599 INFO performance_write path=/Users/adamcarrington/Documents/3.0 bot/kalshi bot 2.10.26/logs/performance.json payload={"as_of":"2026-02-11T18:20:04Z","ticker":"KXBTC15M-26FEB111330-30","series_ticker":"KXBTC15M","window_minutes":15,"wins":0,"losses":0,"fill_count":0,"slippage_cents":0.0,"adverse_selection_count":0,"adverse_selection_total":0,"adverse_selection_rate":0.0,"last_real_yes_probability":0.5,"last_kalshi_implied_yes_probability":0.94,"edge_threshold":0.05,"order_attempts":0,"order_failures":0,"last_401_epoch":0.0,"regime":"calm","microstructure":{"spread_yes":2,"spread_no":2,"imbalance":-0.9348551973985727,"yes_depth":2985,"no_depth":88657,"pinned_state":false,"zero_spread_state":false,"book_age_seconds":0.26936864852905273,"book_stale_seconds":0.2693052291870117},"reference":{"source":"median_coinbase_kraken","last_error":"","spot_price":66722.5875,"perp_price":null,"coinbase_price":66715.675,"
2026-02-11 13:20:05,209 INFO ev_reject ticker=KXBTC15M-26FEB111330-30 side=no mode=snipe ev=-0.570 min_ev=0.200
2026-02-11 13:20:06,223 INFO ev_reject ticker=KXBTC15M-26FEB111330-30 side=no mode=snipe ev=-0.570 min_ev=0.200
2026-02-11 13:20:07,477 INFO ev_reject ticker=KXBTC15M-26FEB111330-30 side=no mode=snipe ev=-0.405 min_ev=0.200
2026-02-11 13:20:08,250 INFO ev_reject ticker=KXBTC15M-26FEB111330-30 side=no mode=snipe ev=-0.405 min_ev=0.200
2026-02-11 13:20:09,261 INFO ev_reject ticker=KXBTC15M-26FEB111330-30 side=no mode=snipe ev=-0.405 min_ev=0.200
2026-02-11 13:20:10,485 INFO ev_reject ticker=KXBTC15M-26FEB111330-30 side=no mode=snipe ev=-0.122 min_ev=0.200
2026-02-11 13:20:11,245 INFO ev_reject ticker=KXBTC15M-26FEB111330-30 side=no mode=snipe ev=-0.122 min_ev=0.200
2026-02-11 13:20:12,234 INFO ev_reject ticker=KXBTC15M-26FEB111330-30 side=no mode=snipe ev=-0.122 min_ev=0.200
2026-02-11 13:20:13,502 INFO ev_reject ticker=KXBTC15M-26FEB111330-30 side=no mode=snipe ev=-0.422 min_ev=0.200
2026-02-11 13:20:14,289 INFO ev_reject ticker=KXBTC15M-26FEB111330-30 side=no mode=snipe ev=-0.422 min_ev=0.200
2026-02-11 13:20:15,232 INFO ev_reject ticker=KXBTC15M-26FEB111330-30 side=no mode=snipe ev=-0.422 min_ev=0.200
2026-02-11 13:20:16,348 INFO ev_reject ticker=KXBTC15M-26FEB111330-30 side=no mode=snipe ev=-0.792 min_ev=0.200
2026-02-11 13:20:17,245 INFO ev_reject ticker=KXBTC15M-26FEB111330-30 side=no mode=snipe ev=-0.792 min_ev=0.200
2026-02-11 13:20:18,287 INFO ev_reject ticker=KXBTC15M-26FEB111330-30 side=no mode=snipe ev=-0.772 min_ev=0.200
2026-02-11 13:20:19,556 INFO ev_reject ticker=KXBTC15M-26FEB111330-30 side=no mode=snipe ev=-0.122 min_ev=0.200
2026-02-11 13:20:20,266 INFO ev_reject ticker=KXBTC15M-26FEB111330-30 side=no mode=snipe ev=-0.142 min_ev=0.200
2026-02-11 13:20:21,256 INFO ev_reject ticker=KXBTC15M-26FEB111330-30 side=no mode=snipe ev=-0.142 min_ev=0.200
2026-02-11 13:20:22,517 INFO ev_reject ticker=KXBTC15M-26FEB111330-30 side=no mode=snipe ev=-0.122 min_ev=0.200
2026-02-11 13:20:23,283 INFO ev_reject ticker=KXBTC15M-26FEB111330-30 side=no mode=snipe ev=-0.122 min_ev=0.200
2026-02-11 13:23:22,393 INFO market_roll old=NONE new=KXBTC15M-26FEB111330-30
2026-02-11 13:23:22,838 INFO ev_reject ticker=KXBTC15M-26FEB111330-30 side=no mode=snipe ev=-0.570 min_ev=0.200
2026-02-11 13:23:22,838 INFO performance_write path=/Users/adamcarrington/Documents/3.0 bot/kalshi bot 2.10.26/logs/performance.json payload={"as_of":"2026-02-11T18:23:22Z","ticker":"KXBTC15M-26FEB111330-30","series_ticker":"KXBTC15M","window_minutes":15,"wins":0,"losses":0,"fill_count":0,"slippage_cents":0.0,"adverse_selection_count":0,"adverse_selection_total":0,"adverse_selection_rate":0.0,"last_real_yes_probability":0.5,"last_kalshi_implied_yes_probability":0.945,"edge_threshold":0.05,"order_attempts":0,"order_failures":0,"last_401_epoch":0.0,"regime":"calm","microstructure":{"spread_yes":1,"spread_no":1,"imbalance":-0.2840948726892222,"yes_depth":4105,"no_depth":7363,"pinned_state":false,"zero_spread_state":false,"book_age_seconds":0.01557302474975586,"book_stale_seconds":0.01554107666015625},"reference":{"source":"median_coinbase_kraken","last_error":"","spot_price":66744.1275,"perp_price":null,"coinbase_price":66755.955,
2026-02-11 13:23:23,853 INFO ev_reject ticker=KXBTC15M-26FEB111330-30 side=no mode=snipe ev=-0.570 min_ev=0.200
2026-02-11 13:23:24,704 INFO ev_reject ticker=KXBTC15M-26FEB111330-30 side=no mode=snipe ev=-0.570 min_ev=0.200
2026-02-11 13:23:25,694 INFO ev_reject ticker=KXBTC15M-26FEB111330-30 side=no mode=snipe ev=-0.570 min_ev=0.200
2026-02-11 13:23:26,749 INFO ev_reject ticker=KXBTC15M-26FEB111330-30 side=no mode=snipe ev=-0.560 min_ev=0.200
2026-02-11 13:23:27,638 INFO ev_reject ticker=KXBTC15M-26FEB111330-30 side=no mode=snipe ev=-0.560 min_ev=0.200
2026-02-11 13:23:28,667 INFO ev_reject ticker=KXBTC15M-26FEB111330-30 side=no mode=snipe ev=-0.560 min_ev=0.200
2026-02-11 13:23:29,901 INFO ev_reject ticker=KXBTC15M-26FEB111330-30 side=no mode=snipe ev=-1.040 min_ev=0.200
2026-02-11 13:23:30,661 INFO ev_reject ticker=KXBTC15M-26FEB111330-30 side=no mode=snipe ev=-0.448 min_ev=0.200
2026-02-11 13:23:31,589 INFO ev_reject ticker=KXBTC15M-26FEB111330-30 side=no mode=snipe ev=-0.448 min_ev=0.200
2026-02-11 13:23:32,936 INFO ev_reject ticker=KXBTC15M-26FEB111330-30 side=no mode=snipe ev=-0.448 min_ev=0.200
2026-02-11 13:23:33,596 INFO ev_reject ticker=KXBTC15M-26FEB111330-30 side=no mode=snipe ev=-0.448 min_ev=0.200
2026-02-11 13:23:34,648 INFO ev_reject ticker=KXBTC15M-26FEB111330-30 side=no mode=snipe ev=-0.448 min_ev=0.200
2026-02-11 13:23:35,785 INFO ev_reject ticker=KXBTC15M-26FEB111330-30 side=no mode=snipe ev=-0.203 min_ev=0.200
2026-02-11 13:23:36,697 INFO ev_reject ticker=KXBTC15M-26FEB111330-30 side=no mode=snipe ev=-0.203 min_ev=0.200
2026-02-11 13:23:37,781 INFO ev_reject ticker=KXBTC15M-26FEB111330-30 side=no mode=snipe ev=-0.203 min_ev=0.200
2026-02-11 13:23:38,928 INFO ev_reject ticker=KXBTC15M-26FEB111330-30 side=no mode=snipe ev=-0.075 min_ev=0.200
2026-02-11 13:23:39,684 INFO ev_reject ticker=KXBTC15M-26FEB111330-30 side=no mode=snipe ev=-0.075 min_ev=0.200
2026-02-11 13:23:40,700 INFO ev_reject ticker=KXBTC15M-26FEB111330-30 side=no mode=snipe ev=-0.075 min_ev=0.200
2026-02-11 13:23:41,961 INFO ev_reject ticker=KXBTC15M-26FEB111330-30 side=no mode=snipe ev=-0.160 min_ev=0.200
2026-02-11 13:23:42,625 INFO ev_reject ticker=KXBTC15M-26FEB111330-30 side=no mode=snipe ev=-0.160 min_ev=0.200
2026-02-11 13:23:43,774 INFO ev_reject ticker=KXBTC15M-26FEB111330-30 side=no mode=snipe ev=-0.160 min_ev=0.200
2026-02-11 13:23:44,755 INFO ev_reject ticker=KXBTC15M-26FEB111330-30 side=no mode=snipe ev=-0.160 min_ev=0.200
2026-02-11 13:23:45,691 INFO ev_reject ticker=KXBTC15M-26FEB111330-30 side=no mode=snipe ev=-0.160 min_ev=0.200
2026-02-11 13:23:46,669 INFO ev_reject ticker=KXBTC15M-26FEB111330-30 side=no mode=snipe ev=-0.504 min_ev=0.200
2026-02-11 13:23:47,732 INFO ev_reject ticker=KXBTC15M-26FEB111330-30 side=no mode=snipe ev=-0.308 min_ev=0.200
2026-02-11 13:23:48,654 INFO ev_reject ticker=KXBTC15M-26FEB111330-30 side=no mode=snipe ev=-0.965 min_ev=0.200
2026-02-11 13:23:49,819 INFO ev_reject ticker=KXBTC15M-26FEB111330-30 side=no mode=snipe ev=-0.965 min_ev=0.200
2026-02-11 13:23:50,808 INFO ev_reject ticker=KXBTC15M-26FEB111330-30 side=no mode=snipe ev=-0.308 min_ev=0.200
2026-02-11 13:23:51,705 INFO ev_reject ticker=KXBTC15M-26FEB111330-30 side=no mode=snipe ev=-0.308 min_ev=0.200
2026-02-11 13:23:52,729 INFO ev_reject ticker=KXBTC15M-26FEB111330-30 side=no mode=snipe ev=-0.308 min_ev=0.200
2026-02-11 13:23:53,971 INFO ev_reject ticker=KXBTC15M-26FEB111330-30 side=no mode=snipe ev=-0.293 min_ev=0.200
2026-02-11 13:23:54,723 INFO ev_reject ticker=KXBTC15M-26FEB111330-30 side=no mode=snipe ev=-0.293 min_ev=0.200
2026-02-11 13:23:55,752 INFO ev_reject ticker=KXBTC15M-26FEB111330-30 side=no mode=snipe ev=-0.304 min_ev=0.200
2026-02-11 13:23:56,673 INFO ev_reject ticker=KXBTC15M-26FEB111330-30 side=no mode=snipe ev=-0.523 min_ev=0.200
2026-02-11 13:23:57,691 INFO ev_reject ticker=KXBTC15M-26FEB111330-30 side=no mode=snipe ev=-0.523 min_ev=0.200
2026-02-11 13:23:58,755 INFO ev_reject ticker=KXBTC15M-26FEB111330-30 side=no mode=snipe ev=-1.043 min_ev=0.200
2026-02-11 13:24:00,032 INFO ev_reject ticker=KXBTC15M-26FEB111330-30 side=no mode=snipe ev=-0.215 min_ev=0.200
2026-02-11 13:24:00,523 INFO keyboard interrupt, stopping.
2026-02-11 23:19:41,567 INFO mm_skip_spread_narrow ticker=KXBTC15M-26FEB112300-00 yes=50/51 no=49/50 min_spread=2
2026-02-11 23:28:38,166 INFO mm_skip_spread_narrow ticker=KXBTC15M-26FEB112300-00 yes=50/51 no=49/50 min_spread=2
2026-02-11 23:59:20,812 INFO mm_skip_spread_narrow ticker=KXBTC15M-26FEB112300-00 yes=50/51 no=49/50 min_spread=2
2026-02-12 00:21:07,471 INFO mm_skip_spread_narrow ticker=KXBTC15M-26FEB112300-00 yes=50/51 no=49/50 min_spread=2
2026-02-12 00:21:07,473 INFO mm_quote ticker=KXBTC15M-26FEB112300-00 side=yes action=buy count=2 price=50 post_only=1 dry_run=1
2026-02-12 00:21:07,473 INFO mm_quote ticker=KXBTC15M-26FEB112300-00 side=no action=buy count=2 price=47 post_only=1 dry_run=1
2026-02-12 00:21:07,473 WARNING mm_toxic_pause ticker=KXBTC15M-26FEB112300-00 pause=12.0s imbalance=0.950 depth_ratio=32.00 mid_move=6.00 spreads=3/3 triggers=move:1 imbalance:1 depth:1
2026-02-12 00:21:10,718 INFO mm_skip_spread_narrow ticker=KXBTC15M-26FEB112300-00 yes=50/51 no=49/50 min_spread=2
2026-02-12 00:21:10,718 INFO mm_quote ticker=KXBTC15M-26FEB112300-00 side=yes action=buy count=2 price=50 post_only=1 dry_run=1
2026-02-12 00:21:10,719 INFO mm_quote ticker=KXBTC15M-26FEB112300-00 side=no action=buy count=2 price=47 post_only=1 dry_run=1
2026-02-12 00:21:10,719 WARNING mm_toxic_pause ticker=KXBTC15M-26FEB112300-00 pause=12.0s imbalance=0.950 depth_ratio=32.00 mid_move=6.00 spreads=3/3 triggers=move:1 imbalance:1 depth:1
2026-02-12 00:23:20,867 INFO mm_skip_spread_narrow ticker=KXBTC15M-26FEB112300-00 yes=50/51 no=49/50 min_spread=2
2026-02-12 00:23:20,867 INFO mm_quote ticker=KXBTC15M-26FEB112300-00 side=yes action=buy count=2 price=50 post_only=1 dry_run=1
2026-02-12 00:23:20,868 INFO mm_quote ticker=KXBTC15M-26FEB112300-00 side=no action=buy count=2 price=47 post_only=1 dry_run=1
2026-02-12 00:23:20,868 WARNING mm_toxic_pause ticker=KXBTC15M-26FEB112300-00 pause=12.0s imbalance=0.950 depth_ratio=32.00 mid_move=6.00 spreads=3/3 triggers=move:1 imbalance:1 depth:1
2026-02-12 01:01:19,851 INFO mm_skip_spread_narrow ticker=KXBTC15M-26FEB112300-00 yes=50/51 no=49/50 min_spread=2
2026-02-12 01:01:19,852 INFO mm_quote ticker=KXBTC15M-26FEB112300-00 side=yes action=buy count=2 price=50 post_only=1 dry_run=1
2026-02-12 01:01:19,852 INFO mm_quote ticker=KXBTC15M-26FEB112300-00 side=no action=buy count=2 price=47 post_only=1 dry_run=1
2026-02-12 01:01:19,852 WARNING mm_toxic_pause ticker=KXBTC15M-26FEB112300-00 pause=12.0s imbalance=0.950 depth_ratio=32.00 mid_move=6.00 spreads=3/3 triggers=move:1 imbalance:1 depth:1
2026-02-12 10:21:39,191 INFO mm_skip_spread_narrow ticker=KXBTC15M-26FEB112300-00 yes=50/51 no=49/50 min_spread=2
2026-02-12 10:21:39,191 INFO mm_quote ticker=KXBTC15M-26FEB112300-00 side=yes action=buy count=2 price=50 post_only=1 dry_run=1
2026-02-12 10:21:39,192 INFO mm_quote ticker=KXBTC15M-26FEB112300-00 side=no action=buy count=2 price=47 post_only=1 dry_run=1
2026-02-12 10:21:39,192 WARNING mm_toxic_pause ticker=KXBTC15M-26FEB112300-00 pause=12.0s imbalance=0.950 depth_ratio=32.00 mid_move=6.00 spreads=3/3 triggers=move:1 imbalance:1 depth:1
2026-02-12 10:21:39,192 INFO mm_toxic_regime ticker=KXBTC15M-26FEB112300-00 regime=pause imbalance=0.950 depth_ratio=32.00 mid_move=6.00
2026-02-12 10:21:39,193 INFO mm_toxic_regime ticker=KXBTC15M-26FEB112300-00 regime=normal imbalance=0.000 depth_ratio=1.00 mid_move=0.00
2026-02-12 10:21:39,193 INFO mm_toxic_regime ticker=KXBTC15M-26FEB112300-00 regime=skew imbalance=0.900 depth_ratio=35.00 mid_move=0.00
2026-02-12 10:21:39,193 INFO mm_quote ticker=KXBTC15M-26FEB112300-00 side=yes action=buy count=2 price=50 post_only=1 dry_run=1
2026-02-12 10:21:39,194 INFO mm_quote ticker=KXBTC15M-26FEB112300-00 side=no action=buy count=2 price=46 post_only=1 dry_run=1
2026-02-12 10:21:39,195 INFO mm_skip_spread_narrow ticker=KXBTC15M-26FEB112300-00 yes=50/51 no=49/50 min_spread=2
2026-02-12 10:21:39,195 INFO mm_quote ticker=KXBTC15M-26FEB112300-00 side=yes action=buy count=2 price=50 post_only=1 dry_run=1
2026-02-12 10:21:39,196 INFO mm_quote ticker=KXBTC15M-26FEB112300-00 side=no action=buy count=2 price=47 post_only=1 dry_run=1
2026-02-12 10:21:39,196 WARNING mm_toxic_pause ticker=KXBTC15M-26FEB112300-00 pause=12.0s imbalance=0.950 depth_ratio=32.00 mid_move=6.00 spreads=3/3 triggers=move:1 imbalance:1 depth:1
2026-02-12 10:21:39,196 INFO mm_toxic_regime ticker=KXBTC15M-26FEB112300-00 regime=pause imbalance=0.950 depth_ratio=32.00 mid_move=6.00
2026-02-12 10:21:39,197 INFO mm_toxic_regime ticker=KXBTC15M-26FEB112300-00 regime=normal imbalance=0.000 depth_ratio=1.00 mid_move=0.00
2026-02-12 10:21:39,197 INFO mm_toxic_regime ticker=KXBTC15M-26FEB112300-00 regime=skew imbalance=0.900 depth_ratio=35.00 mid_move=0.00
2026-02-12 10:21:39,197 INFO mm_quote ticker=KXBTC15M-26FEB112300-00 side=yes action=buy count=2 price=50 post_only=1 dry_run=1
2026-02-12 10:21:39,197 INFO mm_quote ticker=KXBTC15M-26FEB112300-00 side=no action=buy count=2 price=46 post_only=1 dry_run=1
2026-02-12 10:21:56,779 INFO mm_skip_spread_narrow ticker=KXBTC15M-26FEB112300-00 yes=50/51 no=49/50 min_spread=2
2026-02-12 10:21:56,780 INFO mm_quote ticker=KXBTC15M-26FEB112300-00 side=yes action=buy count=2 price=50 post_only=1 dry_run=1
2026-02-12 10:21:56,780 INFO mm_quote ticker=KXBTC15M-26FEB112300-00 side=no action=buy count=2 price=47 post_only=1 dry_run=1
2026-02-12 10:21:56,780 WARNING mm_toxic_pause ticker=KXBTC15M-26FEB112300-00 pause=12.0s imbalance=0.950 depth_ratio=32.00 mid_move=6.00 spreads=3/3 triggers=move:1 imbalance:1 depth:1
2026-02-12 10:21:56,781 INFO mm_toxic_regime ticker=KXBTC15M-26FEB112300-00 regime=pause imbalance=0.950 depth_ratio=32.00 mid_move=6.00
2026-02-12 10:21:56,781 INFO mm_toxic_regime ticker=KXBTC15M-26FEB112300-00 regime=normal imbalance=0.000 depth_ratio=1.00 mid_move=0.00
2026-02-12 10:21:56,781 INFO mm_toxic_regime ticker=KXBTC15M-26FEB112300-00 regime=skew imbalance=0.900 depth_ratio=35.00 mid_move=0.00
2026-02-12 10:21:56,782 INFO mm_quote ticker=KXBTC15M-26FEB112300-00 side=yes action=buy count=2 price=50 post_only=1 dry_run=1
2026-02-12 10:21:56,798 INFO mm_skip_spread_narrow ticker=KXBTC15M-26FEB112300-00 yes=50/51 no=49/50 min_spread=2
2026-02-12 10:21:56,798 INFO mm_quote ticker=KXBTC15M-26FEB112300-00 side=yes action=buy count=2 price=50 post_only=1 dry_run=1
2026-02-12 10:21:56,798 INFO mm_quote ticker=KXBTC15M-26FEB112300-00 side=no action=buy count=2 price=47 post_only=1 dry_run=1
2026-02-12 10:21:56,799 WARNING mm_toxic_pause ticker=KXBTC15M-26FEB112300-00 pause=12.0s imbalance=0.950 depth_ratio=32.00 mid_move=6.00 spreads=3/3 triggers=move:1 imbalance:1 depth:1
2026-02-12 10:21:56,799 INFO mm_toxic_regime ticker=KXBTC15M-26FEB112300-00 regime=pause imbalance=0.950 depth_ratio=32.00 mid_move=6.00
2026-02-12 10:21:56,799 INFO mm_toxic_regime ticker=KXBTC15M-26FEB112300-00 regime=normal imbalance=0.000 depth_ratio=1.00 mid_move=0.00
2026-02-12 10:21:56,799 INFO mm_toxic_regime ticker=KXBTC15M-26FEB112300-00 regime=skew imbalance=0.900 depth_ratio=35.00 mid_move=0.00
2026-02-12 10:21:56,800 INFO mm_quote ticker=KXBTC15M-26FEB112300-00 side=yes action=buy count=2 price=50 post_only=1 dry_run=1
2026-02-12 11:09:05,122 INFO mm_queue_skip_low_value ticker=KXBTC15M-26FEB112300-00 side=no value=0.035 threshold=1.000 price=48 ask=50
2026-02-12 11:09:05,122 INFO mm_quote ticker=KXBTC15M-26FEB112300-00 side=yes action=buy count=1 price=50 post_only=1 dry_run=1
2026-02-12 11:09:05,123 INFO mm_queue_hold ticker=KXBTC15M-26FEB112300-00 side=yes prev=50 new=51 prev_value=2.571 new_value=1.770 improve=-0.801 min_improve=0.500
2026-02-12 11:09:05,123 INFO mm_quote ticker=KXBTC15M-26FEB112300-00 side=yes action=buy count=1 price=50 post_only=1 dry_run=1
2026-02-12 11:09:05,123 INFO mm_queue_hold ticker=KXBTC15M-26FEB112300-00 side=yes prev=50 new=49 prev_value=2.571 new_value=0.143 improve=-2.428 min_improve=0.200
2026-02-12 11:09:05,125 INFO mm_skip_spread_narrow ticker=KXBTC15M-26FEB112300-00 yes=50/51 no=49/50 min_spread=2
2026-02-12 11:09:05,126 INFO mm_quote ticker=KXBTC15M-26FEB112300-00 side=yes action=buy count=2 price=50 post_only=1 dry_run=1
2026-02-12 11:09:05,126 INFO mm_quote ticker=KXBTC15M-26FEB112300-00 side=no action=buy count=2 price=47 post_only=1 dry_run=1
2026-02-12 11:09:05,126 INFO mm_queue_skip_low_value ticker=KXBTC15M-26FEB112300-00 side=no value=0.035 threshold=1.000 price=48 ask=50
2026-02-12 11:09:05,126 WARNING mm_toxic_pause ticker=KXBTC15M-26FEB112300-00 pause=12.0s imbalance=0.950 depth_ratio=32.00 mid_move=6.00 spreads=3/3 triggers=move:1 imbalance:1 depth:1
2026-02-12 11:09:05,126 INFO mm_toxic_regime ticker=KXBTC15M-26FEB112300-00 regime=pause imbalance=0.950 depth_ratio=32.00 mid_move=6.00
2026-02-12 11:09:05,126 INFO mm_quote ticker=KXBTC15M-26FEB112300-00 side=yes action=buy count=1 price=50 post_only=1 dry_run=1
2026-02-12 11:09:05,127 INFO mm_toxic_regime ticker=KXBTC15M-26FEB112300-00 regime=normal imbalance=0.000 depth_ratio=1.00 mid_move=0.00
2026-02-12 11:09:05,127 INFO mm_queue_hold ticker=KXBTC15M-26FEB112300-00 side=yes prev=50 new=51 prev_value=2.571 new_value=1.770 improve=-0.801 min_improve=0.500
2026-02-12 11:09:05,127 INFO mm_quote ticker=KXBTC15M-26FEB112300-00 side=yes action=buy count=1 price=50 post_only=1 dry_run=1
2026-02-12 11:09:05,127 INFO mm_toxic_regime ticker=KXBTC15M-26FEB112300-00 regime=skew imbalance=0.900 depth_ratio=35.00 mid_move=0.00
2026-02-12 11:09:05,128 INFO mm_quote ticker=KXBTC15M-26FEB112300-00 side=yes action=buy count=2 price=50 post_only=1 dry_run=1
2026-02-12 11:09:05,128 INFO mm_queue_hold ticker=KXBTC15M-26FEB112300-00 side=yes prev=50 new=49 prev_value=2.571 new_value=0.143 improve=-2.428 min_improve=0.200
2026-02-12 11:09:05,129 INFO mm_skip_spread_narrow ticker=KXBTC15M-26FEB112300-00 yes=50/51 no=49/50 min_spread=2
2026-02-12 11:09:05,129 INFO mm_quote ticker=KXBTC15M-26FEB112300-00 side=yes action=buy count=2 price=50 post_only=1 dry_run=1
2026-02-12 11:09:05,130 INFO mm_quote ticker=KXBTC15M-26FEB112300-00 side=no action=buy count=2 price=47 post_only=1 dry_run=1
2026-02-12 11:09:05,130 WARNING mm_toxic_pause ticker=KXBTC15M-26FEB112300-00 pause=12.0s imbalance=0.950 depth_ratio=32.00 mid_move=6.00 spreads=3/3 triggers=move:1 imbalance:1 depth:1
2026-02-12 11:09:05,130 INFO mm_toxic_regime ticker=KXBTC15M-26FEB112300-00 regime=pause imbalance=0.950 depth_ratio=32.00 mid_move=6.00
2026-02-12 11:09:05,130 INFO mm_toxic_regime ticker=KXBTC15M-26FEB112300-00 regime=normal imbalance=0.000 depth_ratio=1.00 mid_move=0.00
2026-02-12 11:09:05,131 INFO mm_toxic_regime ticker=KXBTC15M-26FEB112300-00 regime=skew imbalance=0.900 depth_ratio=35.00 mid_move=0.00
2026-02-12 11:09:05,131 INFO mm_quote ticker=KXBTC15M-26FEB112300-00 side=yes action=buy count=2 price=50 post_only=1 dry_run=1
2026-02-12 11:09:30,573 INFO mm_queue_skip_low_value ticker=KXBTC15M-26FEB112300-00 side=no value=0.035 threshold=1.000 price=48 ask=50
2026-02-12 11:09:30,574 INFO mm_quote ticker=KXBTC15M-26FEB112300-00 side=yes action=buy count=1 price=50 post_only=1 dry_run=1
2026-02-12 11:09:30,574 INFO mm_queue_hold ticker=KXBTC15M-26FEB112300-00 side=yes prev=50 new=51 prev_value=2.571 new_value=1.770 improve=-0.801 min_improve=0.500
2026-02-12 11:09:30,575 INFO mm_quote ticker=KXBTC15M-26FEB112300-00 side=yes action=buy count=1 price=50 post_only=1 dry_run=1
2026-02-12 11:09:30,575 INFO mm_quote ticker=KXBTC15M-26FEB112300-00 side=yes action=buy count=1 price=51 post_only=1 dry_run=1
2026-02-12 11:09:30,576 INFO mm_skip_spread_narrow ticker=KXBTC15M-26FEB112300-00 yes=50/51 no=49/50 min_spread=2
2026-02-12 11:09:30,576 INFO mm_quote ticker=KXBTC15M-26FEB112300-00 side=yes action=buy count=2 price=50 post_only=1 dry_run=1
2026-02-12 11:09:30,577 INFO mm_quote ticker=KXBTC15M-26FEB112300-00 side=no action=buy count=2 price=47 post_only=1 dry_run=1
2026-02-12 11:09:30,577 WARNING mm_toxic_pause ticker=KXBTC15M-26FEB112300-00 pause=12.0s imbalance=0.950 depth_ratio=32.00 mid_move=6.00 spreads=3/3 triggers=move:1 imbalance:1 depth:1
2026-02-12 11:09:30,577 INFO mm_toxic_regime ticker=KXBTC15M-26FEB112300-00 regime=pause imbalance=0.950 depth_ratio=32.00 mid_move=6.00
2026-02-12 11:09:30,577 INFO mm_toxic_regime ticker=KXBTC15M-26FEB112300-00 regime=normal imbalance=0.000 depth_ratio=1.00 mid_move=0.00
2026-02-12 11:09:30,578 INFO mm_queue_skip_low_value ticker=KXBTC15M-26FEB112300-00 side=no value=0.035 threshold=1.000 price=48 ask=50
2026-02-12 11:09:30,578 INFO mm_toxic_regime ticker=KXBTC15M-26FEB112300-00 regime=skew imbalance=0.900 depth_ratio=35.00 mid_move=0.00
2026-02-12 11:09:30,578 INFO mm_quote ticker=KXBTC15M-26FEB112300-00 side=yes action=buy count=1 price=50 post_only=1 dry_run=1
2026-02-12 11:09:30,578 INFO mm_quote ticker=KXBTC15M-26FEB112300-00 side=yes action=buy count=2 price=50 post_only=1 dry_run=1
2026-02-12 11:09:30,578 INFO mm_queue_hold ticker=KXBTC15M-26FEB112300-00 side=yes prev=50 new=51 prev_value=2.571 new_value=1.770 improve=-0.801 min_improve=0.500
2026-02-12 11:09:30,579 INFO mm_quote ticker=KXBTC15M-26FEB112300-00 side=yes action=buy count=1 price=50 post_only=1 dry_run=1
2026-02-12 11:09:30,579 INFO mm_quote ticker=KXBTC15M-26FEB112300-00 side=yes action=buy count=1 price=51 post_only=1 dry_run=1
2026-02-12 11:09:30,580 INFO mm_skip_spread_narrow ticker=KXBTC15M-26FEB112300-00 yes=50/51 no=49/50 min_spread=2
2026-02-12 11:09:30,580 INFO mm_quote ticker=KXBTC15M-26FEB112300-00 side=yes action=buy count=2 price=50 post_only=1 dry_run=1
2026-02-12 11:09:30,580 INFO mm_quote ticker=KXBTC15M-26FEB112300-00 side=no action=buy count=2 price=47 post_only=1 dry_run=1
2026-02-12 11:09:30,581 WARNING mm_toxic_pause ticker=KXBTC15M-26FEB112300-00 pause=12.0s imbalance=0.950 depth_ratio=32.00 mid_move=6.00 spreads=3/3 triggers=move:1 imbalance:1 depth:1
2026-02-12 11:09:30,581 INFO mm_toxic_regime ticker=KXBTC15M-26FEB112300-00 regime=pause imbalance=0.950 depth_ratio=32.00 mid_move=6.00
2026-02-12 11:09:30,581 INFO mm_toxic_regime ticker=KXBTC15M-26FEB112300-00 regime=normal imbalance=0.000 depth_ratio=1.00 mid_move=0.00
2026-02-12 11:09:30,582 INFO mm_toxic_regime ticker=KXBTC15M-26FEB112300-00 regime=skew imbalance=0.900 depth_ratio=35.00 mid_move=0.00
2026-02-12 11:09:30,582 INFO mm_quote ticker=KXBTC15M-26FEB112300-00 side=yes action=buy count=2 price=50 post_only=1 dry_run=1
2026-02-12 11:59:34,145 INFO mm_queue_skip_low_value ticker=KXBTC15M-26FEB112300-00 side=no value=0.035 threshold=1.000 price=48 ask=50
2026-02-12 11:59:34,145 INFO mm_quote ticker=KXBTC15M-26FEB112300-00 side=yes action=buy count=1 price=50 post_only=1 dry_run=1
2026-02-12 11:59:34,146 INFO mm_queue_hold ticker=KXBTC15M-26FEB112300-00 side=yes prev=50 new=51 prev_value=2.571 new_value=1.770 improve=-0.801 min_improve=0.500
2026-02-12 11:59:34,146 INFO mm_quote ticker=KXBTC15M-26FEB112300-00 side=yes action=buy count=1 price=50 post_only=1 dry_run=1
2026-02-12 11:59:34,146 INFO mm_quote ticker=KXBTC15M-26FEB112300-00 side=yes action=buy count=1 price=51 post_only=1 dry_run=1
2026-02-12 11:59:34,147 INFO mm_skip_spread_narrow ticker=KXBTC15M-26FEB112300-00 yes=50/51 no=49/50 min_spread=2
2026-02-12 11:59:34,147 INFO mm_quote ticker=KXBTC15M-26FEB112300-00 side=yes action=buy count=2 price=50 post_only=1 dry_run=1
2026-02-12 11:59:34,148 INFO mm_quote ticker=KXBTC15M-26FEB112300-00 side=no action=buy count=2 price=47 post_only=1 dry_run=1
2026-02-12 11:59:34,148 WARNING mm_toxic_pause ticker=KXBTC15M-26FEB112300-00 pause=12.0s imbalance=0.950 depth_ratio=32.00 mid_move=6.00 spreads=3/3 triggers=move:1 imbalance:1 depth:1
2026-02-12 11:59:34,148 INFO mm_toxic_regime ticker=KXBTC15M-26FEB112300-00 regime=pause imbalance=0.950 depth_ratio=32.00 mid_move=6.00
2026-02-12 11:59:34,148 INFO mm_toxic_regime ticker=KXBTC15M-26FEB112300-00 regime=normal imbalance=0.000 depth_ratio=1.00 mid_move=0.00
2026-02-12 11:59:34,149 INFO mm_toxic_regime ticker=KXBTC15M-26FEB112300-00 regime=skew imbalance=0.900 depth_ratio=35.00 mid_move=0.00
2026-02-12 11:59:34,149 INFO mm_quote ticker=KXBTC15M-26FEB112300-00 side=yes action=buy count=2 price=50 post_only=1 dry_run=1
2026-02-12 14:20:53,992 INFO mm_queue_skip_low_value ticker=KXBTC15M-26FEB112300-00 side=no value=0.035 threshold=1.000 price=48 ask=50
2026-02-12 14:20:53,993 INFO mm_quote ticker=KXBTC15M-26FEB112300-00 side=yes action=buy count=1 price=50 post_only=1 dry_run=1
2026-02-12 14:20:53,993 INFO mm_queue_hold ticker=KXBTC15M-26FEB112300-00 side=yes prev=50 new=51 prev_value=2.571 new_value=1.770 improve=-0.801 min_improve=0.500
2026-02-12 14:20:53,993 INFO mm_quote ticker=KXBTC15M-26FEB112300-00 side=yes action=buy count=1 price=50 post_only=1 dry_run=1
2026-02-12 14:20:53,994 INFO mm_quote ticker=KXBTC15M-26FEB112300-00 side=yes action=buy count=1 price=51 post_only=1 dry_run=1
2026-02-12 14:20:53,994 INFO mm_skip_spread_narrow ticker=KXBTC15M-26FEB112300-00 yes=50/51 no=49/50 min_spread=2
2026-02-12 14:20:53,995 INFO mm_quote ticker=KXBTC15M-26FEB112300-00 side=yes action=buy count=2 price=50 post_only=1 dry_run=1
2026-02-12 14:20:53,995 INFO mm_quote ticker=KXBTC15M-26FEB112300-00 side=no action=buy count=2 price=47 post_only=1 dry_run=1
2026-02-12 14:20:53,995 WARNING mm_toxic_pause ticker=KXBTC15M-26FEB112300-00 pause=12.0s imbalance=0.950 depth_ratio=32.00 mid_move=6.00 spreads=3/3 triggers=move:1 imbalance:1 depth:1
2026-02-12 14:20:53,995 INFO mm_toxic_regime ticker=KXBTC15M-26FEB112300-00 regime=pause imbalance=0.950 depth_ratio=32.00 mid_move=6.00
2026-02-12 14:20:53,996 INFO mm_toxic_regime ticker=KXBTC15M-26FEB112300-00 regime=normal imbalance=0.000 depth_ratio=1.00 mid_move=0.00
2026-02-12 14:20:53,996 INFO mm_toxic_regime ticker=KXBTC15M-26FEB112300-00 regime=skew imbalance=0.900 depth_ratio=35.00 mid_move=0.00
2026-02-12 14:20:53,996 INFO mm_quote ticker=KXBTC15M-26FEB112300-00 side=yes action=buy count=2 price=50 post_only=1 dry_run=1
2026-02-12 15:14:54,129 INFO market_roll old=NONE new=KXBTC15M-26FEB112315-15 source=active_fallback
2026-02-12 15:14:54,130 INFO market_roll old=NONE new=KXBTC15M-26FEB112300-00 source=quoteable
2026-02-12 15:14:54,130 INFO mm_queue_skip_low_value ticker=KXBTC15M-26FEB112300-00 side=no value=0.035 threshold=1.000 price=48 ask=50
2026-02-12 15:14:54,131 INFO mm_quote ticker=KXBTC15M-26FEB112300-00 side=yes action=buy count=1 price=50 post_only=1 dry_run=1
2026-02-12 15:14:54,131 INFO mm_queue_hold ticker=KXBTC15M-26FEB112300-00 side=yes prev=50 new=51 prev_value=2.571 new_value=1.770 improve=-0.801 min_improve=0.500
2026-02-12 15:14:54,131 INFO mm_quote ticker=KXBTC15M-26FEB112300-00 side=yes action=buy count=1 price=50 post_only=1 dry_run=1
2026-02-12 15:14:54,132 INFO mm_quote ticker=KXBTC15M-26FEB112300-00 side=yes action=buy count=1 price=51 post_only=1 dry_run=1
2026-02-12 15:14:54,132 INFO mm_skip_spread_narrow ticker=KXBTC15M-26FEB112300-00 yes=50/51 no=49/50 min_spread=2
2026-02-12 15:14:54,133 INFO mm_quote ticker=KXBTC15M-26FEB112300-00 side=yes action=buy count=2 price=50 post_only=1 dry_run=1
2026-02-12 15:14:54,133 INFO mm_quote ticker=KXBTC15M-26FEB112300-00 side=no action=buy count=2 price=47 post_only=1 dry_run=1
2026-02-12 15:14:54,133 WARNING mm_toxic_pause ticker=KXBTC15M-26FEB112300-00 pause=12.0s imbalance=0.950 depth_ratio=32.00 mid_move=6.00 spreads=3/3 triggers=move:1 imbalance:1 depth:1
2026-02-12 15:14:54,133 INFO mm_toxic_regime ticker=KXBTC15M-26FEB112300-00 regime=pause imbalance=0.950 depth_ratio=32.00 mid_move=6.00
2026-02-12 15:14:54,134 INFO mm_toxic_regime ticker=KXBTC15M-26FEB112300-00 regime=normal imbalance=0.000 depth_ratio=1.00 mid_move=0.00
2026-02-12 15:14:54,134 INFO mm_toxic_regime ticker=KXBTC15M-26FEB112300-00 regime=skew imbalance=0.900 depth_ratio=35.00 mid_move=0.00
2026-02-12 15:14:54,134 INFO mm_quote ticker=KXBTC15M-26FEB112300-00 side=yes action=buy count=2 price=50 post_only=1 dry_run=1
2026-02-12 15:45:54,386 INFO market_roll old=NONE new=KXBTC15M-26FEB112315-15 source=active_fallback
2026-02-12 15:45:54,386 INFO market_roll old=NONE new=KXBTC15M-26FEB112300-00 source=quoteable
2026-02-12 15:45:54,387 INFO mm_queue_skip_low_value ticker=KXBTC15M-26FEB112300-00 side=no value=0.035 threshold=1.000 price=48 ask=50
2026-02-12 15:45:54,388 INFO mm_quote ticker=KXBTC15M-26FEB112300-00 side=yes action=buy count=1 price=50 post_only=1 dry_run=1
2026-02-12 15:45:54,388 INFO mm_queue_hold ticker=KXBTC15M-26FEB112300-00 side=yes prev=50 new=51 prev_value=2.571 new_value=1.770 improve=-0.801 min_improve=0.500
2026-02-12 15:45:54,389 INFO mm_quote ticker=KXBTC15M-26FEB112300-00 side=yes action=buy count=1 price=50 post_only=1 dry_run=1
2026-02-12 15:45:54,389 INFO mm_quote ticker=KXBTC15M-26FEB112300-00 side=yes action=buy count=1 price=51 post_only=1 dry_run=1
2026-02-12 15:45:54,390 INFO mm_skip_spread_narrow ticker=KXBTC15M-26FEB112300-00 yes=50/51 no=49/50 min_spread=2
2026-02-12 15:45:54,390 INFO mm_quote ticker=KXBTC15M-26FEB112300-00 side=yes action=buy count=2 price=50 post_only=1 dry_run=1
2026-02-12 15:45:54,390 INFO mm_quote ticker=KXBTC15M-26FEB112300-00 side=no action=buy count=2 price=47 post_only=1 dry_run=1
2026-02-12 15:45:54,390 WARNING mm_toxic_pause ticker=KXBTC15M-26FEB112300-00 pause=12.0s imbalance=0.950 depth_ratio=32.00 mid_move=6.00 spreads=3/3 triggers=move:1 imbalance:1 depth:1
2026-02-12 15:45:54,391 INFO mm_toxic_regime ticker=KXBTC15M-26FEB112300-00 regime=pause imbalance=0.950 depth_ratio=32.00 mid_move=6.00
2026-02-12 15:45:54,391 INFO mm_toxic_regime ticker=KXBTC15M-26FEB112300-00 regime=normal imbalance=0.000 depth_ratio=1.00 mid_move=0.00
2026-02-12 15:45:54,391 INFO mm_toxic_regime ticker=KXBTC15M-26FEB112300-00 regime=skew imbalance=0.900 depth_ratio=35.00 mid_move=0.00
2026-02-12 15:45:54,392 INFO mm_quote ticker=KXBTC15M-26FEB112300-00 side=yes action=buy count=2 price=50 post_only=1 dry_run=1
