2026-02-12 00:05:07,141 INFO market_roll old=NONE new=KXBTC15M-26FEB120015-15
2026-02-12 00:05:08,114 INFO position_baseline_set scope=delta_from_start gross=139 net=139
2026-02-12 00:05:09,464 INFO mm_quote ticker=KXBTC15M-26FEB120015-15 side=no action=buy count=12 price=15 post_only=1 order_response={"order":{"action":"buy","client_order_id":"MM-KXBTC15M-26FEB120015-15-B-N-47fd72175f","created_time":"2026-02-12T05:05:09.442074Z","expiration_time":null,"fill_count":0,"fill_count_fp":"0.00","initial_count":12,"initial_count_fp":"12.00","last_update_time":"2026-02-12T05:05:09.442074Z","maker_fees":0,"maker_fill_cost":0,"maker_fill_cost_dollars":"","no_price":15,"no_price_dollars":"0.1500","order_group_id":null,"order_id":"da9b8e0d-975c-49a1-84dc-a0151c8bc127","queue_position":0,"remaining_count":12,"remaining_count_fp":"12.00","side":"no","status":"resting","subaccount_number":0,"taker_fees":0,"taker_fill_cost":0,"taker_fill_cost_dollars":"","ticker":"KXBTC15M-26FEB120015-15","type":"limit","user_id":"9527e599-009b-4f8e-9db2-774476f31dd7","yes_price":85,"yes_price_dollars":"0.8500"}}
2026-02-12 00:05:09,878 INFO performance_write path=/Users/adamcarrington/Documents/3.0 bot/kalshi bot 2.10.26/logs/performance_mm_live_3x15_btc.json payload={"as_of":"2026-02-12T05:05:09Z","ticker":"KXBTC15M-26FEB120015-15","series_ticker":"KXBTC15M","window_minutes":15,"wins":0,"losses":0,"fill_count":0,"slippage_cents":0.0,"adverse_selection_count":0,"adverse_selection_total":0,"adverse_selection_rate":0.0,"last_real_yes_probability":0.84,"last_kalshi_implied_yes_probability":0.84,"edge_threshold":0.08,"order_attempts":1,"order_failures":0,"last_401_epoch":0.0,"regime":"mm","microstructure":{"spread_yes":2,"spread_no":2,"imbalance":0.29618966977138017,"yes_depth":3827,"no_depth":2078,"pinned_state":false,"zero_spread_state":false,"book_age_seconds":0.023123979568481445,"book_stale_seconds":0.023066282272338867},"reference":{"source":"","last_error":"","spot_price":null,"perp_price":null,"coinbase_price":null,"kraken_price":null,"cross_exchan
2026-02-12 00:05:10,124 INFO mm_skip_spread_narrow ticker=KXBTC15M-26FEB120015-15 yes=84/85 no=15/16 min_spread=2
2026-02-12 00:05:11,690 INFO mm_quote ticker=KXBTC15M-26FEB120015-15 side=no action=buy count=12 price=15 post_only=1 order_response={"order":{"action":"buy","client_order_id":"MM-KXBTC15M-26FEB120015-15-B-N-ca3ca17c8d","created_time":"2026-02-12T05:05:11.682819Z","expiration_time":null,"fill_count":0,"fill_count_fp":"0.00","initial_count":12,"initial_count_fp":"12.00","last_update_time":"2026-02-12T05:05:11.682819Z","maker_fees":0,"maker_fill_cost":0,"maker_fill_cost_dollars":"","no_price":15,"no_price_dollars":"0.1500","order_group_id":null,"order_id":"d57e5192-b5c7-4b52-a456-060e43408e79","queue_position":0,"remaining_count":12,"remaining_count_fp":"12.00","side":"no","status":"resting","subaccount_number":0,"taker_fees":0,"taker_fill_cost":0,"taker_fill_cost_dollars":"","ticker":"KXBTC15M-26FEB120015-15","type":"limit","user_id":"9527e599-009b-4f8e-9db2-774476f31dd7","yes_price":85,"yes_price_dollars":"0.8500"}}
2026-02-12 00:05:25,672 INFO mm_quote ticker=KXBTC15M-26FEB120015-15 side=yes action=buy count=12 price=82 post_only=1 order_response={"order":{"action":"buy","client_order_id":"MM-KXBTC15M-26FEB120015-15-B-Y-1494b0e89c","created_time":"2026-02-12T05:05:25.664974Z","expiration_time":null,"fill_count":0,"fill_count_fp":"0.00","initial_count":12,"initial_count_fp":"12.00","last_update_time":"2026-02-12T05:05:25.664974Z","maker_fees":0,"maker_fill_cost":0,"maker_fill_cost_dollars":"","no_price":18,"no_price_dollars":"0.1800","order_group_id":null,"order_id":"4a38d5dd-9e5b-4efe-9752-18e135c602f1","queue_position":0,"remaining_count":12,"remaining_count_fp":"12.00","side":"yes","status":"resting","subaccount_number":0,"taker_fees":0,"taker_fill_cost":0,"taker_fill_cost_dollars":"","ticker":"KXBTC15M-26FEB120015-15","type":"limit","user_id":"9527e599-009b-4f8e-9db2-774476f31dd7","yes_price":82,"yes_price_dollars":"0.8200"}}
2026-02-12 00:05:26,002 INFO mm_cancel_order_already_gone ticker=KXBTC15M-26FEB120015-15 kind=buy side=no order_id=d57e5192-b5c7-4b52-a456-060e43408e79
2026-02-12 00:05:27,392 INFO mm_skip_spread_narrow ticker=KXBTC15M-26FEB120015-15 yes=83/84 no=16/17 min_spread=2
2026-02-12 00:05:28,008 INFO mm_quote ticker=KXBTC15M-26FEB120015-15 side=yes action=buy count=12 price=84 post_only=1 order_response={"order":{"action":"buy","client_order_id":"MM-KXBTC15M-26FEB120015-15-B-Y-7837028dec","created_time":"2026-02-12T05:05:27.999388Z","expiration_time":null,"fill_count":0,"fill_count_fp":"0.00","initial_count":12,"initial_count_fp":"12.00","last_update_time":"2026-02-12T05:05:27.999388Z","maker_fees":0,"maker_fill_cost":0,"maker_fill_cost_dollars":"","no_price":16,"no_price_dollars":"0.1600","order_group_id":null,"order_id":"40e05102-bec9-4223-a8bd-2a4de8958d5e","queue_position":0,"remaining_count":12,"remaining_count_fp":"12.00","side":"yes","status":"resting","subaccount_number":0,"taker_fees":0,"taker_fill_cost":0,"taker_fill_cost_dollars":"","ticker":"KXBTC15M-26FEB120015-15","type":"limit","user_id":"9527e599-009b-4f8e-9db2-774476f31dd7","yes_price":84,"yes_price_dollars":"0.8400"}}
2026-02-12 00:05:30,493 INFO mm_cancel_order_already_gone ticker=KXBTC15M-26FEB120015-15 kind=buy side=yes order_id=40e05102-bec9-4223-a8bd-2a4de8958d5e
2026-02-12 00:05:30,825 INFO mm_quote ticker=KXBTC15M-26FEB120015-15 side=no action=buy count=12 price=14 post_only=1 order_response={"order":{"action":"buy","client_order_id":"MM-KXBTC15M-26FEB120015-15-B-N-0155f83826","created_time":"2026-02-12T05:05:30.818118Z","expiration_time":null,"fill_count":0,"fill_count_fp":"0.00","initial_count":12,"initial_count_fp":"12.00","last_update_time":"2026-02-12T05:05:30.818118Z","maker_fees":0,"maker_fill_cost":0,"maker_fill_cost_dollars":"","no_price":14,"no_price_dollars":"0.1400","order_group_id":null,"order_id":"853e3202-bb4e-4fa0-81f0-122735faa964","queue_position":0,"remaining_count":12,"remaining_count_fp":"12.00","side":"no","status":"resting","subaccount_number":0,"taker_fees":0,"taker_fill_cost":0,"taker_fill_cost_dollars":"","ticker":"KXBTC15M-26FEB120015-15","type":"limit","user_id":"9527e599-009b-4f8e-9db2-774476f31dd7","yes_price":86,"yes_price_dollars":"0.8600"}}
2026-02-12 00:05:32,570 INFO mm_skip_spread_narrow ticker=KXBTC15M-26FEB120015-15 yes=84/85 no=15/16 min_spread=2
2026-02-12 00:05:32,865 INFO mm_skip_spread_narrow ticker=KXBTC15M-26FEB120015-15 yes=85/86 no=14/15 min_spread=2
2026-02-12 00:05:34,232 INFO mm_skip_spread_narrow ticker=KXBTC15M-26FEB120015-15 yes=85/86 no=14/15 min_spread=2
2026-02-12 00:05:34,897 INFO mm_skip_spread_narrow ticker=KXBTC15M-26FEB120015-15 yes=85/86 no=14/15 min_spread=2
2026-02-12 00:05:36,276 INFO mm_quote ticker=KXBTC15M-26FEB120015-15 side=no action=buy count=12 price=12 post_only=1 order_response={"order":{"action":"buy","client_order_id":"MM-KXBTC15M-26FEB120015-15-B-N-8ae8be67ad","created_time":"2026-02-12T05:05:36.271059Z","expiration_time":null,"fill_count":0,"fill_count_fp":"0.00","initial_count":12,"initial_count_fp":"12.00","last_update_time":"2026-02-12T05:05:36.271059Z","maker_fees":0,"maker_fill_cost":0,"maker_fill_cost_dollars":"","no_price":12,"no_price_dollars":"0.1200","order_group_id":null,"order_id":"dd767eb9-4389-48d9-bb92-f8fc5bf0b098","queue_position":0,"remaining_count":12,"remaining_count_fp":"12.00","side":"no","status":"resting","subaccount_number":0,"taker_fees":0,"taker_fill_cost":0,"taker_fill_cost_dollars":"","ticker":"KXBTC15M-26FEB120015-15","type":"limit","user_id":"9527e599-009b-4f8e-9db2-774476f31dd7","yes_price":88,"yes_price_dollars":"0.8800"}}
2026-02-12 00:05:44,003 INFO mm_skip_spread_narrow ticker=KXBTC15M-26FEB120015-15 yes=87/88 no=12/13 min_spread=2
2026-02-12 00:05:45,349 INFO mm_skip_spread_narrow ticker=KXBTC15M-26FEB120015-15 yes=87/88 no=12/13 min_spread=2
2026-02-12 00:05:45,944 INFO mm_skip_spread_narrow ticker=KXBTC15M-26FEB120015-15 yes=87/88 no=12/13 min_spread=2
2026-02-12 00:05:48,031 INFO mm_skip_spread_narrow ticker=KXBTC15M-26FEB120015-15 yes=87/88 no=12/13 min_spread=2
2026-02-12 00:05:48,653 INFO mm_skip_spread_narrow ticker=KXBTC15M-26FEB120015-15 yes=87/88 no=12/13 min_spread=2
2026-02-12 00:05:49,366 INFO mm_skip_spread_narrow ticker=KXBTC15M-26FEB120015-15 yes=87/88 no=12/13 min_spread=2
2026-02-12 00:05:50,446 INFO mm_skip_spread_narrow ticker=KXBTC15M-26FEB120015-15 yes=88/89 no=11/12 min_spread=2
2026-02-12 00:05:52,108 INFO mm_skip_spread_narrow ticker=KXBTC15M-26FEB120015-15 yes=88/89 no=11/12 min_spread=2
2026-02-12 00:05:52,773 INFO mm_skip_spread_narrow ticker=KXBTC15M-26FEB120015-15 yes=88/89 no=11/12 min_spread=2
2026-02-12 00:05:53,386 INFO mm_skip_spread_narrow ticker=KXBTC15M-26FEB120015-15 yes=88/89 no=11/12 min_spread=2
2026-02-12 00:05:54,784 INFO mm_skip_spread_narrow ticker=KXBTC15M-26FEB120015-15 yes=88/89 no=11/12 min_spread=2
2026-02-12 00:05:55,396 INFO mm_skip_spread_narrow ticker=KXBTC15M-26FEB120015-15 yes=88/89 no=11/12 min_spread=2
2026-02-12 00:05:57,141 INFO mm_skip_spread_narrow ticker=KXBTC15M-26FEB120015-15 yes=88/89 no=11/12 min_spread=2
2026-02-12 00:05:57,798 INFO mm_skip_spread_narrow ticker=KXBTC15M-26FEB120015-15 yes=88/89 no=11/12 min_spread=2
2026-02-12 00:05:58,412 INFO mm_skip_spread_narrow ticker=KXBTC15M-26FEB120015-15 yes=88/89 no=11/12 min_spread=2
2026-02-12 00:05:59,483 INFO mm_skip_spread_narrow ticker=KXBTC15M-26FEB120015-15 yes=88/89 no=11/12 min_spread=2
2026-02-12 00:06:01,159 INFO mm_skip_spread_narrow ticker=KXBTC15M-26FEB120015-15 yes=88/89 no=11/12 min_spread=2
2026-02-12 00:06:01,509 INFO mm_skip_spread_narrow ticker=KXBTC15M-26FEB120015-15 yes=88/89 no=11/12 min_spread=2
2026-02-12 00:06:02,432 INFO mm_skip_spread_narrow ticker=KXBTC15M-26FEB120015-15 yes=89/90 no=10/11 min_spread=2
2026-02-12 00:06:04,174 INFO mm_skip_spread_narrow ticker=KXBTC15M-26FEB120015-15 yes=89/90 no=10/11 min_spread=2
2026-02-12 00:06:04,437 INFO mm_skip_spread_narrow ticker=KXBTC15M-26FEB120015-15 yes=89/90 no=10/11 min_spread=2
2026-02-12 00:06:05,841 INFO mm_skip_spread_narrow ticker=KXBTC15M-26FEB120015-15 yes=90/91 no=9/10 min_spread=2
2026-02-12 00:06:06,852 INFO mm_skip_spread_narrow ticker=KXBTC15M-26FEB120015-15 yes=90/91 no=9/10 min_spread=2
2026-02-12 00:06:07,454 INFO mm_skip_spread_narrow ticker=KXBTC15M-26FEB120015-15 yes=90/91 no=9/10 min_spread=2
2026-02-12 00:06:08,459 INFO mm_skip_spread_narrow ticker=KXBTC15M-26FEB120015-15 yes=89/90 no=10/11 min_spread=2
2026-02-12 00:06:11,199 INFO mm_quote ticker=KXBTC15M-26FEB120015-15 side=no action=buy count=12 price=9 post_only=1 order_response={"order":{"action":"buy","client_order_id":"MM-KXBTC15M-26FEB120015-15-B-N-7d0e78f3b5","created_time":"2026-02-12T05:06:11.188663Z","expiration_time":null,"fill_count":0,"fill_count_fp":"0.00","initial_count":12,"initial_count_fp":"12.00","last_update_time":"2026-02-12T05:06:11.188663Z","maker_fees":0,"maker_fill_cost":0,"maker_fill_cost_dollars":"","no_price":9,"no_price_dollars":"0.0900","order_group_id":null,"order_id":"f6a40cad-6b8c-41ed-b1ed-ded79eb5e095","queue_position":0,"remaining_count":12,"remaining_count_fp":"12.00","side":"no","status":"resting","subaccount_number":0,"taker_fees":0,"taker_fill_cost":0,"taker_fill_cost_dollars":"","ticker":"KXBTC15M-26FEB120015-15","type":"limit","user_id":"9527e599-009b-4f8e-9db2-774476f31dd7","yes_price":91,"yes_price_dollars":"0.9100"}}
2026-02-12 00:06:11,531 INFO mm_skip_spread_narrow ticker=KXBTC15M-26FEB120015-15 yes=89/90 no=10/11 min_spread=2
2026-02-12 00:06:12,275 INFO mm_quote ticker=KXBTC15M-26FEB120015-15 side=no action=buy count=12 price=10 post_only=1 order_response={"order":{"action":"buy","client_order_id":"MM-KXBTC15M-26FEB120015-15-B-N-c517f30aca","created_time":"2026-02-12T05:06:12.266281Z","expiration_time":null,"fill_count":0,"fill_count_fp":"0.00","initial_count":12,"initial_count_fp":"12.00","last_update_time":"2026-02-12T05:06:12.266281Z","maker_fees":0,"maker_fill_cost":0,"maker_fill_cost_dollars":"","no_price":10,"no_price_dollars":"0.1000","order_group_id":null,"order_id":"161bf893-4272-40e4-a887-3289af345916","queue_position":0,"remaining_count":12,"remaining_count_fp":"12.00","side":"no","status":"resting","subaccount_number":0,"taker_fees":0,"taker_fill_cost":0,"taker_fill_cost_dollars":"","ticker":"KXBTC15M-26FEB120015-15","type":"limit","user_id":"9527e599-009b-4f8e-9db2-774476f31dd7","yes_price":90,"yes_price_dollars":"0.9000"}}
2026-02-12 00:06:13,937 INFO mm_skip_spread_narrow ticker=KXBTC15M-26FEB120015-15 yes=89/90 no=10/11 min_spread=2
2026-02-12 00:06:15,001 INFO mm_quote ticker=KXBTC15M-26FEB120015-15 side=yes action=buy count=12 price=89 post_only=1 order_response={"order":{"action":"buy","client_order_id":"MM-KXBTC15M-26FEB120015-15-B-Y-7da4125aea","created_time":"2026-02-12T05:06:14.991121Z","expiration_time":null,"fill_count":0,"fill_count_fp":"0.00","initial_count":12,"initial_count_fp":"12.00","last_update_time":"2026-02-12T05:06:14.991121Z","maker_fees":0,"maker_fill_cost":0,"maker_fill_cost_dollars":"","no_price":11,"no_price_dollars":"0.1100","order_group_id":null,"order_id":"74f339fb-5240-4949-a852-0d729459a486","queue_position":0,"remaining_count":12,"remaining_count_fp":"12.00","side":"yes","status":"resting","subaccount_number":0,"taker_fees":0,"taker_fill_cost":0,"taker_fill_cost_dollars":"","ticker":"KXBTC15M-26FEB120015-15","type":"limit","user_id":"9527e599-009b-4f8e-9db2-774476f31dd7","yes_price":89,"yes_price_dollars":"0.8900"}}
2026-02-12 00:06:15,950 INFO mm_skip_spread_narrow ticker=KXBTC15M-26FEB120015-15 yes=89/90 no=10/11 min_spread=2
2026-02-12 00:06:16,250 INFO mm_skip_spread_narrow ticker=KXBTC15M-26FEB120015-15 yes=89/90 no=10/11 min_spread=2
2026-02-12 00:06:17,223 INFO mm_skip_spread_narrow ticker=KXBTC15M-26FEB120015-15 yes=89/90 no=10/11 min_spread=2
2026-02-12 00:06:18,985 INFO mm_skip_spread_narrow ticker=KXBTC15M-26FEB120015-15 yes=89/90 no=10/11 min_spread=2
2026-02-12 00:06:19,275 INFO mm_skip_spread_narrow ticker=KXBTC15M-26FEB120015-15 yes=89/90 no=10/11 min_spread=2
2026-02-12 00:06:20,298 INFO mm_skip_spread_narrow ticker=KXBTC15M-26FEB120015-15 yes=90/91 no=9/10 min_spread=2
2026-02-12 00:06:21,316 INFO mm_skip_spread_narrow ticker=KXBTC15M-26FEB120015-15 yes=90/91 no=9/10 min_spread=2
2026-02-12 00:06:22,977 INFO mm_skip_spread_narrow ticker=KXBTC15M-26FEB120015-15 yes=89/90 no=10/11 min_spread=2
2026-02-12 00:06:23,319 INFO mm_skip_spread_narrow ticker=KXBTC15M-26FEB120015-15 yes=89/90 no=10/11 min_spread=2
2026-02-12 00:06:24,245 INFO mm_skip_spread_narrow ticker=KXBTC15M-26FEB120015-15 yes=88/89 no=11/12 min_spread=2
2026-02-12 00:06:26,000 INFO mm_skip_spread_narrow ticker=KXBTC15M-26FEB120015-15 yes=88/89 no=11/12 min_spread=2
2026-02-12 00:06:26,252 INFO mm_skip_spread_narrow ticker=KXBTC15M-26FEB120015-15 yes=89/90 no=10/11 min_spread=2
2026-02-12 00:06:27,997 INFO mm_skip_spread_narrow ticker=KXBTC15M-26FEB120015-15 yes=89/90 no=10/11 min_spread=2
2026-02-12 00:06:28,301 INFO mm_skip_spread_narrow ticker=KXBTC15M-26FEB120015-15 yes=89/90 no=10/11 min_spread=2
2026-02-12 00:06:29,323 INFO mm_quote ticker=KXBTC15M-26FEB120015-15 side=yes action=buy count=12 price=88 post_only=1 order_response={"order":{"action":"buy","client_order_id":"MM-KXBTC15M-26FEB120015-15-B-Y-fc70c03fd9","created_time":"2026-02-12T05:06:29.313924Z","expiration_time":null,"fill_count":0,"fill_count_fp":"0.00","initial_count":12,"initial_count_fp":"12.00","last_update_time":"2026-02-12T05:06:29.313924Z","maker_fees":0,"maker_fill_cost":0,"maker_fill_cost_dollars":"","no_price":12,"no_price_dollars":"0.1200","order_group_id":null,"order_id":"bcc735cc-75e9-4914-af16-42eb05c8c89c","queue_position":0,"remaining_count":12,"remaining_count_fp":"12.00","side":"yes","status":"resting","subaccount_number":0,"taker_fees":0,"taker_fill_cost":0,"taker_fill_cost_dollars":"","ticker":"KXBTC15M-26FEB120015-15","type":"limit","user_id":"9527e599-009b-4f8e-9db2-774476f31dd7","yes_price":88,"yes_price_dollars":"0.8800"}}
2026-02-12 00:06:30,667 INFO mm_cancel_order_already_gone ticker=KXBTC15M-26FEB120015-15 kind=buy side=yes order_id=bcc735cc-75e9-4914-af16-42eb05c8c89c
2026-02-12 00:06:30,668 INFO mm_skip_spread_narrow ticker=KXBTC15M-26FEB120015-15 yes=89/90 no=10/11 min_spread=2
2026-02-12 00:06:32,682 INFO mm_skip_spread_narrow ticker=KXBTC15M-26FEB120015-15 yes=86/87 no=13/14 min_spread=2
2026-02-12 00:06:32,682 INFO mm_skip_spread_narrow ticker=KXBTC15M-26FEB120015-15 yes=86/87 no=13/14 min_spread=2
2026-02-12 00:06:33,749 INFO mm_quote ticker=KXBTC15M-26FEB120015-15 side=no action=buy count=12 price=12 post_only=1 order_response={"order":{"action":"buy","client_order_id":"MM-KXBTC15M-26FEB120015-15-B-N-315f123f21","created_time":"2026-02-12T05:06:33.738045Z","expiration_time":null,"fill_count":0,"fill_count_fp":"0.00","initial_count":12,"initial_count_fp":"12.00","last_update_time":"2026-02-12T05:06:33.738045Z","maker_fees":0,"maker_fill_cost":0,"maker_fill_cost_dollars":"","no_price":12,"no_price_dollars":"0.1200","order_group_id":null,"order_id":"1a6f1a36-7cca-4055-aab1-b8ac437f6585","queue_position":0,"remaining_count":12,"remaining_count_fp":"12.00","side":"no","status":"resting","subaccount_number":0,"taker_fees":0,"taker_fill_cost":0,"taker_fill_cost_dollars":"","ticker":"KXBTC15M-26FEB120015-15","type":"limit","user_id":"9527e599-009b-4f8e-9db2-774476f31dd7","yes_price":88,"yes_price_dollars":"0.8800"}}
2026-02-12 00:06:37,781 INFO mm_quote ticker=KXBTC15M-26FEB120015-15 side=yes action=buy count=12 price=87 post_only=1 order_response={"order":{"action":"buy","client_order_id":"MM-KXBTC15M-26FEB120015-15-B-Y-ed00d5f9ca","created_time":"2026-02-12T05:06:37.769692Z","expiration_time":null,"fill_count":0,"fill_count_fp":"0.00","initial_count":12,"initial_count_fp":"12.00","last_update_time":"2026-02-12T05:06:37.769692Z","maker_fees":0,"maker_fill_cost":0,"maker_fill_cost_dollars":"","no_price":13,"no_price_dollars":"0.1300","order_group_id":null,"order_id":"999ff846-a67a-4977-9608-cf8ba7782654","queue_position":0,"remaining_count":12,"remaining_count_fp":"12.00","side":"yes","status":"resting","subaccount_number":0,"taker_fees":0,"taker_fill_cost":0,"taker_fill_cost_dollars":"","ticker":"KXBTC15M-26FEB120015-15","type":"limit","user_id":"9527e599-009b-4f8e-9db2-774476f31dd7","yes_price":87,"yes_price_dollars":"0.8700"}}
2026-02-12 00:06:41,525 INFO mm_skip_spread_narrow ticker=KXBTC15M-26FEB120015-15 yes=87/88 no=12/13 min_spread=2
2026-02-12 00:06:42,256 INFO mm_quote ticker=KXBTC15M-26FEB120015-15 side=yes action=buy count=12 price=86 post_only=1 order_response={"order":{"action":"buy","client_order_id":"MM-KXBTC15M-26FEB120015-15-B-Y-44f6332fb3","created_time":"2026-02-12T05:06:42.244922Z","expiration_time":null,"fill_count":0,"fill_count_fp":"0.00","initial_count":12,"initial_count_fp":"12.00","last_update_time":"2026-02-12T05:06:42.244922Z","maker_fees":0,"maker_fill_cost":0,"maker_fill_cost_dollars":"","no_price":14,"no_price_dollars":"0.1400","order_group_id":null,"order_id":"0eba5aed-9454-43e0-b031-b276b723daf6","queue_position":0,"remaining_count":12,"remaining_count_fp":"12.00","side":"yes","status":"resting","subaccount_number":0,"taker_fees":0,"taker_fill_cost":0,"taker_fill_cost_dollars":"","ticker":"KXBTC15M-26FEB120015-15","type":"limit","user_id":"9527e599-009b-4f8e-9db2-774476f31dd7","yes_price":86,"yes_price_dollars":"0.8600"}}
2026-02-12 00:06:44,558 INFO mm_cancel_order_already_gone ticker=KXBTC15M-26FEB120015-15 kind=buy side=yes order_id=0eba5aed-9454-43e0-b031-b276b723daf6
2026-02-12 00:06:44,559 INFO mm_skip_spread_narrow ticker=KXBTC15M-26FEB120015-15 yes=87/88 no=12/13 min_spread=2
2026-02-12 00:06:44,884 INFO mm_skip_spread_narrow ticker=KXBTC15M-26FEB120015-15 yes=87/88 no=12/13 min_spread=2
2026-02-12 00:06:45,884 INFO mm_skip_spread_narrow ticker=KXBTC15M-26FEB120015-15 yes=87/88 no=12/13 min_spread=2
2026-02-12 00:06:47,886 INFO mm_quote ticker=KXBTC15M-26FEB120015-15 side=no action=buy count=12 price=12 post_only=1 order_response={"order":{"action":"buy","client_order_id":"MM-KXBTC15M-26FEB120015-15-B-N-3d1195c03b","created_time":"2026-02-12T05:06:47.875619Z","expiration_time":null,"fill_count":0,"fill_count_fp":"0.00","initial_count":12,"initial_count_fp":"12.00","last_update_time":"2026-02-12T05:06:47.875619Z","maker_fees":0,"maker_fill_cost":0,"maker_fill_cost_dollars":"","no_price":12,"no_price_dollars":"0.1200","order_group_id":null,"order_id":"39704ee6-b5dd-495f-a257-2261a193a1f2","queue_position":0,"remaining_count":12,"remaining_count_fp":"12.00","side":"no","status":"resting","subaccount_number":0,"taker_fees":0,"taker_fill_cost":0,"taker_fill_cost_dollars":"","ticker":"KXBTC15M-26FEB120015-15","type":"limit","user_id":"9527e599-009b-4f8e-9db2-774476f31dd7","yes_price":88,"yes_price_dollars":"0.8800"}}
2026-02-12 00:06:51,349 INFO mm_skip_spread_narrow ticker=KXBTC15M-26FEB120015-15 yes=87/88 no=12/13 min_spread=2
2026-02-12 00:06:52,707 INFO mm_skip_spread_narrow ticker=KXBTC15M-26FEB120015-15 yes=87/88 no=12/13 min_spread=2
2026-02-12 00:06:53,017 INFO mm_skip_spread_narrow ticker=KXBTC15M-26FEB120015-15 yes=87/88 no=12/13 min_spread=2
2026-02-12 00:06:54,050 INFO mm_skip_spread_narrow ticker=KXBTC15M-26FEB120015-15 yes=87/88 no=12/13 min_spread=2
2026-02-12 00:06:55,051 INFO mm_skip_spread_narrow ticker=KXBTC15M-26FEB120015-15 yes=87/88 no=12/13 min_spread=2
2026-02-12 00:06:56,399 INFO mm_quote ticker=KXBTC15M-26FEB120015-15 side=yes action=buy count=12 price=89 post_only=1 order_response={"order":{"action":"buy","client_order_id":"MM-KXBTC15M-26FEB120015-15-B-Y-00cb994f42","created_time":"2026-02-12T05:06:56.38703Z","expiration_time":null,"fill_count":0,"fill_count_fp":"0.00","initial_count":12,"initial_count_fp":"12.00","last_update_time":"2026-02-12T05:06:56.38703Z","maker_fees":0,"maker_fill_cost":0,"maker_fill_cost_dollars":"","no_price":11,"no_price_dollars":"0.1100","order_group_id":null,"order_id":"1478eedf-a695-4841-bcd3-bc438429aa59","queue_position":0,"remaining_count":12,"remaining_count_fp":"12.00","side":"yes","status":"resting","subaccount_number":0,"taker_fees":0,"taker_fill_cost":0,"taker_fill_cost_dollars":"","ticker":"KXBTC15M-26FEB120015-15","type":"limit","user_id":"9527e599-009b-4f8e-9db2-774476f31dd7","yes_price":89,"yes_price_dollars":"0.8900"}}
2026-02-12 00:06:59,400 INFO mm_skip_spread_narrow ticker=KXBTC15M-26FEB120015-15 yes=90/91 no=9/10 min_spread=2
2026-02-12 00:07:00,073 INFO mm_skip_spread_narrow ticker=KXBTC15M-26FEB120015-15 yes=91/92 no=8/9 min_spread=2
2026-02-12 00:07:01,009 INFO mm_skip_spread_narrow ticker=KXBTC15M-26FEB120015-15 yes=91/92 no=8/9 min_spread=2
2026-02-12 00:07:03,420 INFO mm_skip_spread_narrow ticker=KXBTC15M-26FEB120015-15 yes=91/92 no=8/9 min_spread=2
2026-02-12 00:07:03,422 INFO mm_skip_spread_narrow ticker=KXBTC15M-26FEB120015-15 yes=93/94 no=6/7 min_spread=2
2026-02-12 00:07:04,427 INFO mm_skip_spread_narrow ticker=KXBTC15M-26FEB120015-15 yes=93/94 no=6/7 min_spread=2
2026-02-12 00:07:05,837 INFO mm_skip_spread_narrow ticker=KXBTC15M-26FEB120015-15 yes=93/94 no=6/7 min_spread=2
2026-02-12 00:07:06,505 INFO mm_skip_spread_narrow ticker=KXBTC15M-26FEB120015-15 yes=93/94 no=6/7 min_spread=2
2026-02-12 00:07:08,176 INFO mm_skip_spread_narrow ticker=KXBTC15M-26FEB120015-15 yes=93/94 no=6/7 min_spread=2
2026-02-12 00:07:08,476 INFO mm_skip_spread_narrow ticker=KXBTC15M-26FEB120015-15 yes=93/94 no=6/7 min_spread=2
2026-02-12 00:07:09,444 INFO mm_skip_spread_narrow ticker=KXBTC15M-26FEB120015-15 yes=93/94 no=6/7 min_spread=2
2026-02-12 00:07:10,851 INFO mm_skip_spread_narrow ticker=KXBTC15M-26FEB120015-15 yes=93/94 no=6/7 min_spread=2
2026-02-12 00:07:11,486 INFO mm_skip_spread_narrow ticker=KXBTC15M-26FEB120015-15 yes=93/94 no=6/7 min_spread=2
2026-02-12 00:07:13,197 INFO mm_skip_spread_narrow ticker=KXBTC15M-26FEB120015-15 yes=93/94 no=6/7 min_spread=2
2026-02-12 00:07:13,457 INFO mm_skip_spread_narrow ticker=KXBTC15M-26FEB120015-15 yes=93/94 no=6/7 min_spread=2
2026-02-12 00:07:15,193 INFO mm_skip_spread_narrow ticker=KXBTC15M-26FEB120015-15 yes=93/94 no=6/7 min_spread=2
2026-02-12 00:07:15,466 INFO mm_skip_spread_narrow ticker=KXBTC15M-26FEB120015-15 yes=93/94 no=6/7 min_spread=2
2026-02-12 00:07:16,469 INFO mm_skip_spread_narrow ticker=KXBTC15M-26FEB120015-15 yes=93/94 no=6/7 min_spread=2
2026-02-12 00:07:18,886 INFO mm_quote ticker=KXBTC15M-26FEB120015-15 side=yes action=buy count=12 price=90 post_only=1 order_response={"order":{"action":"buy","client_order_id":"MM-KXBTC15M-26FEB120015-15-B-Y-fe0cde8e61","created_time":"2026-02-12T05:07:18.876038Z","expiration_time":null,"fill_count":0,"fill_count_fp":"0.00","initial_count":12,"initial_count_fp":"12.00","last_update_time":"2026-02-12T05:07:18.876038Z","maker_fees":0,"maker_fill_cost":0,"maker_fill_cost_dollars":"","no_price":10,"no_price_dollars":"0.1000","order_group_id":null,"order_id":"c5268644-df49-4c76-b456-0fb99cdae6b7","queue_position":0,"remaining_count":12,"remaining_count_fp":"12.00","side":"yes","status":"resting","subaccount_number":0,"taker_fees":0,"taker_fill_cost":0,"taker_fill_cost_dollars":"","ticker":"KXBTC15M-26FEB120015-15","type":"limit","user_id":"9527e599-009b-4f8e-9db2-774476f31dd7","yes_price":90,"yes_price_dollars":"0.9000"}}
2026-02-12 00:07:19,960 INFO mm_skip_spread_narrow ticker=KXBTC15M-26FEB120015-15 yes=93/94 no=6/7 min_spread=2
2026-02-12 00:07:21,300 INFO mm_skip_spread_narrow ticker=KXBTC15M-26FEB120015-15 yes=93/94 no=6/7 min_spread=2
2026-02-12 00:07:21,899 INFO mm_skip_spread_narrow ticker=KXBTC15M-26FEB120015-15 yes=93/94 no=6/7 min_spread=2
2026-02-12 00:07:24,306 INFO mm_quote ticker=KXBTC15M-26FEB120015-15 side=yes action=buy count=12 price=90 post_only=1 order_response={"order":{"action":"buy","client_order_id":"MM-KXBTC15M-26FEB120015-15-B-Y-03dc02eea8","created_time":"2026-02-12T05:07:24.293731Z","expiration_time":null,"fill_count":0,"fill_count_fp":"0.00","initial_count":12,"initial_count_fp":"12.00","last_update_time":"2026-02-12T05:07:24.293731Z","maker_fees":0,"maker_fill_cost":0,"maker_fill_cost_dollars":"","no_price":10,"no_price_dollars":"0.1000","order_group_id":null,"order_id":"a5c7de7c-f738-4231-8d6f-1c37b60a843f","queue_position":0,"remaining_count":12,"remaining_count_fp":"12.00","side":"yes","status":"resting","subaccount_number":0,"taker_fees":0,"taker_fill_cost":0,"taker_fill_cost_dollars":"","ticker":"KXBTC15M-26FEB120015-15","type":"limit","user_id":"9527e599-009b-4f8e-9db2-774476f31dd7","yes_price":90,"yes_price_dollars":"0.9000"}}
2026-02-12 00:07:24,964 INFO mm_skip_spread_narrow ticker=KXBTC15M-26FEB120015-15 yes=92/93 no=7/8 min_spread=2
2026-02-12 00:07:25,313 INFO mm_skip_spread_narrow ticker=KXBTC15M-26FEB120015-15 yes=92/93 no=7/8 min_spread=2
2026-02-12 00:07:26,726 INFO mm_quote ticker=KXBTC15M-26FEB120015-15 side=yes action=buy count=12 price=90 post_only=1 order_response={"order":{"action":"buy","client_order_id":"MM-KXBTC15M-26FEB120015-15-B-Y-aa01fda8e9","created_time":"2026-02-12T05:07:26.716Z","expiration_time":null,"fill_count":0,"fill_count_fp":"0.00","initial_count":12,"initial_count_fp":"12.00","last_update_time":"2026-02-12T05:07:26.716Z","maker_fees":0,"maker_fill_cost":0,"maker_fill_cost_dollars":"","no_price":10,"no_price_dollars":"0.1000","order_group_id":null,"order_id":"76aaa404-98d5-41e5-9566-33b12a09fd31","queue_position":0,"remaining_count":12,"remaining_count_fp":"12.00","side":"yes","status":"resting","subaccount_number":0,"taker_fees":0,"taker_fill_cost":0,"taker_fill_cost_dollars":"","ticker":"KXBTC15M-26FEB120015-15","type":"limit","user_id":"9527e599-009b-4f8e-9db2-774476f31dd7","yes_price":90,"yes_price_dollars":"0.9000"}}
2026-02-12 00:07:28,449 INFO mm_skip_spread_narrow ticker=KXBTC15M-26FEB120015-15 yes=92/93 no=7/8 min_spread=2
2026-02-12 00:07:29,056 INFO mm_skip_spread_narrow ticker=KXBTC15M-26FEB120015-15 yes=93/94 no=6/7 min_spread=2
2026-02-12 00:07:29,456 INFO mm_skip_spread_narrow ticker=KXBTC15M-26FEB120015-15 yes=93/94 no=6/7 min_spread=2
2026-02-12 00:07:30,859 INFO mm_quote ticker=KXBTC15M-26FEB120015-15 side=yes action=buy count=12 price=91 post_only=1 order_response={"order":{"action":"buy","client_order_id":"MM-KXBTC15M-26FEB120015-15-B-Y-65d6d021cd","created_time":"2026-02-12T05:07:30.850014Z","expiration_time":null,"fill_count":0,"fill_count_fp":"0.00","initial_count":12,"initial_count_fp":"12.00","last_update_time":"2026-02-12T05:07:30.850014Z","maker_fees":0,"maker_fill_cost":0,"maker_fill_cost_dollars":"","no_price":9,"no_price_dollars":"0.0900","order_group_id":null,"order_id":"d12d1142-5568-4a56-9a64-50a29de8986b","queue_position":0,"remaining_count":12,"remaining_count_fp":"12.00","side":"yes","status":"resting","subaccount_number":0,"taker_fees":0,"taker_fill_cost":0,"taker_fill_cost_dollars":"","ticker":"KXBTC15M-26FEB120015-15","type":"limit","user_id":"9527e599-009b-4f8e-9db2-774476f31dd7","yes_price":91,"yes_price_dollars":"0.9100"}}
2026-02-12 00:07:34,550 INFO mm_skip_spread_narrow ticker=KXBTC15M-26FEB120015-15 yes=91/92 no=8/9 min_spread=2
2026-02-12 00:07:34,551 INFO mm_skip_spread_narrow ticker=KXBTC15M-26FEB120015-15 yes=91/92 no=8/9 min_spread=2
2026-02-12 00:07:35,634 INFO mm_skip_spread_narrow ticker=KXBTC15M-26FEB120015-15 yes=91/92 no=8/9 min_spread=2
2026-02-12 00:07:37,627 WARNING mm_buy_order_error ticker=KXBTC15M-26FEB120015-15 side=yes price=91 count=12 err=http_error status=400 method=POST path=/portfolio/orders body={"error":{"code":"invalid_order","message":"invalid order","details":"post only cross"}}
2026-02-12 00:07:40,703 INFO mm_quote ticker=KXBTC15M-26FEB120015-15 side=yes action=buy count=12 price=88 post_only=1 order_response={"order":{"action":"buy","client_order_id":"MM-KXBTC15M-26FEB120015-15-B-Y-0e1b5aa3a3","created_time":"2026-02-12T05:07:40.694103Z","expiration_time":null,"fill_count":0,"fill_count_fp":"0.00","initial_count":12,"initial_count_fp":"12.00","last_update_time":"2026-02-12T05:07:40.694103Z","maker_fees":0,"maker_fill_cost":0,"maker_fill_cost_dollars":"","no_price":12,"no_price_dollars":"0.1200","order_group_id":null,"order_id":"27ab6905-90c1-4546-b6c6-e0ec53636b48","queue_position":0,"remaining_count":12,"remaining_count_fp":"12.00","side":"yes","status":"resting","subaccount_number":0,"taker_fees":0,"taker_fill_cost":0,"taker_fill_cost_dollars":"","ticker":"KXBTC15M-26FEB120015-15","type":"limit","user_id":"9527e599-009b-4f8e-9db2-774476f31dd7","yes_price":88,"yes_price_dollars":"0.8800"}}
2026-02-12 00:07:44,451 INFO mm_tp_ioc ticker=KXBTC15M-26FEB120015-15 side=yes action=sell count=10 price=89 reduce_only=1 order_response={"order":{"action":"sell","client_order_id":"MM-KXBTC15M-26FEB120015-15-IOC-Y-8c059d9028","created_time":"2026-02-12T05:07:44.440554Z","expiration_time":null,"fill_count":10,"fill_count_fp":"10.00","initial_count":10,"initial_count_fp":"10.00","last_update_time":"2026-02-12T05:07:44.440554Z","maker_fees":0,"maker_fill_cost":0,"maker_fill_cost_dollars":"","no_price":11,"no_price_dollars":"0.1100","order_group_id":null,"order_id":"3d11b82e-5129-4146-8812-556de327efa3","queue_position":0,"remaining_count":0,"remaining_count_fp":"0.00","side":"yes","status":"executed","subaccount_number":0,"taker_fees":7,"taker_fees_dollars":"0.0700","taker_fill_cost":110,"taker_fill_cost_dollars":"1.1000","ticker":"KXBTC15M-26FEB120015-15","type":"limit","user_id":"9527e599-009b-4f8e-9db2-774476f31dd7","yes_p
2026-02-12 00:07:44,815 INFO mm_cancel_order_already_gone ticker=KXBTC15M-26FEB120015-15 kind=buy side=yes order_id=27ab6905-90c1-4546-b6c6-e0ec53636b48
2026-02-12 00:07:45,160 INFO mm_quote ticker=KXBTC15M-26FEB120015-15 side=no action=buy count=12 price=9 post_only=1 order_response={"order":{"action":"buy","client_order_id":"MM-KXBTC15M-26FEB120015-15-B-N-b8186b8d6f","created_time":"2026-02-12T05:07:45.144962Z","expiration_time":null,"fill_count":0,"fill_count_fp":"0.00","initial_count":12,"initial_count_fp":"12.00","last_update_time":"2026-02-12T05:07:45.144962Z","maker_fees":0,"maker_fill_cost":0,"maker_fill_cost_dollars":"","no_price":9,"no_price_dollars":"0.0900","order_group_id":null,"order_id":"864112cf-0a67-4984-964e-e8bb21321a5f","queue_position":0,"remaining_count":12,"remaining_count_fp":"12.00","side":"no","status":"resting","subaccount_number":0,"taker_fees":0,"taker_fill_cost":0,"taker_fill_cost_dollars":"","ticker":"KXBTC15M-26FEB120015-15","type":"limit","user_id":"9527e599-009b-4f8e-9db2-774476f31dd7","yes_price":91,"yes_price_dollars":"0.9100"}}
2026-02-12 00:07:46,112 INFO mm_tp_ioc ticker=KXBTC15M-26FEB120015-15 side=yes action=sell count=10 price=90 reduce_only=1 order_response={"order":{"action":"sell","client_order_id":"MM-KXBTC15M-26FEB120015-15-IOC-Y-9a3ef5294f","created_time":"2026-02-12T05:07:46.100638Z","expiration_time":null,"fill_count":0,"fill_count_fp":"0.00","initial_count":10,"initial_count_fp":"10.00","last_update_time":"2026-02-12T05:07:46.100638Z","maker_fees":0,"maker_fill_cost":0,"maker_fill_cost_dollars":"","no_price":10,"no_price_dollars":"0.1000","order_group_id":null,"order_id":"4247d15c-3e05-4234-bb0c-64d35f861890","queue_position":0,"remaining_count":0,"remaining_count_fp":"0.00","side":"yes","status":"canceled","subaccount_number":0,"taker_fees":0,"taker_fill_cost":0,"taker_fill_cost_dollars":"","ticker":"KXBTC15M-26FEB120015-15","type":"limit","user_id":"9527e599-009b-4f8e-9db2-774476f31dd7","yes_price":90,"yes_price_dollars":"0.9000"}}
2026-02-12 00:07:47,266 INFO mm_skip_spread_narrow ticker=KXBTC15M-26FEB120015-15 yes=89/90 no=10/11 min_spread=2
2026-02-12 00:07:48,564 INFO mm_skip_spread_narrow ticker=KXBTC15M-26FEB120015-15 yes=89/90 no=10/11 min_spread=2
2026-02-12 00:07:49,909 INFO mm_skip_spread_narrow ticker=KXBTC15M-26FEB120015-15 yes=88/89 no=11/12 min_spread=2
2026-02-12 00:07:50,173 INFO mm_skip_spread_narrow ticker=KXBTC15M-26FEB120015-15 yes=88/89 no=11/12 min_spread=2
2026-02-12 00:07:51,585 INFO mm_quote ticker=KXBTC15M-26FEB120015-15 side=no action=buy count=12 price=10 post_only=1 order_response={"order":{"action":"buy","client_order_id":"MM-KXBTC15M-26FEB120015-15-B-N-d32e181f2e","created_time":"2026-02-12T05:07:51.577344Z","expiration_time":null,"fill_count":0,"fill_count_fp":"0.00","initial_count":12,"initial_count_fp":"12.00","last_update_time":"2026-02-12T05:07:51.577344Z","maker_fees":0,"maker_fill_cost":0,"maker_fill_cost_dollars":"","no_price":10,"no_price_dollars":"0.1000","order_group_id":null,"order_id":"d3cd9949-377e-41d5-8f39-ff6267e70913","queue_position":0,"remaining_count":12,"remaining_count_fp":"12.00","side":"no","status":"resting","subaccount_number":0,"taker_fees":0,"taker_fill_cost":0,"taker_fill_cost_dollars":"","ticker":"KXBTC15M-26FEB120015-15","type":"limit","user_id":"9527e599-009b-4f8e-9db2-774476f31dd7","yes_price":90,"yes_price_dollars":"0.9000"}}
2026-02-12 00:07:52,925 INFO mm_skip_spread_narrow ticker=KXBTC15M-26FEB120015-15 yes=89/90 no=10/11 min_spread=2
2026-02-12 00:07:53,272 INFO mm_skip_spread_narrow ticker=KXBTC15M-26FEB120015-15 yes=89/90 no=10/11 min_spread=2
2026-02-12 00:07:54,249 INFO mm_skip_spread_narrow ticker=KXBTC15M-26FEB120015-15 yes=89/90 no=10/11 min_spread=2
2026-02-12 00:07:55,928 INFO mm_skip_spread_narrow ticker=KXBTC15M-26FEB120015-15 yes=89/90 no=10/11 min_spread=2
2026-02-12 00:07:56,195 INFO mm_skip_spread_narrow ticker=KXBTC15M-26FEB120015-15 yes=89/90 no=10/11 min_spread=2
2026-02-12 00:07:57,604 INFO mm_quote ticker=KXBTC15M-26FEB120015-15 side=no action=buy count=12 price=9 post_only=1 order_response={"order":{"action":"buy","client_order_id":"MM-KXBTC15M-26FEB120015-15-B-N-b1a07a9f2e","created_time":"2026-02-12T05:07:57.593971Z","expiration_time":null,"fill_count":0,"fill_count_fp":"0.00","initial_count":12,"initial_count_fp":"12.00","last_update_time":"2026-02-12T05:07:57.593971Z","maker_fees":0,"maker_fill_cost":0,"maker_fill_cost_dollars":"","no_price":9,"no_price_dollars":"0.0900","order_group_id":null,"order_id":"a012358b-f042-43b4-9ea3-c162f6e0c50f","queue_position":0,"remaining_count":12,"remaining_count_fp":"12.00","side":"no","status":"resting","subaccount_number":0,"taker_fees":0,"taker_fill_cost":0,"taker_fill_cost_dollars":"","ticker":"KXBTC15M-26FEB120015-15","type":"limit","user_id":"9527e599-009b-4f8e-9db2-774476f31dd7","yes_price":91,"yes_price_dollars":"0.9100"}}
2026-02-12 00:07:59,329 INFO mm_skip_spread_narrow ticker=KXBTC15M-26FEB120015-15 yes=89/90 no=10/11 min_spread=2
2026-02-12 00:08:00,283 INFO mm_quote ticker=KXBTC15M-26FEB120015-15 side=no action=buy count=12 price=9 post_only=1 order_response={"order":{"action":"buy","client_order_id":"MM-KXBTC15M-26FEB120015-15-B-N-049c9edc69","created_time":"2026-02-12T05:08:00.271149Z","expiration_time":null,"fill_count":0,"fill_count_fp":"0.00","initial_count":12,"initial_count_fp":"12.00","last_update_time":"2026-02-12T05:08:00.271149Z","maker_fees":0,"maker_fill_cost":0,"maker_fill_cost_dollars":"","no_price":9,"no_price_dollars":"0.0900","order_group_id":null,"order_id":"8a1bab3c-af80-4bc1-b33d-860776916a30","queue_position":0,"remaining_count":12,"remaining_count_fp":"12.00","side":"no","status":"resting","subaccount_number":0,"taker_fees":0,"taker_fill_cost":0,"taker_fill_cost_dollars":"","ticker":"KXBTC15M-26FEB120015-15","type":"limit","user_id":"9527e599-009b-4f8e-9db2-774476f31dd7","yes_price":91,"yes_price_dollars":"0.9100"}}
2026-02-12 00:08:05,033 INFO mm_cancel_order_already_gone ticker=KXBTC15M-26FEB120015-15 kind=buy side=no order_id=8a1bab3c-af80-4bc1-b33d-860776916a30
2026-02-12 00:08:05,034 INFO mm_skip_spread_narrow ticker=KXBTC15M-26FEB120015-15 yes=89/90 no=10/11 min_spread=2
2026-02-12 00:08:05,304 INFO mm_skip_spread_narrow ticker=KXBTC15M-26FEB120015-15 yes=89/90 no=10/11 min_spread=2
2026-02-12 00:08:07,385 INFO mm_skip_spread_narrow ticker=KXBTC15M-26FEB120015-15 yes=89/90 no=10/11 min_spread=2
2026-02-12 00:08:08,042 INFO mm_quote ticker=KXBTC15M-26FEB120015-15 side=yes action=buy count=12 price=88 post_only=1 order_response={"order":{"action":"buy","client_order_id":"MM-KXBTC15M-26FEB120015-15-B-Y-3e223f84b8","created_time":"2026-02-12T05:08:08.033052Z","expiration_time":null,"fill_count":0,"fill_count_fp":"0.00","initial_count":12,"initial_count_fp":"12.00","last_update_time":"2026-02-12T05:08:08.033052Z","maker_fees":0,"maker_fill_cost":0,"maker_fill_cost_dollars":"","no_price":12,"no_price_dollars":"0.1200","order_group_id":null,"order_id":"8c8f3579-2869-4d6e-a3be-c36c61e0f6e1","queue_position":0,"remaining_count":12,"remaining_count_fp":"12.00","side":"yes","status":"resting","subaccount_number":0,"taker_fees":0,"taker_fill_cost":0,"taker_fill_cost_dollars":"","ticker":"KXBTC15M-26FEB120015-15","type":"limit","user_id":"9527e599-009b-4f8e-9db2-774476f31dd7","yes_price":88,"yes_price_dollars":"0.8800"}}
2026-02-12 00:08:11,460 INFO mm_skip_spread_narrow ticker=KXBTC15M-26FEB120015-15 yes=88/89 no=11/12 min_spread=2
2026-02-12 00:08:12,470 INFO mm_quote ticker=KXBTC15M-26FEB120015-15 side=yes action=buy count=12 price=89 post_only=1 order_response={"order":{"action":"buy","client_order_id":"MM-KXBTC15M-26FEB120015-15-B-Y-b36822848d","created_time":"2026-02-12T05:08:12.461716Z","expiration_time":null,"fill_count":0,"fill_count_fp":"0.00","initial_count":12,"initial_count_fp":"12.00","last_update_time":"2026-02-12T05:08:12.461716Z","maker_fees":0,"maker_fill_cost":0,"maker_fill_cost_dollars":"","no_price":11,"no_price_dollars":"0.1100","order_group_id":null,"order_id":"2307c27f-9fdc-468a-a74e-0674e63d2a71","queue_position":0,"remaining_count":12,"remaining_count_fp":"12.00","side":"yes","status":"resting","subaccount_number":0,"taker_fees":0,"taker_fill_cost":0,"taker_fill_cost_dollars":"","ticker":"KXBTC15M-26FEB120015-15","type":"limit","user_id":"9527e599-009b-4f8e-9db2-774476f31dd7","yes_price":89,"yes_price_dollars":"0.8900"}}
2026-02-12 00:08:14,661 INFO mm_skip_spread_narrow ticker=KXBTC15M-26FEB120015-15 yes=89/90 no=10/11 min_spread=2
2026-02-12 00:08:15,274 INFO mm_skip_spread_narrow ticker=KXBTC15M-26FEB120015-15 yes=89/90 no=10/11 min_spread=2
2026-02-12 00:08:15,871 INFO mm_skip_spread_narrow ticker=KXBTC15M-26FEB120015-15 yes=89/90 no=10/11 min_spread=2
2026-02-12 00:08:17,618 INFO mm_skip_spread_narrow ticker=KXBTC15M-26FEB120015-15 yes=89/90 no=10/11 min_spread=2
2026-02-12 00:08:17,874 INFO mm_skip_spread_narrow ticker=KXBTC15M-26FEB120015-15 yes=88/89 no=11/12 min_spread=2
2026-02-12 00:08:18,945 INFO mm_skip_spread_narrow ticker=KXBTC15M-26FEB120015-15 yes=86/87 no=13/14 min_spread=2
2026-02-12 00:08:20,634 INFO mm_skip_spread_narrow ticker=KXBTC15M-26FEB120015-15 yes=84/85 no=15/16 min_spread=2
2026-02-12 00:08:20,889 INFO mm_skip_spread_narrow ticker=KXBTC15M-26FEB120015-15 yes=84/85 no=15/16 min_spread=2
2026-02-12 00:08:21,890 INFO mm_skip_spread_narrow ticker=KXBTC15M-26FEB120015-15 yes=84/85 no=15/16 min_spread=2
2026-02-12 00:08:24,293 INFO mm_quote ticker=KXBTC15M-26FEB120015-15 side=yes action=buy count=12 price=84 post_only=1 order_response={"order":{"action":"buy","client_order_id":"MM-KXBTC15M-26FEB120015-15-B-Y-593162a038","created_time":"2026-02-12T05:08:24.282291Z","expiration_time":null,"fill_count":0,"fill_count_fp":"0.00","initial_count":12,"initial_count_fp":"12.00","last_update_time":"2026-02-12T05:08:24.282291Z","maker_fees":0,"maker_fill_cost":0,"maker_fill_cost_dollars":"","no_price":16,"no_price_dollars":"0.1600","order_group_id":null,"order_id":"97d64948-7057-425d-8434-a52409b69b88","queue_position":0,"remaining_count":12,"remaining_count_fp":"12.00","side":"yes","status":"resting","subaccount_number":0,"taker_fees":0,"taker_fill_cost":0,"taker_fill_cost_dollars":"","ticker":"KXBTC15M-26FEB120015-15","type":"limit","user_id":"9527e599-009b-4f8e-9db2-774476f31dd7","yes_price":84,"yes_price_dollars":"0.8400"}}
2026-02-12 00:08:27,038 INFO mm_cancel_order_already_gone ticker=KXBTC15M-26FEB120015-15 kind=buy side=yes order_id=97d64948-7057-425d-8434-a52409b69b88
2026-02-12 00:08:27,372 INFO mm_quote ticker=KXBTC15M-26FEB120015-15 side=yes action=buy count=12 price=77 post_only=1 order_response={"order":{"action":"buy","client_order_id":"MM-KXBTC15M-26FEB120015-15-B-Y-56e16b3a66","created_time":"2026-02-12T05:08:27.364254Z","expiration_time":null,"fill_count":0,"fill_count_fp":"0.00","initial_count":12,"initial_count_fp":"12.00","last_update_time":"2026-02-12T05:08:27.364254Z","maker_fees":0,"maker_fill_cost":0,"maker_fill_cost_dollars":"","no_price":23,"no_price_dollars":"0.2300","order_group_id":null,"order_id":"ef8d008b-6f08-49cc-8145-718613d1e3c5","queue_position":0,"remaining_count":12,"remaining_count_fp":"12.00","side":"yes","status":"resting","subaccount_number":0,"taker_fees":0,"taker_fill_cost":0,"taker_fill_cost_dollars":"","ticker":"KXBTC15M-26FEB120015-15","type":"limit","user_id":"9527e599-009b-4f8e-9db2-774476f31dd7","yes_price":77,"yes_price_dollars":"0.7700"}}
2026-02-12 00:08:29,452 INFO mm_skip_spread_narrow ticker=KXBTC15M-26FEB120015-15 yes=77/78 no=22/23 min_spread=2
2026-02-12 00:08:30,183 INFO mm_quote ticker=KXBTC15M-26FEB120015-15 side=no action=buy count=12 price=22 post_only=1 order_response={"order":{"action":"buy","client_order_id":"MM-KXBTC15M-26FEB120015-15-B-N-a36cbe4a8e","created_time":"2026-02-12T05:08:30.16371Z","expiration_time":null,"fill_count":0,"fill_count_fp":"0.00","initial_count":12,"initial_count_fp":"12.00","last_update_time":"2026-02-12T05:08:30.16371Z","maker_fees":0,"maker_fill_cost":0,"maker_fill_cost_dollars":"","no_price":22,"no_price_dollars":"0.2200","order_group_id":null,"order_id":"1a57c6e2-168e-4cad-a186-e26fda162324","queue_position":0,"remaining_count":12,"remaining_count_fp":"12.00","side":"no","status":"resting","subaccount_number":0,"taker_fees":0,"taker_fill_cost":0,"taker_fill_cost_dollars":"","ticker":"KXBTC15M-26FEB120015-15","type":"limit","user_id":"9527e599-009b-4f8e-9db2-774476f31dd7","yes_price":78,"yes_price_dollars":"0.7800"}}
2026-02-12 00:08:30,521 INFO mm_skip_spread_narrow ticker=KXBTC15M-26FEB120015-15 yes=75/76 no=24/25 min_spread=2
2026-02-12 00:08:31,879 INFO mm_skip_spread_narrow ticker=KXBTC15M-26FEB120015-15 yes=74/75 no=25/26 min_spread=2
2026-02-12 00:08:33,196 INFO mm_quote ticker=KXBTC15M-26FEB120015-15 side=no action=buy count=12 price=30 post_only=1 order_response={"order":{"action":"buy","client_order_id":"MM-KXBTC15M-26FEB120015-15-B-N-98a3fbba63","created_time":"2026-02-12T05:08:33.18752Z","expiration_time":null,"fill_count":0,"fill_count_fp":"0.00","initial_count":12,"initial_count_fp":"12.00","last_update_time":"2026-02-12T05:08:33.18752Z","maker_fees":0,"maker_fill_cost":0,"maker_fill_cost_dollars":"","no_price":30,"no_price_dollars":"0.3000","order_group_id":null,"order_id":"1fbe077d-c18d-4e6e-8a04-a21068c6cbed","queue_position":0,"remaining_count":12,"remaining_count_fp":"12.00","side":"no","status":"resting","subaccount_number":0,"taker_fees":0,"taker_fill_cost":0,"taker_fill_cost_dollars":"","ticker":"KXBTC15M-26FEB120015-15","type":"limit","user_id":"9527e599-009b-4f8e-9db2-774476f31dd7","yes_price":70,"yes_price_dollars":"0.7000"}}
2026-02-12 00:08:36,973 INFO mm_quote ticker=KXBTC15M-26FEB120015-15 side=no action=buy count=12 price=32 post_only=1 order_response={"order":{"action":"buy","client_order_id":"MM-KXBTC15M-26FEB120015-15-B-N-050ef9b4bd","created_time":"2026-02-12T05:08:36.960943Z","expiration_time":null,"fill_count":0,"fill_count_fp":"0.00","initial_count":12,"initial_count_fp":"12.00","last_update_time":"2026-02-12T05:08:36.960943Z","maker_fees":0,"maker_fill_cost":0,"maker_fill_cost_dollars":"","no_price":32,"no_price_dollars":"0.3200","order_group_id":null,"order_id":"38ba3d6a-40df-4268-a26f-f18f24a84dec","queue_position":0,"remaining_count":12,"remaining_count_fp":"12.00","side":"no","status":"resting","subaccount_number":0,"taker_fees":0,"taker_fill_cost":0,"taker_fill_cost_dollars":"","ticker":"KXBTC15M-26FEB120015-15","type":"limit","user_id":"9527e599-009b-4f8e-9db2-774476f31dd7","yes_price":68,"yes_price_dollars":"0.6800"}}
2026-02-12 00:08:37,620 INFO mm_skip_spread_narrow ticker=KXBTC15M-26FEB120015-15 yes=60/61 no=39/40 min_spread=2
2026-02-12 00:08:38,424 INFO mm_quote ticker=KXBTC15M-26FEB120015-15 side=no action=buy count=12 price=39 post_only=1 order_response={"order":{"action":"buy","client_order_id":"MM-KXBTC15M-26FEB120015-15-B-N-3c2f50d338","created_time":"2026-02-12T05:08:38.417119Z","expiration_time":null,"fill_count":0,"fill_count_fp":"0.00","initial_count":12,"initial_count_fp":"12.00","last_update_time":"2026-02-12T05:08:38.417119Z","maker_fees":0,"maker_fill_cost":0,"maker_fill_cost_dollars":"","no_price":39,"no_price_dollars":"0.3900","order_group_id":null,"order_id":"80766085-a74d-48ac-a58d-d5dc407fe5dc","queue_position":0,"remaining_count":12,"remaining_count_fp":"12.00","side":"no","status":"resting","subaccount_number":0,"taker_fees":0,"taker_fill_cost":0,"taker_fill_cost_dollars":"","ticker":"KXBTC15M-26FEB120015-15","type":"limit","user_id":"9527e599-009b-4f8e-9db2-774476f31dd7","yes_price":61,"yes_price_dollars":"0.6100"}}
2026-02-12 00:08:43,388 INFO mm_cancel_order_already_gone ticker=KXBTC15M-26FEB120015-15 kind=buy side=no order_id=80766085-a74d-48ac-a58d-d5dc407fe5dc
2026-02-12 00:08:43,736 WARNING mm_buy_order_error ticker=KXBTC15M-26FEB120015-15 side=no price=34 count=12 err=http_error status=400 method=POST path=/portfolio/orders body={"error":{"code":"invalid_order","message":"invalid order","details":"post only cross"}}
2026-02-12 00:08:46,070 INFO mm_quote ticker=KXBTC15M-26FEB120015-15 side=yes action=buy count=12 price=67 post_only=1 order_response={"order":{"action":"buy","client_order_id":"MM-KXBTC15M-26FEB120015-15-B-Y-b70ed1cce3","created_time":"2026-02-12T05:08:46.061677Z","expiration_time":null,"fill_count":0,"fill_count_fp":"0.00","initial_count":12,"initial_count_fp":"12.00","last_update_time":"2026-02-12T05:08:46.061677Z","maker_fees":0,"maker_fill_cost":0,"maker_fill_cost_dollars":"","no_price":33,"no_price_dollars":"0.3300","order_group_id":null,"order_id":"d643f170-abd8-49c2-a850-656e6a0a591a","queue_position":0,"remaining_count":12,"remaining_count_fp":"12.00","side":"yes","status":"resting","subaccount_number":0,"taker_fees":0,"taker_fill_cost":0,"taker_fill_cost_dollars":"","ticker":"KXBTC15M-26FEB120015-15","type":"limit","user_id":"9527e599-009b-4f8e-9db2-774476f31dd7","yes_price":67,"yes_price_dollars":"0.6700"}}
2026-02-12 00:08:49,142 INFO mm_cancel_order_already_gone ticker=KXBTC15M-26FEB120015-15 kind=buy side=yes order_id=d643f170-abd8-49c2-a850-656e6a0a591a
2026-02-12 00:08:49,475 WARNING mm_buy_order_error ticker=KXBTC15M-26FEB120015-15 side=no price=30 count=12 err=http_error status=400 method=POST path=/portfolio/orders body={"error":{"code":"invalid_order","message":"invalid order","details":"post only cross"}}
2026-02-12 00:08:50,157 INFO mm_skip_spread_narrow ticker=KXBTC15M-26FEB120015-15 yes=71/72 no=28/29 min_spread=2
2026-02-12 00:08:53,569 INFO mm_quote ticker=KXBTC15M-26FEB120015-15 side=no action=buy count=12 price=24 post_only=1 order_response={"order":{"action":"buy","client_order_id":"MM-KXBTC15M-26FEB120015-15-B-N-e97aed89e7","created_time":"2026-02-12T05:08:53.554942Z","expiration_time":null,"fill_count":0,"fill_count_fp":"0.00","initial_count":12,"initial_count_fp":"12.00","last_update_time":"2026-02-12T05:08:53.554942Z","maker_fees":0,"maker_fill_cost":0,"maker_fill_cost_dollars":"","no_price":24,"no_price_dollars":"0.2400","order_group_id":null,"order_id":"3707fd1a-d3de-4730-ad2e-fa79dda976f1","queue_position":0,"remaining_count":12,"remaining_count_fp":"12.00","side":"no","status":"resting","subaccount_number":0,"taker_fees":0,"taker_fill_cost":0,"taker_fill_cost_dollars":"","ticker":"KXBTC15M-26FEB120015-15","type":"limit","user_id":"9527e599-009b-4f8e-9db2-774476f31dd7","yes_price":76,"yes_price_dollars":"0.7600"}}
2026-02-12 00:08:58,316 INFO mm_skip_spread_narrow ticker=KXBTC15M-26FEB120015-15 yes=72/73 no=27/28 min_spread=2
2026-02-12 00:08:58,650 INFO mm_quote ticker=KXBTC15M-26FEB120015-15 side=no action=buy count=12 price=26 post_only=1 order_response={"order":{"action":"buy","client_order_id":"MM-KXBTC15M-26FEB120015-15-B-N-9c642a30c4","created_time":"2026-02-12T05:08:58.639467Z","expiration_time":null,"fill_count":0,"fill_count_fp":"0.00","initial_count":12,"initial_count_fp":"12.00","last_update_time":"2026-02-12T05:08:58.639467Z","maker_fees":0,"maker_fill_cost":0,"maker_fill_cost_dollars":"","no_price":26,"no_price_dollars":"0.2600","order_group_id":null,"order_id":"276702e3-7005-4117-9543-e0ed77284b9f","queue_position":0,"remaining_count":12,"remaining_count_fp":"12.00","side":"no","status":"resting","subaccount_number":0,"taker_fees":0,"taker_fill_cost":0,"taker_fill_cost_dollars":"","ticker":"KXBTC15M-26FEB120015-15","type":"limit","user_id":"9527e599-009b-4f8e-9db2-774476f31dd7","yes_price":74,"yes_price_dollars":"0.7400"}}
2026-02-12 00:09:01,669 INFO mm_quote ticker=KXBTC15M-26FEB120015-15 side=yes action=buy count=12 price=76 post_only=1 order_response={"order":{"action":"buy","client_order_id":"MM-KXBTC15M-26FEB120015-15-B-Y-a220b6a501","created_time":"2026-02-12T05:09:01.657063Z","expiration_time":null,"fill_count":0,"fill_count_fp":"0.00","initial_count":12,"initial_count_fp":"12.00","last_update_time":"2026-02-12T05:09:01.657063Z","maker_fees":0,"maker_fill_cost":0,"maker_fill_cost_dollars":"","no_price":24,"no_price_dollars":"0.2400","order_group_id":null,"order_id":"b07f2995-a803-4cbc-897d-e04aed0909c5","queue_position":0,"remaining_count":12,"remaining_count_fp":"12.00","side":"yes","status":"resting","subaccount_number":0,"taker_fees":0,"taker_fill_cost":0,"taker_fill_cost_dollars":"","ticker":"KXBTC15M-26FEB120015-15","type":"limit","user_id":"9527e599-009b-4f8e-9db2-774476f31dd7","yes_price":76,"yes_price_dollars":"0.7600"}}
2026-02-12 00:09:01,996 INFO mm_cancel_order_already_gone ticker=KXBTC15M-26FEB120015-15 kind=buy side=no order_id=276702e3-7005-4117-9543-e0ed77284b9f
2026-02-12 00:09:04,002 INFO mm_cancel_order_already_gone ticker=KXBTC15M-26FEB120015-15 kind=buy side=yes order_id=b07f2995-a803-4cbc-897d-e04aed0909c5
2026-02-12 00:09:04,003 INFO mm_skip_spread_narrow ticker=KXBTC15M-26FEB120015-15 yes=76/77 no=23/24 min_spread=2
2026-02-12 00:09:06,014 WARNING mm_buy_order_error ticker=KXBTC15M-26FEB120015-15 side=no price=23 count=12 err=http_error status=400 method=POST path=/portfolio/orders body={"error":{"code":"invalid_order","message":"invalid order","details":"post only cross"}}
2026-02-12 00:09:07,051 INFO mm_skip_spread_narrow ticker=KXBTC15M-26FEB120015-15 yes=79/80 no=20/21 min_spread=2
2026-02-12 00:09:09,769 INFO mm_quote ticker=KXBTC15M-26FEB120015-15 side=no action=buy count=12 price=20 post_only=1 order_response={"order":{"action":"buy","client_order_id":"MM-KXBTC15M-26FEB120015-15-B-N-00d4bd4eae","created_time":"2026-02-12T05:09:09.75963Z","expiration_time":null,"fill_count":0,"fill_count_fp":"0.00","initial_count":12,"initial_count_fp":"12.00","last_update_time":"2026-02-12T05:09:09.75963Z","maker_fees":0,"maker_fill_cost":0,"maker_fill_cost_dollars":"","no_price":20,"no_price_dollars":"0.2000","order_group_id":null,"order_id":"aeff2d10-db4e-4258-b57c-057cf4d36e79","queue_position":0,"remaining_count":12,"remaining_count_fp":"12.00","side":"no","status":"resting","subaccount_number":0,"taker_fees":0,"taker_fill_cost":0,"taker_fill_cost_dollars":"","ticker":"KXBTC15M-26FEB120015-15","type":"limit","user_id":"9527e599-009b-4f8e-9db2-774476f31dd7","yes_price":80,"yes_price_dollars":"0.8000"}}
2026-02-12 00:09:11,116 INFO mm_cancel_order_already_gone ticker=KXBTC15M-26FEB120015-15 kind=buy side=no order_id=aeff2d10-db4e-4258-b57c-057cf4d36e79
2026-02-12 00:09:11,441 INFO mm_quote ticker=KXBTC15M-26FEB120015-15 side=no action=buy count=12 price=18 post_only=1 order_response={"order":{"action":"buy","client_order_id":"MM-KXBTC15M-26FEB120015-15-B-N-5f3c3f47b1","created_time":"2026-02-12T05:09:11.430298Z","expiration_time":null,"fill_count":0,"fill_count_fp":"0.00","initial_count":12,"initial_count_fp":"12.00","last_update_time":"2026-02-12T05:09:11.430298Z","maker_fees":0,"maker_fill_cost":0,"maker_fill_cost_dollars":"","no_price":18,"no_price_dollars":"0.1800","order_group_id":null,"order_id":"af5b5b5d-b842-448d-8e7d-715a16d9234a","queue_position":0,"remaining_count":12,"remaining_count_fp":"12.00","side":"no","status":"resting","subaccount_number":0,"taker_fees":0,"taker_fill_cost":0,"taker_fill_cost_dollars":"","ticker":"KXBTC15M-26FEB120015-15","type":"limit","user_id":"9527e599-009b-4f8e-9db2-774476f31dd7","yes_price":82,"yes_price_dollars":"0.8200"}}
2026-02-12 00:09:14,183 INFO mm_skip_spread_narrow ticker=KXBTC15M-26FEB120015-15 yes=83/84 no=16/17 min_spread=2
2026-02-12 00:09:14,849 INFO mm_skip_spread_narrow ticker=KXBTC15M-26FEB120015-15 yes=83/84 no=16/17 min_spread=2
2026-02-12 00:09:15,929 INFO mm_quote ticker=KXBTC15M-26FEB120015-15 side=yes action=buy count=12 price=84 post_only=1 order_response={"order":{"action":"buy","client_order_id":"MM-KXBTC15M-26FEB120015-15-B-Y-758719d919","created_time":"2026-02-12T05:09:15.914778Z","expiration_time":null,"fill_count":0,"fill_count_fp":"0.00","initial_count":12,"initial_count_fp":"12.00","last_update_time":"2026-02-12T05:09:15.914778Z","maker_fees":0,"maker_fill_cost":0,"maker_fill_cost_dollars":"","no_price":16,"no_price_dollars":"0.1600","order_group_id":null,"order_id":"72365aca-23a3-4963-874a-30f7d6f61d96","queue_position":0,"remaining_count":12,"remaining_count_fp":"12.00","side":"yes","status":"resting","subaccount_number":0,"taker_fees":0,"taker_fill_cost":0,"taker_fill_cost_dollars":"","ticker":"KXBTC15M-26FEB120015-15","type":"limit","user_id":"9527e599-009b-4f8e-9db2-774476f31dd7","yes_price":84,"yes_price_dollars":"0.8400"}}
2026-02-12 00:09:17,260 INFO mm_skip_spread_narrow ticker=KXBTC15M-26FEB120015-15 yes=85/86 no=14/15 min_spread=2
2026-02-12 00:09:17,602 INFO mm_skip_spread_narrow ticker=KXBTC15M-26FEB120015-15 yes=85/86 no=14/15 min_spread=2
2026-02-12 00:09:18,956 INFO mm_skip_spread_narrow ticker=KXBTC15M-26FEB120015-15 yes=85/86 no=14/15 min_spread=2
2026-02-12 00:09:19,926 INFO mm_quote ticker=KXBTC15M-26FEB120015-15 side=yes action=buy count=12 price=84 post_only=1 order_response={"order":{"action":"buy","client_order_id":"MM-KXBTC15M-26FEB120015-15-B-Y-81af6ede47","created_time":"2026-02-12T05:09:19.916852Z","expiration_time":null,"fill_count":0,"fill_count_fp":"0.00","initial_count":12,"initial_count_fp":"12.00","last_update_time":"2026-02-12T05:09:19.916852Z","maker_fees":0,"maker_fill_cost":0,"maker_fill_cost_dollars":"","no_price":16,"no_price_dollars":"0.1600","order_group_id":null,"order_id":"dbd9a419-a67b-4827-85a1-361c03385014","queue_position":0,"remaining_count":12,"remaining_count_fp":"12.00","side":"yes","status":"resting","subaccount_number":0,"taker_fees":0,"taker_fill_cost":0,"taker_fill_cost_dollars":"","ticker":"KXBTC15M-26FEB120015-15","type":"limit","user_id":"9527e599-009b-4f8e-9db2-774476f31dd7","yes_price":84,"yes_price_dollars":"0.8400"}}
2026-02-12 00:09:21,938 INFO mm_skip_spread_narrow ticker=KXBTC15M-26FEB120015-15 yes=85/86 no=14/15 min_spread=2
2026-02-12 00:09:23,616 INFO mm_quote ticker=KXBTC15M-26FEB120015-15 side=yes action=buy count=12 price=84 post_only=1 order_response={"order":{"action":"buy","client_order_id":"MM-KXBTC15M-26FEB120015-15-B-Y-0f73201e23","created_time":"2026-02-12T05:09:23.607724Z","expiration_time":null,"fill_count":0,"fill_count_fp":"0.00","initial_count":12,"initial_count_fp":"12.00","last_update_time":"2026-02-12T05:09:23.607724Z","maker_fees":0,"maker_fill_cost":0,"maker_fill_cost_dollars":"","no_price":16,"no_price_dollars":"0.1600","order_group_id":null,"order_id":"0635c111-95b3-46aa-b905-db1ab3ccaf96","queue_position":0,"remaining_count":12,"remaining_count_fp":"12.00","side":"yes","status":"resting","subaccount_number":0,"taker_fees":0,"taker_fill_cost":0,"taker_fill_cost_dollars":"","ticker":"KXBTC15M-26FEB120015-15","type":"limit","user_id":"9527e599-009b-4f8e-9db2-774476f31dd7","yes_price":84,"yes_price_dollars":"0.8400"}}
2026-02-12 00:09:25,077 INFO mm_quote ticker=KXBTC15M-26FEB120015-15 side=yes action=buy count=12 price=86 post_only=1 order_response={"order":{"action":"buy","client_order_id":"MM-KXBTC15M-26FEB120015-15-B-Y-fce34dbd81","created_time":"2026-02-12T05:09:25.065792Z","expiration_time":null,"fill_count":0,"fill_count_fp":"0.00","initial_count":12,"initial_count_fp":"12.00","last_update_time":"2026-02-12T05:09:25.065792Z","maker_fees":0,"maker_fill_cost":0,"maker_fill_cost_dollars":"","no_price":14,"no_price_dollars":"0.1400","order_group_id":null,"order_id":"080a8ad2-d3c7-4bec-b25a-bbf0e0d62eda","queue_position":0,"remaining_count":12,"remaining_count_fp":"12.00","side":"yes","status":"resting","subaccount_number":0,"taker_fees":0,"taker_fill_cost":0,"taker_fill_cost_dollars":"","ticker":"KXBTC15M-26FEB120015-15","type":"limit","user_id":"9527e599-009b-4f8e-9db2-774476f31dd7","yes_price":86,"yes_price_dollars":"0.8600"}}
2026-02-12 00:09:27,021 INFO mm_skip_spread_narrow ticker=KXBTC15M-26FEB120015-15 yes=87/88 no=12/13 min_spread=2
2026-02-12 00:09:27,365 INFO mm_skip_spread_narrow ticker=KXBTC15M-26FEB120015-15 yes=87/88 no=12/13 min_spread=2
2026-02-12 00:09:28,108 INFO mm_quote ticker=KXBTC15M-26FEB120015-15 side=yes action=buy count=12 price=86 post_only=1 order_response={"order":{"action":"buy","client_order_id":"MM-KXBTC15M-26FEB120015-15-B-Y-0261714ad2","created_time":"2026-02-12T05:09:28.09659Z","expiration_time":null,"fill_count":0,"fill_count_fp":"0.00","initial_count":12,"initial_count_fp":"12.00","last_update_time":"2026-02-12T05:09:28.09659Z","maker_fees":0,"maker_fill_cost":0,"maker_fill_cost_dollars":"","no_price":14,"no_price_dollars":"0.1400","order_group_id":null,"order_id":"9a2bac49-7fa2-4e97-9cd7-bb9a44cc79fa","queue_position":0,"remaining_count":12,"remaining_count_fp":"12.00","side":"yes","status":"resting","subaccount_number":0,"taker_fees":0,"taker_fill_cost":0,"taker_fill_cost_dollars":"","ticker":"KXBTC15M-26FEB120015-15","type":"limit","user_id":"9527e599-009b-4f8e-9db2-774476f31dd7","yes_price":86,"yes_price_dollars":"0.8600"}}
2026-02-12 00:09:29,768 INFO mm_skip_spread_narrow ticker=KXBTC15M-26FEB120015-15 yes=87/88 no=12/13 min_spread=2
2026-02-12 00:09:30,435 INFO mm_quote ticker=KXBTC15M-26FEB120015-15 side=yes action=buy count=12 price=87 post_only=1 order_response={"order":{"action":"buy","client_order_id":"MM-KXBTC15M-26FEB120015-15-B-Y-64ece841c6","created_time":"2026-02-12T05:09:30.424916Z","expiration_time":null,"fill_count":0,"fill_count_fp":"0.00","initial_count":12,"initial_count_fp":"12.00","last_update_time":"2026-02-12T05:09:30.424916Z","maker_fees":0,"maker_fill_cost":0,"maker_fill_cost_dollars":"","no_price":13,"no_price_dollars":"0.1300","order_group_id":null,"order_id":"778236be-a77b-4d14-a532-d9efb25067e5","queue_position":0,"remaining_count":12,"remaining_count_fp":"12.00","side":"yes","status":"resting","subaccount_number":0,"taker_fees":0,"taker_fill_cost":0,"taker_fill_cost_dollars":"","ticker":"KXBTC15M-26FEB120015-15","type":"limit","user_id":"9527e599-009b-4f8e-9db2-774476f31dd7","yes_price":87,"yes_price_dollars":"0.8700"}}
2026-02-12 00:09:37,126 INFO mm_quote ticker=KXBTC15M-26FEB120015-15 side=yes action=buy count=12 price=84 post_only=1 order_response={"order":{"action":"buy","client_order_id":"MM-KXBTC15M-26FEB120015-15-B-Y-cc698aac4d","created_time":"2026-02-12T05:09:37.117946Z","expiration_time":null,"fill_count":0,"fill_count_fp":"0.00","initial_count":12,"initial_count_fp":"12.00","last_update_time":"2026-02-12T05:09:37.117946Z","maker_fees":0,"maker_fill_cost":0,"maker_fill_cost_dollars":"","no_price":16,"no_price_dollars":"0.1600","order_group_id":null,"order_id":"75933ad5-91fa-4cc1-9000-d63c828c16fb","queue_position":0,"remaining_count":12,"remaining_count_fp":"12.00","side":"yes","status":"resting","subaccount_number":0,"taker_fees":0,"taker_fill_cost":0,"taker_fill_cost_dollars":"","ticker":"KXBTC15M-26FEB120015-15","type":"limit","user_id":"9527e599-009b-4f8e-9db2-774476f31dd7","yes_price":84,"yes_price_dollars":"0.8400"}}
2026-02-12 00:09:42,217 INFO mm_cancel_order_already_gone ticker=KXBTC15M-26FEB120015-15 kind=buy side=yes order_id=75933ad5-91fa-4cc1-9000-d63c828c16fb
2026-02-12 00:09:42,552 WARNING mm_buy_order_error ticker=KXBTC15M-26FEB120015-15 side=yes price=75 count=12 err=http_error status=400 method=POST path=/portfolio/orders body={"error":{"code":"invalid_order","message":"invalid order","details":"post only cross"}}
2026-02-12 00:09:43,955 INFO mm_quote ticker=KXBTC15M-26FEB120015-15 side=no action=buy count=12 price=31 post_only=1 order_response={"order":{"action":"buy","client_order_id":"MM-KXBTC15M-26FEB120015-15-B-N-b03d83c83b","created_time":"2026-02-12T05:09:43.94369Z","expiration_time":null,"fill_count":0,"fill_count_fp":"0.00","initial_count":12,"initial_count_fp":"12.00","last_update_time":"2026-02-12T05:09:43.94369Z","maker_fees":0,"maker_fill_cost":0,"maker_fill_cost_dollars":"","no_price":31,"no_price_dollars":"0.3100","order_group_id":null,"order_id":"e8fd4298-a7eb-46d5-80a6-1e8b2d2f219f","queue_position":0,"remaining_count":12,"remaining_count_fp":"12.00","side":"no","status":"resting","subaccount_number":0,"taker_fees":0,"taker_fill_cost":0,"taker_fill_cost_dollars":"","ticker":"KXBTC15M-26FEB120015-15","type":"limit","user_id":"9527e599-009b-4f8e-9db2-774476f31dd7","yes_price":69,"yes_price_dollars":"0.6900"}}
2026-02-12 00:09:45,630 INFO mm_quote ticker=KXBTC15M-26FEB120015-15 side=no action=buy count=12 price=33 post_only=1 order_response={"order":{"action":"buy","client_order_id":"MM-KXBTC15M-26FEB120015-15-B-N-3fa6e059a6","created_time":"2026-02-12T05:09:45.617339Z","expiration_time":null,"fill_count":0,"fill_count_fp":"0.00","initial_count":12,"initial_count_fp":"12.00","last_update_time":"2026-02-12T05:09:45.617339Z","maker_fees":0,"maker_fill_cost":0,"maker_fill_cost_dollars":"","no_price":33,"no_price_dollars":"0.3300","order_group_id":null,"order_id":"dd79fc29-b5eb-4e30-ad8b-d5e9566987c8","queue_position":0,"remaining_count":12,"remaining_count_fp":"12.00","side":"no","status":"resting","subaccount_number":0,"taker_fees":0,"taker_fill_cost":0,"taker_fill_cost_dollars":"","ticker":"KXBTC15M-26FEB120015-15","type":"limit","user_id":"9527e599-009b-4f8e-9db2-774476f31dd7","yes_price":67,"yes_price_dollars":"0.6700"}}
2026-02-12 00:09:50,050 INFO mm_quote ticker=KXBTC15M-26FEB120015-15 side=no action=buy count=12 price=35 post_only=1 order_response={"order":{"action":"buy","client_order_id":"MM-KXBTC15M-26FEB120015-15-B-N-061d74bec9","created_time":"2026-02-12T05:09:50.039773Z","expiration_time":null,"fill_count":0,"fill_count_fp":"0.00","initial_count":12,"initial_count_fp":"12.00","last_update_time":"2026-02-12T05:09:50.039773Z","maker_fees":0,"maker_fill_cost":0,"maker_fill_cost_dollars":"","no_price":35,"no_price_dollars":"0.3500","order_group_id":null,"order_id":"5bdf585a-45c9-45b3-a5eb-67f23f519f34","queue_position":0,"remaining_count":12,"remaining_count_fp":"12.00","side":"no","status":"resting","subaccount_number":0,"taker_fees":0,"taker_fill_cost":0,"taker_fill_cost_dollars":"","ticker":"KXBTC15M-26FEB120015-15","type":"limit","user_id":"9527e599-009b-4f8e-9db2-774476f31dd7","yes_price":65,"yes_price_dollars":"0.6500"}}
2026-02-12 00:09:51,720 INFO mm_quote ticker=KXBTC15M-26FEB120015-15 side=no action=buy count=12 price=42 post_only=1 order_response={"order":{"action":"buy","client_order_id":"MM-KXBTC15M-26FEB120015-15-B-N-bae37408a1","created_time":"2026-02-12T05:09:51.707588Z","expiration_time":null,"fill_count":0,"fill_count_fp":"0.00","initial_count":12,"initial_count_fp":"12.00","last_update_time":"2026-02-12T05:09:51.707588Z","maker_fees":0,"maker_fill_cost":0,"maker_fill_cost_dollars":"","no_price":42,"no_price_dollars":"0.4200","order_group_id":null,"order_id":"4619cce5-2b01-49c0-bda8-251d677fe81b","queue_position":0,"remaining_count":12,"remaining_count_fp":"12.00","side":"no","status":"resting","subaccount_number":0,"taker_fees":0,"taker_fill_cost":0,"taker_fill_cost_dollars":"","ticker":"KXBTC15M-26FEB120015-15","type":"limit","user_id":"9527e599-009b-4f8e-9db2-774476f31dd7","yes_price":58,"yes_price_dollars":"0.5800"}}
2026-02-12 00:09:52,724 INFO mm_skip_spread_narrow ticker=KXBTC15M-26FEB120015-15 yes=56/57 no=43/44 min_spread=2
2026-02-12 00:09:53,398 INFO mm_skip_spread_narrow ticker=KXBTC15M-26FEB120015-15 yes=56/57 no=43/44 min_spread=2
2026-02-12 00:09:53,785 INFO mm_skip_spread_narrow ticker=KXBTC15M-26FEB120015-15 yes=56/57 no=43/44 min_spread=2
2026-02-12 00:09:54,807 INFO mm_quote ticker=KXBTC15M-26FEB120015-15 side=no action=buy count=12 price=42 post_only=1 order_response={"order":{"action":"buy","client_order_id":"MM-KXBTC15M-26FEB120015-15-B-N-b9f51b58a8","created_time":"2026-02-12T05:09:54.795438Z","expiration_time":null,"fill_count":0,"fill_count_fp":"0.00","initial_count":12,"initial_count_fp":"12.00","last_update_time":"2026-02-12T05:09:54.795438Z","maker_fees":0,"maker_fill_cost":0,"maker_fill_cost_dollars":"","no_price":42,"no_price_dollars":"0.4200","order_group_id":null,"order_id":"16c93b79-815a-4496-8d50-872dd0a05591","queue_position":0,"remaining_count":12,"remaining_count_fp":"12.00","side":"no","status":"resting","subaccount_number":0,"taker_fees":0,"taker_fill_cost":0,"taker_fill_cost_dollars":"","ticker":"KXBTC15M-26FEB120015-15","type":"limit","user_id":"9527e599-009b-4f8e-9db2-774476f31dd7","yes_price":58,"yes_price_dollars":"0.5800"}}
2026-02-12 00:09:56,197 INFO mm_skip_spread_narrow ticker=KXBTC15M-26FEB120015-15 yes=56/57 no=43/44 min_spread=2
2026-02-12 00:09:58,159 INFO mm_skip_spread_narrow ticker=KXBTC15M-26FEB120015-15 yes=56/57 no=43/44 min_spread=2
2026-02-12 00:09:58,481 INFO mm_quote ticker=KXBTC15M-26FEB120015-15 side=no action=buy count=12 price=49 post_only=1 order_response={"order":{"action":"buy","client_order_id":"MM-KXBTC15M-26FEB120015-15-B-N-148af37d76","created_time":"2026-02-12T05:09:58.468968Z","expiration_time":null,"fill_count":0,"fill_count_fp":"0.00","initial_count":12,"initial_count_fp":"12.00","last_update_time":"2026-02-12T05:09:58.468968Z","maker_fees":0,"maker_fill_cost":0,"maker_fill_cost_dollars":"","no_price":49,"no_price_dollars":"0.4900","order_group_id":null,"order_id":"f086d8aa-db83-41a1-90c4-87b34ad1e060","queue_position":0,"remaining_count":12,"remaining_count_fp":"12.00","side":"no","status":"resting","subaccount_number":0,"taker_fees":0,"taker_fill_cost":0,"taker_fill_cost_dollars":"","ticker":"KXBTC15M-26FEB120015-15","type":"limit","user_id":"9527e599-009b-4f8e-9db2-774476f31dd7","yes_price":51,"yes_price_dollars":"0.5100"}}
2026-02-12 00:10:01,571 INFO mm_cancel_order_already_gone ticker=KXBTC15M-26FEB120015-15 kind=buy side=no order_id=f086d8aa-db83-41a1-90c4-87b34ad1e060
2026-02-12 00:10:01,572 INFO mm_skip_spread_narrow ticker=KXBTC15M-26FEB120015-15 yes=51/52 no=48/49 min_spread=2
2026-02-12 00:10:03,243 INFO mm_quote ticker=KXBTC15M-26FEB120015-15 side=yes action=buy count=12 price=50 post_only=1 order_response={"order":{"action":"buy","client_order_id":"MM-KXBTC15M-26FEB120015-15-B-Y-eb92985256","created_time":"2026-02-12T05:10:03.234653Z","expiration_time":null,"fill_count":0,"fill_count_fp":"0.00","initial_count":12,"initial_count_fp":"12.00","last_update_time":"2026-02-12T05:10:03.234653Z","maker_fees":0,"maker_fill_cost":0,"maker_fill_cost_dollars":"","no_price":50,"no_price_dollars":"0.5000","order_group_id":null,"order_id":"52a5c005-f731-42fa-892c-6e67150f8a7b","queue_position":0,"remaining_count":12,"remaining_count_fp":"12.00","side":"yes","status":"resting","subaccount_number":0,"taker_fees":0,"taker_fill_cost":0,"taker_fill_cost_dollars":"","ticker":"KXBTC15M-26FEB120015-15","type":"limit","user_id":"9527e599-009b-4f8e-9db2-774476f31dd7","yes_price":50,"yes_price_dollars":"0.5000"}}
2026-02-12 00:10:04,307 INFO mm_skip_spread_narrow ticker=KXBTC15M-26FEB120015-15 yes=50/51 no=49/50 min_spread=2
2026-02-12 00:10:05,657 INFO mm_skip_spread_narrow ticker=KXBTC15M-26FEB120015-15 yes=48/49 no=51/52 min_spread=2
2026-02-12 00:10:07,051 INFO mm_quote ticker=KXBTC15M-26FEB120015-15 side=yes action=buy count=12 price=48 post_only=1 order_response={"order":{"action":"buy","client_order_id":"MM-KXBTC15M-26FEB120015-15-B-Y-b4038a60bd","created_time":"2026-02-12T05:10:07.040766Z","expiration_time":null,"fill_count":0,"fill_count_fp":"0.00","initial_count":12,"initial_count_fp":"12.00","last_update_time":"2026-02-12T05:10:07.040766Z","maker_fees":0,"maker_fill_cost":0,"maker_fill_cost_dollars":"","no_price":52,"no_price_dollars":"0.5200","order_group_id":null,"order_id":"3aa0d973-40f7-4a50-a71b-dfe318cf47e9","queue_position":0,"remaining_count":12,"remaining_count_fp":"12.00","side":"yes","status":"resting","subaccount_number":0,"taker_fees":0,"taker_fill_cost":0,"taker_fill_cost_dollars":"","ticker":"KXBTC15M-26FEB120015-15","type":"limit","user_id":"9527e599-009b-4f8e-9db2-774476f31dd7","yes_price":48,"yes_price_dollars":"0.4800"}}
2026-02-12 00:10:12,020 INFO mm_quote ticker=KXBTC15M-26FEB120015-15 side=yes action=buy count=12 price=51 post_only=1 order_response={"order":{"action":"buy","client_order_id":"MM-KXBTC15M-26FEB120015-15-B-Y-734854e466","created_time":"2026-02-12T05:10:12.008682Z","expiration_time":null,"fill_count":0,"fill_count_fp":"0.00","initial_count":12,"initial_count_fp":"12.00","last_update_time":"2026-02-12T05:10:12.008682Z","maker_fees":0,"maker_fill_cost":0,"maker_fill_cost_dollars":"","no_price":49,"no_price_dollars":"0.4900","order_group_id":null,"order_id":"7a87c752-af0b-4513-82c9-7c48cc2002e7","queue_position":0,"remaining_count":12,"remaining_count_fp":"12.00","side":"yes","status":"resting","subaccount_number":0,"taker_fees":0,"taker_fill_cost":0,"taker_fill_cost_dollars":"","ticker":"KXBTC15M-26FEB120015-15","type":"limit","user_id":"9527e599-009b-4f8e-9db2-774476f31dd7","yes_price":51,"yes_price_dollars":"0.5100"}}
2026-02-12 00:10:13,357 INFO mm_cancel_order_already_gone ticker=KXBTC15M-26FEB120015-15 kind=buy side=yes order_id=7a87c752-af0b-4513-82c9-7c48cc2002e7
2026-02-12 00:10:13,682 INFO mm_quote ticker=KXBTC15M-26FEB120015-15 side=yes action=buy count=12 price=48 post_only=1 order_response={"order":{"action":"buy","client_order_id":"MM-KXBTC15M-26FEB120015-15-B-Y-323d4721e2","created_time":"2026-02-12T05:10:13.670873Z","expiration_time":null,"fill_count":0,"fill_count_fp":"0.00","initial_count":12,"initial_count_fp":"12.00","last_update_time":"2026-02-12T05:10:13.670873Z","maker_fees":0,"maker_fill_cost":0,"maker_fill_cost_dollars":"","no_price":52,"no_price_dollars":"0.5200","order_group_id":null,"order_id":"642991cc-c502-4097-93e0-2e92aae7735b","queue_position":0,"remaining_count":12,"remaining_count_fp":"12.00","side":"yes","status":"resting","subaccount_number":0,"taker_fees":0,"taker_fill_cost":0,"taker_fill_cost_dollars":"","ticker":"KXBTC15M-26FEB120015-15","type":"limit","user_id":"9527e599-009b-4f8e-9db2-774476f31dd7","yes_price":48,"yes_price_dollars":"0.4800"}}
2026-02-12 00:10:15,418 INFO mm_quote ticker=KXBTC15M-26FEB120015-15 side=no action=buy count=12 price=45 post_only=1 order_response={"order":{"action":"buy","client_order_id":"MM-KXBTC15M-26FEB120015-15-B-N-87a0ecf914","created_time":"2026-02-12T05:10:15.409122Z","expiration_time":null,"fill_count":0,"fill_count_fp":"0.00","initial_count":12,"initial_count_fp":"12.00","last_update_time":"2026-02-12T05:10:15.409122Z","maker_fees":0,"maker_fill_cost":0,"maker_fill_cost_dollars":"","no_price":45,"no_price_dollars":"0.4500","order_group_id":null,"order_id":"3d378aad-c0ae-4615-923a-2e649f2646b5","queue_position":0,"remaining_count":12,"remaining_count_fp":"12.00","side":"no","status":"resting","subaccount_number":0,"taker_fees":0,"taker_fill_cost":0,"taker_fill_cost_dollars":"","ticker":"KXBTC15M-26FEB120015-15","type":"limit","user_id":"9527e599-009b-4f8e-9db2-774476f31dd7","yes_price":55,"yes_price_dollars":"0.5500"}}
2026-02-12 00:10:18,501 INFO mm_quote ticker=KXBTC15M-26FEB120015-15 side=yes action=buy count=12 price=60 post_only=1 order_response={"order":{"action":"buy","client_order_id":"MM-KXBTC15M-26FEB120015-15-B-Y-1e94d8db92","created_time":"2026-02-12T05:10:18.494526Z","expiration_time":null,"fill_count":0,"fill_count_fp":"0.00","initial_count":12,"initial_count_fp":"12.00","last_update_time":"2026-02-12T05:10:18.494526Z","maker_fees":0,"maker_fill_cost":0,"maker_fill_cost_dollars":"","no_price":40,"no_price_dollars":"0.4000","order_group_id":null,"order_id":"bdfb06e3-a0b2-4813-b320-b3c29db3f237","queue_position":0,"remaining_count":12,"remaining_count_fp":"12.00","side":"yes","status":"resting","subaccount_number":0,"taker_fees":0,"taker_fill_cost":0,"taker_fill_cost_dollars":"","ticker":"KXBTC15M-26FEB120015-15","type":"limit","user_id":"9527e599-009b-4f8e-9db2-774476f31dd7","yes_price":60,"yes_price_dollars":"0.6000"}}
2026-02-12 00:10:18,844 INFO mm_cancel_order_already_gone ticker=KXBTC15M-26FEB120015-15 kind=buy side=no order_id=3d378aad-c0ae-4615-923a-2e649f2646b5
2026-02-12 00:10:19,950 INFO mm_cancel_order_already_gone ticker=KXBTC15M-26FEB120015-15 kind=buy side=yes order_id=bdfb06e3-a0b2-4813-b320-b3c29db3f237
2026-02-12 00:10:20,247 INFO mm_quote ticker=KXBTC15M-26FEB120015-15 side=yes action=buy count=12 price=55 post_only=1 order_response={"order":{"action":"buy","client_order_id":"MM-KXBTC15M-26FEB120015-15-B-Y-da7af35de9","created_time":"2026-02-12T05:10:20.238272Z","expiration_time":null,"fill_count":0,"fill_count_fp":"0.00","initial_count":12,"initial_count_fp":"12.00","last_update_time":"2026-02-12T05:10:20.238272Z","maker_fees":0,"maker_fill_cost":0,"maker_fill_cost_dollars":"","no_price":45,"no_price_dollars":"0.4500","order_group_id":null,"order_id":"b7650f6b-3726-4f76-977f-1ab656dce529","queue_position":0,"remaining_count":12,"remaining_count_fp":"12.00","side":"yes","status":"resting","subaccount_number":0,"taker_fees":0,"taker_fill_cost":0,"taker_fill_cost_dollars":"","ticker":"KXBTC15M-26FEB120015-15","type":"limit","user_id":"9527e599-009b-4f8e-9db2-774476f31dd7","yes_price":55,"yes_price_dollars":"0.5500"}}
2026-02-12 00:10:24,028 INFO mm_quote ticker=KXBTC15M-26FEB120015-15 side=no action=buy count=12 price=42 post_only=1 order_response={"order":{"action":"buy","client_order_id":"MM-KXBTC15M-26FEB120015-15-B-N-385c1ff738","created_time":"2026-02-12T05:10:24.021187Z","expiration_time":null,"fill_count":0,"fill_count_fp":"0.00","initial_count":12,"initial_count_fp":"12.00","last_update_time":"2026-02-12T05:10:24.021187Z","maker_fees":0,"maker_fill_cost":0,"maker_fill_cost_dollars":"","no_price":42,"no_price_dollars":"0.4200","order_group_id":null,"order_id":"4a681979-fccd-4e9b-bf98-da2c1673daf0","queue_position":0,"remaining_count":12,"remaining_count_fp":"12.00","side":"no","status":"resting","subaccount_number":0,"taker_fees":0,"taker_fill_cost":0,"taker_fill_cost_dollars":"","ticker":"KXBTC15M-26FEB120015-15","type":"limit","user_id":"9527e599-009b-4f8e-9db2-774476f31dd7","yes_price":58,"yes_price_dollars":"0.5800"}}
2026-02-12 00:10:25,996 INFO mm_quote ticker=KXBTC15M-26FEB120015-15 side=no action=buy count=12 price=40 post_only=1 order_response={"order":{"action":"buy","client_order_id":"MM-KXBTC15M-26FEB120015-15-B-N-02fb681855","created_time":"2026-02-12T05:10:25.984497Z","expiration_time":null,"fill_count":0,"fill_count_fp":"0.00","initial_count":12,"initial_count_fp":"12.00","last_update_time":"2026-02-12T05:10:25.984497Z","maker_fees":0,"maker_fill_cost":0,"maker_fill_cost_dollars":"","no_price":40,"no_price_dollars":"0.4000","order_group_id":null,"order_id":"2f89779c-7b59-4d89-af66-928dd59711d7","queue_position":0,"remaining_count":12,"remaining_count_fp":"12.00","side":"no","status":"resting","subaccount_number":0,"taker_fees":0,"taker_fill_cost":0,"taker_fill_cost_dollars":"","ticker":"KXBTC15M-26FEB120015-15","type":"limit","user_id":"9527e599-009b-4f8e-9db2-774476f31dd7","yes_price":60,"yes_price_dollars":"0.6000"}}
2026-02-12 00:10:29,169 INFO mm_quote ticker=KXBTC15M-26FEB120015-15 side=yes action=buy count=12 price=60 post_only=1 order_response={"order":{"action":"buy","client_order_id":"MM-KXBTC15M-26FEB120015-15-B-Y-a92d493c1a","created_time":"2026-02-12T05:10:29.161855Z","expiration_time":null,"fill_count":0,"fill_count_fp":"0.00","initial_count":12,"initial_count_fp":"12.00","last_update_time":"2026-02-12T05:10:29.161855Z","maker_fees":0,"maker_fill_cost":0,"maker_fill_cost_dollars":"","no_price":40,"no_price_dollars":"0.4000","order_group_id":null,"order_id":"0de23703-8850-4c77-99f6-231ef5ec982b","queue_position":0,"remaining_count":12,"remaining_count_fp":"12.00","side":"yes","status":"resting","subaccount_number":0,"taker_fees":0,"taker_fill_cost":0,"taker_fill_cost_dollars":"","ticker":"KXBTC15M-26FEB120015-15","type":"limit","user_id":"9527e599-009b-4f8e-9db2-774476f31dd7","yes_price":60,"yes_price_dollars":"0.6000"}}
2026-02-12 00:10:31,907 INFO mm_cancel_order_already_gone ticker=KXBTC15M-26FEB120015-15 kind=buy side=yes order_id=0de23703-8850-4c77-99f6-231ef5ec982b
2026-02-12 00:10:31,908 INFO mm_skip_spread_narrow ticker=KXBTC15M-26FEB120015-15 yes=55/56 no=44/45 min_spread=2
2026-02-12 00:10:32,244 INFO mm_quote ticker=KXBTC15M-26FEB120015-15 side=yes action=buy count=12 price=51 post_only=1 order_response={"order":{"action":"buy","client_order_id":"MM-KXBTC15M-26FEB120015-15-B-Y-bbe684e2ba","created_time":"2026-02-12T05:10:32.233397Z","expiration_time":null,"fill_count":0,"fill_count_fp":"0.00","initial_count":12,"initial_count_fp":"12.00","last_update_time":"2026-02-12T05:10:32.233397Z","maker_fees":0,"maker_fill_cost":0,"maker_fill_cost_dollars":"","no_price":49,"no_price_dollars":"0.4900","order_group_id":null,"order_id":"4830ab7e-1c09-4d39-bab1-be68664a2d6c","queue_position":0,"remaining_count":12,"remaining_count_fp":"12.00","side":"yes","status":"resting","subaccount_number":0,"taker_fees":0,"taker_fill_cost":0,"taker_fill_cost_dollars":"","ticker":"KXBTC15M-26FEB120015-15","type":"limit","user_id":"9527e599-009b-4f8e-9db2-774476f31dd7","yes_price":51,"yes_price_dollars":"0.5100"}}
2026-02-12 00:10:33,918 INFO mm_skip_spread_narrow ticker=KXBTC15M-26FEB120015-15 yes=51/52 no=48/49 min_spread=2
2026-02-12 00:10:34,589 INFO mm_skip_spread_narrow ticker=KXBTC15M-26FEB120015-15 yes=49/50 no=50/51 min_spread=2
2026-02-12 00:10:35,185 INFO mm_skip_spread_narrow ticker=KXBTC15M-26FEB120015-15 yes=49/50 no=50/51 min_spread=2
2026-02-12 00:10:36,262 INFO mm_skip_spread_narrow ticker=KXBTC15M-26FEB120015-15 yes=49/50 no=50/51 min_spread=2
2026-02-12 00:10:37,253 WARNING cancel_all_orders result={"canceled":1,"errors":[]}
2026-02-12 00:10:37,254 CRITICAL kill_switch_triggered reason=hourly_drawdown=0.092 threshold=0.080 regime=mm
2026-02-12 00:10:37,598 WARNING cancel_all_orders result={"canceled":0,"errors":[]}
2026-02-12 00:24:34,486 INFO market_roll old=NONE new=KXBTC15M-26FEB120030-30
2026-02-12 00:24:35,495 INFO position_baseline_set scope=delta_from_start gross=139 net=139
2026-02-12 00:24:36,484 INFO mm_skip_spread_narrow ticker=KXBTC15M-26FEB120030-30 yes=64/66 no=34/36 min_spread=3
2026-02-12 00:24:36,819 INFO performance_write path=/Users/adamcarrington/Documents/3.0 bot/kalshi bot 2.10.26/logs/performance_mm_live_3x15_btc.json payload={"as_of":"2026-02-12T05:24:36Z","ticker":"KXBTC15M-26FEB120030-30","series_ticker":"KXBTC15M","window_minutes":15,"wins":0,"losses":0,"fill_count":0,"slippage_cents":0.0,"adverse_selection_count":0,"adverse_selection_total":0,"adverse_selection_rate":0.0,"last_real_yes_probability":0.65,"last_kalshi_implied_yes_probability":0.65,"edge_threshold":0.08,"order_attempts":0,"order_failures":0,"last_401_epoch":0.0,"regime":"mm","microstructure":{"spread_yes":2,"spread_no":2,"imbalance":-0.6819040423120514,"yes_depth":842,"no_depth":4452,"pinned_state":false,"zero_spread_state":false,"book_age_seconds":0.0649728775024414,"book_stale_seconds":0.06494998931884766},"reference":{"source":"","last_error":"","spot_price":null,"perp_price":null,"coinbase_price":null,"kraken_price":null,"cross_exchange_d
2026-02-12 00:24:36,819 INFO mm_skip_spread_narrow ticker=KXBTC15M-26FEB120030-30 yes=64/65 no=35/36 min_spread=3
