2026-02-11T18:23:22Z operator_start
2026-02-11T18:23:22Z spawned pid=21318
2026-02-11T18:23:22Z bot_log 2026-02-11 13:23:22,393 INFO market_roll old=NONE new=KXBTC15M-26FEB111330-30
2026-02-11T18:23:22Z bot_log 2026-02-11 13:23:22,838 INFO ev_reject ticker=KXBTC15M-26FEB111330-30 side=no mode=snipe ev=-0.570 min_ev=0.200
2026-02-11T18:23:22Z bot_log 2026-02-11 13:23:22,838 INFO performance_write path=/Users/adamcarrington/Documents/3.0 bot/kalshi bot 2.10.26/logs/performance.json payload={"as_of":"2026-02-11T18:23:22Z","ticker":"KXBTC15M-26FEB111330-30","series_ticker":"KXBTC15M","window_minutes":15,"wins":0,"losses":0,"fill_count":0,"slippage_cents":0.0,"adverse_selection_count":0,"adverse_selection_total":0,"adverse_selection_rate":0.0,"last_real_yes_probability":0.5,"last_kalshi_implied_yes_probability":0.945,"edge_threshold":0.05,"order_attempts":0,"order_failures":0,"last_401_epoch":0.0,"regime":"calm","microstructure":{"spread_yes":1,"spread_no":1,"imbalance":-0.2840948726892222,"yes_depth":4105,"no_depth":7363,"pinned_state":false,"zero_spread_state":false,"book_age_seconds":0.01557302474975586,"book_stale_seconds":0.01554107666015625},"reference":{"source":"median_coinbase_kraken","last_error":"","spot_price":66744.1275,"perp_price":null,"coinbase_price":66755.955,
2026-02-11T18:23:23Z bot_log 2026-02-11 13:23:23,853 INFO ev_reject ticker=KXBTC15M-26FEB111330-30 side=no mode=snipe ev=-0.570 min_ev=0.200
2026-02-11T18:23:24Z bot_log 2026-02-11 13:23:24,704 INFO ev_reject ticker=KXBTC15M-26FEB111330-30 side=no mode=snipe ev=-0.570 min_ev=0.200
2026-02-11T18:23:25Z bot_log 2026-02-11 13:23:25,694 INFO ev_reject ticker=KXBTC15M-26FEB111330-30 side=no mode=snipe ev=-0.570 min_ev=0.200
2026-02-11T18:23:26Z bot_log 2026-02-11 13:23:26,749 INFO ev_reject ticker=KXBTC15M-26FEB111330-30 side=no mode=snipe ev=-0.560 min_ev=0.200
2026-02-11T18:23:27Z bot_log 2026-02-11 13:23:27,638 INFO ev_reject ticker=KXBTC15M-26FEB111330-30 side=no mode=snipe ev=-0.560 min_ev=0.200
2026-02-11T18:23:28Z bot_log 2026-02-11 13:23:28,667 INFO ev_reject ticker=KXBTC15M-26FEB111330-30 side=no mode=snipe ev=-0.560 min_ev=0.200
2026-02-11T18:23:29Z bot_log 2026-02-11 13:23:29,901 INFO ev_reject ticker=KXBTC15M-26FEB111330-30 side=no mode=snipe ev=-1.040 min_ev=0.200
2026-02-11T18:23:30Z bot_log 2026-02-11 13:23:30,661 INFO ev_reject ticker=KXBTC15M-26FEB111330-30 side=no mode=snipe ev=-0.448 min_ev=0.200
2026-02-11T18:23:31Z bot_log 2026-02-11 13:23:31,589 INFO ev_reject ticker=KXBTC15M-26FEB111330-30 side=no mode=snipe ev=-0.448 min_ev=0.200
2026-02-11T18:23:32Z bot_log 2026-02-11 13:23:32,936 INFO ev_reject ticker=KXBTC15M-26FEB111330-30 side=no mode=snipe ev=-0.448 min_ev=0.200
2026-02-11T18:23:33Z bot_log 2026-02-11 13:23:33,596 INFO ev_reject ticker=KXBTC15M-26FEB111330-30 side=no mode=snipe ev=-0.448 min_ev=0.200
2026-02-11T18:23:34Z bot_log 2026-02-11 13:23:34,648 INFO ev_reject ticker=KXBTC15M-26FEB111330-30 side=no mode=snipe ev=-0.448 min_ev=0.200
2026-02-11T18:23:35Z bot_log 2026-02-11 13:23:35,785 INFO ev_reject ticker=KXBTC15M-26FEB111330-30 side=no mode=snipe ev=-0.203 min_ev=0.200
2026-02-11T18:23:36Z bot_log 2026-02-11 13:23:36,697 INFO ev_reject ticker=KXBTC15M-26FEB111330-30 side=no mode=snipe ev=-0.203 min_ev=0.200
2026-02-11T18:23:37Z bot_log 2026-02-11 13:23:37,781 INFO ev_reject ticker=KXBTC15M-26FEB111330-30 side=no mode=snipe ev=-0.203 min_ev=0.200
2026-02-11T18:23:38Z bot_log 2026-02-11 13:23:38,928 INFO ev_reject ticker=KXBTC15M-26FEB111330-30 side=no mode=snipe ev=-0.075 min_ev=0.200
2026-02-11T18:23:39Z bot_log 2026-02-11 13:23:39,684 INFO ev_reject ticker=KXBTC15M-26FEB111330-30 side=no mode=snipe ev=-0.075 min_ev=0.200
2026-02-11T18:23:40Z bot_log 2026-02-11 13:23:40,700 INFO ev_reject ticker=KXBTC15M-26FEB111330-30 side=no mode=snipe ev=-0.075 min_ev=0.200
2026-02-11T18:23:41Z bot_log 2026-02-11 13:23:41,961 INFO ev_reject ticker=KXBTC15M-26FEB111330-30 side=no mode=snipe ev=-0.160 min_ev=0.200
2026-02-11T18:23:42Z bot_log 2026-02-11 13:23:42,625 INFO ev_reject ticker=KXBTC15M-26FEB111330-30 side=no mode=snipe ev=-0.160 min_ev=0.200
2026-02-11T18:23:43Z bot_log 2026-02-11 13:23:43,774 INFO ev_reject ticker=KXBTC15M-26FEB111330-30 side=no mode=snipe ev=-0.160 min_ev=0.200
2026-02-11T18:23:44Z bot_log 2026-02-11 13:23:44,755 INFO ev_reject ticker=KXBTC15M-26FEB111330-30 side=no mode=snipe ev=-0.160 min_ev=0.200
2026-02-11T18:23:45Z bot_log 2026-02-11 13:23:45,691 INFO ev_reject ticker=KXBTC15M-26FEB111330-30 side=no mode=snipe ev=-0.160 min_ev=0.200
2026-02-11T18:23:46Z bot_log 2026-02-11 13:23:46,669 INFO ev_reject ticker=KXBTC15M-26FEB111330-30 side=no mode=snipe ev=-0.504 min_ev=0.200
2026-02-11T18:23:47Z bot_log 2026-02-11 13:23:47,732 INFO ev_reject ticker=KXBTC15M-26FEB111330-30 side=no mode=snipe ev=-0.308 min_ev=0.200
2026-02-11T18:23:48Z bot_log 2026-02-11 13:23:48,654 INFO ev_reject ticker=KXBTC15M-26FEB111330-30 side=no mode=snipe ev=-0.965 min_ev=0.200
2026-02-11T18:23:49Z bot_log 2026-02-11 13:23:49,819 INFO ev_reject ticker=KXBTC15M-26FEB111330-30 side=no mode=snipe ev=-0.965 min_ev=0.200
2026-02-11T18:23:50Z bot_log 2026-02-11 13:23:50,808 INFO ev_reject ticker=KXBTC15M-26FEB111330-30 side=no mode=snipe ev=-0.308 min_ev=0.200
2026-02-11T18:23:51Z bot_log 2026-02-11 13:23:51,705 INFO ev_reject ticker=KXBTC15M-26FEB111330-30 side=no mode=snipe ev=-0.308 min_ev=0.200
2026-02-11T18:23:52Z bot_log 2026-02-11 13:23:52,729 INFO ev_reject ticker=KXBTC15M-26FEB111330-30 side=no mode=snipe ev=-0.308 min_ev=0.200
2026-02-11T18:23:53Z bot_log 2026-02-11 13:23:53,971 INFO ev_reject ticker=KXBTC15M-26FEB111330-30 side=no mode=snipe ev=-0.293 min_ev=0.200
2026-02-11T18:23:54Z bot_log 2026-02-11 13:23:54,723 INFO ev_reject ticker=KXBTC15M-26FEB111330-30 side=no mode=snipe ev=-0.293 min_ev=0.200
2026-02-11T18:23:55Z bot_log 2026-02-11 13:23:55,752 INFO ev_reject ticker=KXBTC15M-26FEB111330-30 side=no mode=snipe ev=-0.304 min_ev=0.200
2026-02-11T18:23:56Z bot_log 2026-02-11 13:23:56,673 INFO ev_reject ticker=KXBTC15M-26FEB111330-30 side=no mode=snipe ev=-0.523 min_ev=0.200
2026-02-11T18:23:57Z bot_log 2026-02-11 13:23:57,691 INFO ev_reject ticker=KXBTC15M-26FEB111330-30 side=no mode=snipe ev=-0.523 min_ev=0.200
2026-02-11T18:23:58Z bot_log 2026-02-11 13:23:58,755 INFO ev_reject ticker=KXBTC15M-26FEB111330-30 side=no mode=snipe ev=-1.043 min_ev=0.200
2026-02-11T18:24:00Z bot_log 2026-02-11 13:24:00,032 INFO ev_reject ticker=KXBTC15M-26FEB111330-30 side=no mode=snipe ev=-0.215 min_ev=0.200
2026-02-11T18:24:00Z operator_keyboard_interrupt
